<?xml version="1.0"?>
<!DOCTYPE coverage SYSTEM "http://cobertura.sourceforge.net/xml/coverage-04.dtd">

<coverage line-rate="0.6799779675020655" branch-rate="0.6226415094339622" lines-covered="2469" lines-valid="3631" branches-covered="825" branches-valid="1325" complexity="1.8653846153846154" version="2.1.1" timestamp="1433426471747">
	<sources>
		<source>--source</source>
		<source>C:/Users/Arturo/git/netty/codec-http2/src/main/java</source>
	</sources>
	<packages>
		<package name="io.netty.handler.codec.http2" line-rate="0.6799779675020655" branch-rate="0.6226415094339622" complexity="1.8653846153846154">
			<classes>
				<class name="io.netty.handler.codec.http2.CompressorHttp2ConnectionEncoder" filename="io/netty/handler/codec/http2/CompressorHttp2ConnectionEncoder.java" line-rate="0.801980198019802" branch-rate="0.625" complexity="5.166666666666667">
					<methods>
						<method name="&lt;init&gt;" signature="(Lio/netty/handler/codec/http2/Http2ConnectionEncoder;)V" line-rate="1.0" branch-rate="1.0" complexity="0">
							<lines>
								<line number="51" hits="10" branch="false"/>
								<line number="52" hits="10" branch="false"/>
							</lines>
						</method>
						<method name="&lt;init&gt;" signature="(Lio/netty/handler/codec/http2/Http2ConnectionEncoder;III)V" line-rate="0.7692307692307693" branch-rate="0.5" complexity="0">
							<lines>
								<line number="56" hits="10" branch="false"/>
								<line number="57" hits="10" branch="true" condition-coverage="50% (2/4)">
									<conditions>
										<condition number="0" type="jump" coverage="50%"/>
										<condition number="1" type="jump" coverage="50%"/>
									</conditions>
								</line>
								<line number="58" hits="0" branch="false"/>
								<line number="60" hits="10" branch="true" condition-coverage="50% (2/4)">
									<conditions>
										<condition number="0" type="jump" coverage="50%"/>
										<condition number="1" type="jump" coverage="50%"/>
									</conditions>
								</line>
								<line number="61" hits="0" branch="false"/>
								<line number="63" hits="10" branch="true" condition-coverage="50% (2/4)">
									<conditions>
										<condition number="0" type="jump" coverage="50%"/>
										<condition number="1" type="jump" coverage="50%"/>
									</conditions>
								</line>
								<line number="64" hits="0" branch="false"/>
								<line number="66" hits="10" branch="false"/>
								<line number="67" hits="10" branch="false"/>
								<line number="68" hits="10" branch="false"/>
								<line number="70" hits="10" branch="false"/>
								<line number="71" hits="10" branch="false"/>
								<line number="80" hits="10" branch="false"/>
							</lines>
						</method>
						<method name="access$000" signature="(Lio/netty/handler/codec/http2/CompressorHttp2ConnectionEncoder;)Lio/netty/handler/codec/http2/Http2Connection$PropertyKey;" line-rate="1.0" branch-rate="1.0" complexity="0">
							<lines>
								<line number="40" hits="10" branch="false"/>
							</lines>
						</method>
						<method name="cleanup" signature="(Lio/netty/handler/codec/http2/Http2Stream;Lio/netty/channel/embedded/EmbeddedChannel;)V" line-rate="0.375" branch-rate="0.25" complexity="0">
							<lines>
								<line number="259" hits="4" branch="true" condition-coverage="50% (1/2)">
									<conditions>
										<condition number="0" type="jump" coverage="50%"/>
									</conditions>
								</line>
								<line number="261" hits="0" branch="false"/>
								<line number="262" hits="0" branch="true" condition-coverage="0% (0/2)">
									<conditions>
										<condition number="0" type="jump" coverage="0%"/>
									</conditions>
								</line>
								<line number="263" hits="0" branch="false"/>
								<line number="266" hits="0" branch="false"/>
								<line number="267" hits="0" branch="false"/>
								<line number="269" hits="4" branch="false"/>
								<line number="270" hits="4" branch="false"/>
							</lines>
						</method>
						<method name="getTargetContentEncoding" signature="(Lio/netty/util/ByteString;)Lio/netty/util/ByteString;" line-rate="1.0" branch-rate="1.0" complexity="0">
							<lines>
								<line number="192" hits="4" branch="false"/>
							</lines>
						</method>
						<method name="initCompressor" signature="(ILio/netty/handler/codec/http2/Http2Headers;Z)V" line-rate="0.75" branch-rate="0.5625" complexity="0">
							<lines>
								<line number="213" hits="5" branch="false"/>
								<line number="214" hits="5" branch="true" condition-coverage="50% (1/2)">
									<conditions>
										<condition number="0" type="jump" coverage="50%"/>
									</conditions>
								</line>
								<line number="215" hits="0" branch="false"/>
								<line number="218" hits="5" branch="false"/>
								<line number="219" hits="5" branch="true" condition-coverage="50% (1/2)">
									<conditions>
										<condition number="0" type="jump" coverage="50%"/>
									</conditions>
								</line>
								<line number="220" hits="5" branch="true" condition-coverage="100% (2/2)">
									<conditions>
										<condition number="0" type="jump" coverage="100%"/>
									</conditions>
								</line>
								<line number="221" hits="4" branch="false"/>
								<line number="222" hits="4" branch="true" condition-coverage="50% (1/2)">
									<conditions>
										<condition number="0" type="jump" coverage="50%"/>
									</conditions>
								</line>
								<line number="223" hits="0" branch="false"/>
								<line number="226" hits="4" branch="false"/>
								<line number="227" hits="4" branch="true" condition-coverage="50% (1/2)">
									<conditions>
										<condition number="0" type="jump" coverage="50%"/>
									</conditions>
								</line>
								<line number="228" hits="4" branch="false"/>
								<line number="229" hits="4" branch="false"/>
								<line number="230" hits="4" branch="true" condition-coverage="50% (1/2)">
									<conditions>
										<condition number="0" type="jump" coverage="50%"/>
									</conditions>
								</line>
								<line number="231" hits="0" branch="false"/>
								<line number="233" hits="4" branch="false"/>
								<line number="236" hits="0" branch="false"/>
								<line number="238" hits="4" branch="false"/>
								<line number="239" hits="4" branch="false"/>
								<line number="240" hits="0" branch="true" condition-coverage="0% (0/2)">
									<conditions>
										<condition number="0" type="jump" coverage="0%"/>
									</conditions>
								</line>
								<line number="241" hits="0" branch="false"/>
								<line number="244" hits="5" branch="true" condition-coverage="100% (2/2)">
									<conditions>
										<condition number="0" type="jump" coverage="100%"/>
									</conditions>
								</line>
								<line number="248" hits="4" branch="false"/>
								<line number="250" hits="5" branch="false"/>
							</lines>
						</method>
						<method name="newCompressionChannel" signature="(Lio/netty/handler/codec/compression/ZlibWrapper;)Lio/netty/channel/embedded/EmbeddedChannel;" line-rate="1.0" branch-rate="1.0" complexity="0">
							<lines>
								<line number="200" hits="4" branch="false"/>
							</lines>
						</method>
						<method name="newContentCompressor" signature="(Lio/netty/util/ByteString;)Lio/netty/channel/embedded/EmbeddedChannel;" line-rate="0.8" branch-rate="0.5" complexity="0">
							<lines>
								<line number="173" hits="4" branch="true" condition-coverage="75% (3/4)">
									<conditions>
										<condition number="0" type="jump" coverage="100%"/>
										<condition number="1" type="jump" coverage="50%"/>
									</conditions>
								</line>
								<line number="174" hits="3" branch="false"/>
								<line number="176" hits="1" branch="true" condition-coverage="25% (1/4)">
									<conditions>
										<condition number="0" type="jump" coverage="50%"/>
										<condition number="1" type="jump" coverage="0%"/>
									</conditions>
								</line>
								<line number="177" hits="1" branch="false"/>
								<line number="180" hits="0" branch="false"/>
							</lines>
						</method>
						<method name="nextReadableBuf" signature="(Lio/netty/channel/embedded/EmbeddedChannel;)Lio/netty/buffer/ByteBuf;" line-rate="1.0" branch-rate="1.0" complexity="0">
							<lines>
								<line number="280" hits="17" branch="false"/>
								<line number="281" hits="17" branch="true" condition-coverage="100% (2/2)">
									<conditions>
										<condition number="0" type="jump" coverage="100%"/>
									</conditions>
								</line>
								<line number="282" hits="8" branch="false"/>
								<line number="284" hits="9" branch="true" condition-coverage="100% (2/2)">
									<conditions>
										<condition number="0" type="jump" coverage="100%"/>
									</conditions>
								</line>
								<line number="285" hits="1" branch="false"/>
								<line number="286" hits="1" branch="false"/>
								<line number="288" hits="8" branch="false"/>
							</lines>
						</method>
						<method name="writeData" signature="(Lio/netty/channel/ChannelHandlerContext;ILio/netty/buffer/ByteBuf;IZLio/netty/channel/ChannelPromise;)Lio/netty/channel/ChannelFuture;" line-rate="0.9142857142857143" branch-rate="0.75" complexity="0">
							<lines>
								<line number="85" hits="5" branch="false"/>
								<line number="86" hits="5" branch="true" condition-coverage="50% (1/2)">
									<conditions>
										<condition number="0" type="jump" coverage="50%"/>
									</conditions>
								</line>
								<line number="87" hits="5" branch="true" condition-coverage="50% (1/2)">
									<conditions>
										<condition number="0" type="jump" coverage="50%"/>
									</conditions>
								</line>
								<line number="89" hits="0" branch="false"/>
								<line number="94" hits="5" branch="false"/>
								<line number="95" hits="5" branch="false"/>
								<line number="96" hits="5" branch="true" condition-coverage="100% (2/2)">
									<conditions>
										<condition number="0" type="jump" coverage="100%"/>
									</conditions>
								</line>
								<line number="97" hits="1" branch="true" condition-coverage="50% (1/2)">
									<conditions>
										<condition number="0" type="jump" coverage="50%"/>
									</conditions>
								</line>
								<line number="98" hits="1" branch="true" condition-coverage="50% (1/2)">
									<conditions>
										<condition number="0" type="jump" coverage="50%"/>
									</conditions>
								</line>
								<line number="99" hits="1" branch="false"/>
								<line number="101" hits="1" branch="true" condition-coverage="50% (1/2)">
									<conditions>
										<condition number="0" type="jump" coverage="50%"/>
									</conditions>
								</line>
								<line number="105" hits="0" branch="false"/>
								<line number="106" hits="0" branch="false"/>
								<line number="109" hits="4" branch="false"/>
								<line number="110" hits="4" branch="false"/>
								<line number="111" hits="4" branch="false"/>
								<line number="113" hits="7" branch="false"/>
								<line number="114" hits="7" branch="true" condition-coverage="75% (3/4)">
									<conditions>
										<condition number="0" type="jump" coverage="50%"/>
										<condition number="1" type="jump" coverage="100%"/>
									</conditions>
								</line>
								<line number="115" hits="7" branch="true" condition-coverage="100% (4/4)">
									<conditions>
										<condition number="0" type="jump" coverage="100%"/>
										<condition number="1" type="jump" coverage="100%"/>
									</conditions>
								</line>
								<line number="116" hits="3" branch="false"/>
								<line number="117" hits="3" branch="true" condition-coverage="50% (1/2)">
									<conditions>
										<condition number="0" type="jump" coverage="50%"/>
									</conditions>
								</line>
								<line number="121" hits="7" branch="true" condition-coverage="100% (2/2)">
									<conditions>
										<condition number="0" type="jump" coverage="100%"/>
									</conditions>
								</line>
								<line number="124" hits="3" branch="false"/>
								<line number="125" hits="3" branch="false"/>
								<line number="127" hits="4" branch="false"/>
								<line number="130" hits="7" branch="false"/>
								<line number="131" hits="7" branch="true" condition-coverage="100% (2/2)">
									<conditions>
										<condition number="0" type="jump" coverage="100%"/>
									</conditions>
								</line>
								<line number="132" hits="4" branch="false"/>
								<line number="135" hits="3" branch="false"/>
								<line number="136" hits="3" branch="false"/>
								<line number="137" hits="3" branch="false"/>
								<line number="138" hits="3" branch="false"/>
								<line number="139" hits="4" branch="false"/>
								<line number="141" hits="5" branch="true" condition-coverage="100% (2/2)">
									<conditions>
										<condition number="0" type="jump" coverage="100%"/>
									</conditions>
								</line>
								<line number="142" hits="4" branch="false"/>
							</lines>
						</method>
						<method name="writeHeaders" signature="(Lio/netty/channel/ChannelHandlerContext;ILio/netty/handler/codec/http2/Http2Headers;ISZIZLio/netty/channel/ChannelPromise;)Lio/netty/channel/ChannelFuture;" line-rate="0.0" branch-rate="1.0" complexity="0">
							<lines>
								<line number="158" hits="0" branch="false"/>
								<line number="159" hits="0" branch="false"/>
							</lines>
						</method>
						<method name="writeHeaders" signature="(Lio/netty/channel/ChannelHandlerContext;ILio/netty/handler/codec/http2/Http2Headers;IZLio/netty/channel/ChannelPromise;)Lio/netty/channel/ChannelFuture;" line-rate="1.0" branch-rate="1.0" complexity="0">
							<lines>
								<line number="150" hits="5" branch="false"/>
								<line number="151" hits="5" branch="false"/>
							</lines>
						</method>
					</methods>
					<lines>
						<line number="40" hits="10" branch="false"/>
						<line number="51" hits="10" branch="false"/>
						<line number="52" hits="10" branch="false"/>
						<line number="56" hits="10" branch="false"/>
						<line number="57" hits="10" branch="true" condition-coverage="50% (2/4)">
							<conditions>
								<condition number="0" type="jump" coverage="50%"/>
								<condition number="1" type="jump" coverage="50%"/>
							</conditions>
						</line>
						<line number="58" hits="0" branch="false"/>
						<line number="60" hits="10" branch="true" condition-coverage="50% (2/4)">
							<conditions>
								<condition number="0" type="jump" coverage="50%"/>
								<condition number="1" type="jump" coverage="50%"/>
							</conditions>
						</line>
						<line number="61" hits="0" branch="false"/>
						<line number="63" hits="10" branch="true" condition-coverage="50% (2/4)">
							<conditions>
								<condition number="0" type="jump" coverage="50%"/>
								<condition number="1" type="jump" coverage="50%"/>
							</conditions>
						</line>
						<line number="64" hits="0" branch="false"/>
						<line number="66" hits="10" branch="false"/>
						<line number="67" hits="10" branch="false"/>
						<line number="68" hits="10" branch="false"/>
						<line number="70" hits="10" branch="false"/>
						<line number="71" hits="10" branch="false"/>
						<line number="80" hits="10" branch="false"/>
						<line number="85" hits="5" branch="false"/>
						<line number="86" hits="5" branch="true" condition-coverage="50% (1/2)">
							<conditions>
								<condition number="0" type="jump" coverage="50%"/>
							</conditions>
						</line>
						<line number="87" hits="5" branch="true" condition-coverage="50% (1/2)">
							<conditions>
								<condition number="0" type="jump" coverage="50%"/>
							</conditions>
						</line>
						<line number="89" hits="0" branch="false"/>
						<line number="94" hits="5" branch="false"/>
						<line number="95" hits="5" branch="false"/>
						<line number="96" hits="5" branch="true" condition-coverage="100% (2/2)">
							<conditions>
								<condition number="0" type="jump" coverage="100%"/>
							</conditions>
						</line>
						<line number="97" hits="1" branch="true" condition-coverage="50% (1/2)">
							<conditions>
								<condition number="0" type="jump" coverage="50%"/>
							</conditions>
						</line>
						<line number="98" hits="1" branch="true" condition-coverage="50% (1/2)">
							<conditions>
								<condition number="0" type="jump" coverage="50%"/>
							</conditions>
						</line>
						<line number="99" hits="1" branch="false"/>
						<line number="101" hits="1" branch="true" condition-coverage="50% (1/2)">
							<conditions>
								<condition number="0" type="jump" coverage="50%"/>
							</conditions>
						</line>
						<line number="105" hits="0" branch="false"/>
						<line number="106" hits="0" branch="false"/>
						<line number="109" hits="4" branch="false"/>
						<line number="110" hits="4" branch="false"/>
						<line number="111" hits="4" branch="false"/>
						<line number="113" hits="7" branch="false"/>
						<line number="114" hits="7" branch="true" condition-coverage="75% (3/4)">
							<conditions>
								<condition number="0" type="jump" coverage="50%"/>
								<condition number="1" type="jump" coverage="100%"/>
							</conditions>
						</line>
						<line number="115" hits="7" branch="true" condition-coverage="100% (4/4)">
							<conditions>
								<condition number="0" type="jump" coverage="100%"/>
								<condition number="1" type="jump" coverage="100%"/>
							</conditions>
						</line>
						<line number="116" hits="3" branch="false"/>
						<line number="117" hits="3" branch="true" condition-coverage="50% (1/2)">
							<conditions>
								<condition number="0" type="jump" coverage="50%"/>
							</conditions>
						</line>
						<line number="121" hits="7" branch="true" condition-coverage="100% (2/2)">
							<conditions>
								<condition number="0" type="jump" coverage="100%"/>
							</conditions>
						</line>
						<line number="124" hits="3" branch="false"/>
						<line number="125" hits="3" branch="false"/>
						<line number="127" hits="4" branch="false"/>
						<line number="130" hits="7" branch="false"/>
						<line number="131" hits="7" branch="true" condition-coverage="100% (2/2)">
							<conditions>
								<condition number="0" type="jump" coverage="100%"/>
							</conditions>
						</line>
						<line number="132" hits="4" branch="false"/>
						<line number="135" hits="3" branch="false"/>
						<line number="136" hits="3" branch="false"/>
						<line number="137" hits="3" branch="false"/>
						<line number="138" hits="3" branch="false"/>
						<line number="139" hits="4" branch="false"/>
						<line number="141" hits="5" branch="true" condition-coverage="100% (2/2)">
							<conditions>
								<condition number="0" type="jump" coverage="100%"/>
							</conditions>
						</line>
						<line number="142" hits="4" branch="false"/>
						<line number="150" hits="5" branch="false"/>
						<line number="151" hits="5" branch="false"/>
						<line number="158" hits="0" branch="false"/>
						<line number="159" hits="0" branch="false"/>
						<line number="173" hits="4" branch="true" condition-coverage="75% (3/4)">
							<conditions>
								<condition number="0" type="jump" coverage="100%"/>
								<condition number="1" type="jump" coverage="50%"/>
							</conditions>
						</line>
						<line number="174" hits="3" branch="false"/>
						<line number="176" hits="1" branch="true" condition-coverage="25% (1/4)">
							<conditions>
								<condition number="0" type="jump" coverage="50%"/>
								<condition number="1" type="jump" coverage="0%"/>
							</conditions>
						</line>
						<line number="177" hits="1" branch="false"/>
						<line number="180" hits="0" branch="false"/>
						<line number="192" hits="4" branch="false"/>
						<line number="200" hits="4" branch="false"/>
						<line number="213" hits="5" branch="false"/>
						<line number="214" hits="5" branch="true" condition-coverage="50% (1/2)">
							<conditions>
								<condition number="0" type="jump" coverage="50%"/>
							</conditions>
						</line>
						<line number="215" hits="0" branch="false"/>
						<line number="218" hits="5" branch="false"/>
						<line number="219" hits="5" branch="true" condition-coverage="50% (1/2)">
							<conditions>
								<condition number="0" type="jump" coverage="50%"/>
							</conditions>
						</line>
						<line number="220" hits="5" branch="true" condition-coverage="100% (2/2)">
							<conditions>
								<condition number="0" type="jump" coverage="100%"/>
							</conditions>
						</line>
						<line number="221" hits="4" branch="false"/>
						<line number="222" hits="4" branch="true" condition-coverage="50% (1/2)">
							<conditions>
								<condition number="0" type="jump" coverage="50%"/>
							</conditions>
						</line>
						<line number="223" hits="0" branch="false"/>
						<line number="226" hits="4" branch="false"/>
						<line number="227" hits="4" branch="true" condition-coverage="50% (1/2)">
							<conditions>
								<condition number="0" type="jump" coverage="50%"/>
							</conditions>
						</line>
						<line number="228" hits="4" branch="false"/>
						<line number="229" hits="4" branch="false"/>
						<line number="230" hits="4" branch="true" condition-coverage="50% (1/2)">
							<conditions>
								<condition number="0" type="jump" coverage="50%"/>
							</conditions>
						</line>
						<line number="231" hits="0" branch="false"/>
						<line number="233" hits="4" branch="false"/>
						<line number="236" hits="0" branch="false"/>
						<line number="238" hits="4" branch="false"/>
						<line number="239" hits="4" branch="false"/>
						<line number="240" hits="0" branch="true" condition-coverage="0% (0/2)">
							<conditions>
								<condition number="0" type="jump" coverage="0%"/>
							</conditions>
						</line>
						<line number="241" hits="0" branch="false"/>
						<line number="244" hits="5" branch="true" condition-coverage="100% (2/2)">
							<conditions>
								<condition number="0" type="jump" coverage="100%"/>
							</conditions>
						</line>
						<line number="248" hits="4" branch="false"/>
						<line number="250" hits="5" branch="false"/>
						<line number="259" hits="4" branch="true" condition-coverage="50% (1/2)">
							<conditions>
								<condition number="0" type="jump" coverage="50%"/>
							</conditions>
						</line>
						<line number="261" hits="0" branch="false"/>
						<line number="262" hits="0" branch="true" condition-coverage="0% (0/2)">
							<conditions>
								<condition number="0" type="jump" coverage="0%"/>
							</conditions>
						</line>
						<line number="263" hits="0" branch="false"/>
						<line number="266" hits="0" branch="false"/>
						<line number="267" hits="0" branch="false"/>
						<line number="269" hits="4" branch="false"/>
						<line number="270" hits="4" branch="false"/>
						<line number="280" hits="17" branch="false"/>
						<line number="281" hits="17" branch="true" condition-coverage="100% (2/2)">
							<conditions>
								<condition number="0" type="jump" coverage="100%"/>
							</conditions>
						</line>
						<line number="282" hits="8" branch="false"/>
						<line number="284" hits="9" branch="true" condition-coverage="100% (2/2)">
							<conditions>
								<condition number="0" type="jump" coverage="100%"/>
							</conditions>
						</line>
						<line number="285" hits="1" branch="false"/>
						<line number="286" hits="1" branch="false"/>
						<line number="288" hits="8" branch="false"/>
					</lines>
				</class>
				<class name="io.netty.handler.codec.http2.CompressorHttp2ConnectionEncoder$1" filename="io/netty/handler/codec/http2/CompressorHttp2ConnectionEncoder.java" line-rate="0.8" branch-rate="0.5" complexity="5.166666666666667">
					<methods>
						<method name="&lt;init&gt;" signature="(Lio/netty/handler/codec/http2/CompressorHttp2ConnectionEncoder;)V" line-rate="1.0" branch-rate="1.0" complexity="0">
							<lines>
								<line number="71" hits="10" branch="false"/>
							</lines>
						</method>
						<method name="onStreamRemoved" signature="(Lio/netty/handler/codec/http2/Http2Stream;)V" line-rate="0.75" branch-rate="0.5" complexity="0">
							<lines>
								<line number="74" hits="10" branch="false"/>
								<line number="75" hits="10" branch="true" condition-coverage="50% (1/2)">
									<conditions>
										<condition number="0" type="jump" coverage="50%"/>
									</conditions>
								</line>
								<line number="76" hits="0" branch="false"/>
								<line number="78" hits="10" branch="false"/>
							</lines>
						</method>
					</methods>
					<lines>
						<line number="71" hits="10" branch="false"/>
						<line number="74" hits="10" branch="false"/>
						<line number="75" hits="10" branch="true" condition-coverage="50% (1/2)">
							<conditions>
								<condition number="0" type="jump" coverage="50%"/>
							</conditions>
						</line>
						<line number="76" hits="0" branch="false"/>
						<line number="78" hits="10" branch="false"/>
					</lines>
				</class>
				<class name="io.netty.handler.codec.http2.DecoratingHttp2ConnectionDecoder" filename="io/netty/handler/codec/http2/DecoratingHttp2ConnectionDecoder.java" line-rate="0.0" branch-rate="1.0" complexity="1.0">
					<methods>
						<method name="&lt;init&gt;" signature="(Lio/netty/handler/codec/http2/Http2ConnectionDecoder;)V" line-rate="0.0" branch-rate="1.0" complexity="0">
							<lines>
								<line number="30" hits="0" branch="false"/>
								<line number="31" hits="0" branch="false"/>
								<line number="32" hits="0" branch="false"/>
							</lines>
						</method>
						<method name="close" signature="()V" line-rate="0.0" branch-rate="1.0" complexity="0">
							<lines>
								<line number="76" hits="0" branch="false"/>
								<line number="77" hits="0" branch="false"/>
							</lines>
						</method>
						<method name="connection" signature="()Lio/netty/handler/codec/http2/Http2Connection;" line-rate="0.0" branch-rate="1.0" complexity="0">
							<lines>
								<line number="41" hits="0" branch="false"/>
							</lines>
						</method>
						<method name="decodeFrame" signature="(Lio/netty/channel/ChannelHandlerContext;Lio/netty/buffer/ByteBuf;Ljava/util/List;)V" line-rate="0.0" branch-rate="1.0" complexity="0">
							<lines>
								<line number="56" hits="0" branch="false"/>
								<line number="57" hits="0" branch="false"/>
							</lines>
						</method>
						<method name="flowController" signature="()Lio/netty/handler/codec/http2/Http2LocalFlowController;" line-rate="0.0" branch-rate="1.0" complexity="0">
							<lines>
								<line number="46" hits="0" branch="false"/>
							</lines>
						</method>
						<method name="lifecycleManager" signature="(Lio/netty/handler/codec/http2/Http2LifecycleManager;)V" line-rate="0.0" branch-rate="1.0" complexity="0">
							<lines>
								<line number="36" hits="0" branch="false"/>
								<line number="37" hits="0" branch="false"/>
							</lines>
						</method>
						<method name="listener" signature="()Lio/netty/handler/codec/http2/Http2FrameListener;" line-rate="0.0" branch-rate="1.0" complexity="0">
							<lines>
								<line number="51" hits="0" branch="false"/>
							</lines>
						</method>
						<method name="localSettings" signature="()Lio/netty/handler/codec/http2/Http2Settings;" line-rate="0.0" branch-rate="1.0" complexity="0">
							<lines>
								<line number="61" hits="0" branch="false"/>
							</lines>
						</method>
						<method name="localSettings" signature="(Lio/netty/handler/codec/http2/Http2Settings;)V" line-rate="0.0" branch-rate="1.0" complexity="0">
							<lines>
								<line number="66" hits="0" branch="false"/>
								<line number="67" hits="0" branch="false"/>
							</lines>
						</method>
						<method name="prefaceReceived" signature="()Z" line-rate="0.0" branch-rate="1.0" complexity="0">
							<lines>
								<line number="71" hits="0" branch="false"/>
							</lines>
						</method>
					</methods>
					<lines>
						<line number="30" hits="0" branch="false"/>
						<line number="31" hits="0" branch="false"/>
						<line number="32" hits="0" branch="false"/>
						<line number="36" hits="0" branch="false"/>
						<line number="37" hits="0" branch="false"/>
						<line number="41" hits="0" branch="false"/>
						<line number="46" hits="0" branch="false"/>
						<line number="51" hits="0" branch="false"/>
						<line number="56" hits="0" branch="false"/>
						<line number="57" hits="0" branch="false"/>
						<line number="61" hits="0" branch="false"/>
						<line number="66" hits="0" branch="false"/>
						<line number="67" hits="0" branch="false"/>
						<line number="71" hits="0" branch="false"/>
						<line number="76" hits="0" branch="false"/>
						<line number="77" hits="0" branch="false"/>
					</lines>
				</class>
				<class name="io.netty.handler.codec.http2.DecoratingHttp2ConnectionEncoder" filename="io/netty/handler/codec/http2/DecoratingHttp2ConnectionEncoder.java" line-rate="0.9090909090909091" branch-rate="1.0" complexity="1.0">
					<methods>
						<method name="&lt;init&gt;" signature="(Lio/netty/handler/codec/http2/Http2ConnectionEncoder;)V" line-rate="1.0" branch-rate="1.0" complexity="0">
							<lines>
								<line number="26" hits="10" branch="false"/>
								<line number="27" hits="10" branch="false"/>
								<line number="28" hits="10" branch="false"/>
							</lines>
						</method>
						<method name="connection" signature="()Lio/netty/handler/codec/http2/Http2Connection;" line-rate="1.0" branch-rate="1.0" complexity="0">
							<lines>
								<line number="37" hits="70" branch="false"/>
							</lines>
						</method>
						<method name="flowController" signature="()Lio/netty/handler/codec/http2/Http2RemoteFlowController;" line-rate="0.0" branch-rate="1.0" complexity="0">
							<lines>
								<line number="42" hits="0" branch="false"/>
							</lines>
						</method>
						<method name="frameWriter" signature="()Lio/netty/handler/codec/http2/Http2FrameWriter;" line-rate="1.0" branch-rate="1.0" complexity="0">
							<lines>
								<line number="47" hits="10" branch="false"/>
							</lines>
						</method>
						<method name="lifecycleManager" signature="(Lio/netty/handler/codec/http2/Http2LifecycleManager;)V" line-rate="1.0" branch-rate="1.0" complexity="0">
							<lines>
								<line number="32" hits="10" branch="false"/>
								<line number="33" hits="10" branch="false"/>
							</lines>
						</method>
						<method name="pollSentSettings" signature="()Lio/netty/handler/codec/http2/Http2Settings;" line-rate="1.0" branch-rate="1.0" complexity="0">
							<lines>
								<line number="52" hits="10" branch="false"/>
							</lines>
						</method>
						<method name="remoteSettings" signature="(Lio/netty/handler/codec/http2/Http2Settings;)V" line-rate="1.0" branch-rate="1.0" complexity="0">
							<lines>
								<line number="57" hits="10" branch="false"/>
								<line number="58" hits="10" branch="false"/>
							</lines>
						</method>
					</methods>
					<lines>
						<line number="26" hits="10" branch="false"/>
						<line number="27" hits="10" branch="false"/>
						<line number="28" hits="10" branch="false"/>
						<line number="32" hits="10" branch="false"/>
						<line number="33" hits="10" branch="false"/>
						<line number="37" hits="70" branch="false"/>
						<line number="42" hits="0" branch="false"/>
						<line number="47" hits="10" branch="false"/>
						<line number="52" hits="10" branch="false"/>
						<line number="57" hits="10" branch="false"/>
						<line number="58" hits="10" branch="false"/>
					</lines>
				</class>
				<class name="io.netty.handler.codec.http2.DecoratingHttp2FrameWriter" filename="io/netty/handler/codec/http2/DecoratingHttp2FrameWriter.java" line-rate="0.5" branch-rate="1.0" complexity="1.0">
					<methods>
						<method name="&lt;init&gt;" signature="(Lio/netty/handler/codec/http2/Http2FrameWriter;)V" line-rate="1.0" branch-rate="1.0" complexity="0">
							<lines>
								<line number="30" hits="10" branch="false"/>
								<line number="31" hits="10" branch="false"/>
								<line number="32" hits="10" branch="false"/>
							</lines>
						</method>
						<method name="close" signature="()V" line-rate="1.0" branch-rate="1.0" complexity="0">
							<lines>
								<line number="112" hits="10" branch="false"/>
								<line number="113" hits="10" branch="false"/>
							</lines>
						</method>
						<method name="configuration" signature="()Lio/netty/handler/codec/http2/Http2FrameWriter$Configuration;" line-rate="0.0" branch-rate="1.0" complexity="0">
							<lines>
								<line number="107" hits="0" branch="false"/>
							</lines>
						</method>
						<method name="writeData" signature="(Lio/netty/channel/ChannelHandlerContext;ILio/netty/buffer/ByteBuf;IZLio/netty/channel/ChannelPromise;)Lio/netty/channel/ChannelFuture;" line-rate="1.0" branch-rate="1.0" complexity="0">
							<lines>
								<line number="37" hits="8" branch="false"/>
							</lines>
						</method>
						<method name="writeFrame" signature="(Lio/netty/channel/ChannelHandlerContext;BILio/netty/handler/codec/http2/Http2Flags;Lio/netty/buffer/ByteBuf;Lio/netty/channel/ChannelPromise;)Lio/netty/channel/ChannelFuture;" line-rate="0.0" branch-rate="1.0" complexity="0">
							<lines>
								<line number="102" hits="0" branch="false"/>
							</lines>
						</method>
						<method name="writeGoAway" signature="(Lio/netty/channel/ChannelHandlerContext;IJLio/netty/buffer/ByteBuf;Lio/netty/channel/ChannelPromise;)Lio/netty/channel/ChannelFuture;" line-rate="0.0" branch-rate="1.0" complexity="0">
							<lines>
								<line number="90" hits="0" branch="false"/>
							</lines>
						</method>
						<method name="writeHeaders" signature="(Lio/netty/channel/ChannelHandlerContext;ILio/netty/handler/codec/http2/Http2Headers;ISZIZLio/netty/channel/ChannelPromise;)Lio/netty/channel/ChannelFuture;" line-rate="0.0" branch-rate="1.0" complexity="0">
							<lines>
								<line number="50" hits="0" branch="false"/>
							</lines>
						</method>
						<method name="writeHeaders" signature="(Lio/netty/channel/ChannelHandlerContext;ILio/netty/handler/codec/http2/Http2Headers;IZLio/netty/channel/ChannelPromise;)Lio/netty/channel/ChannelFuture;" line-rate="1.0" branch-rate="1.0" complexity="0">
							<lines>
								<line number="43" hits="5" branch="false"/>
							</lines>
						</method>
						<method name="writePing" signature="(Lio/netty/channel/ChannelHandlerContext;ZLio/netty/buffer/ByteBuf;Lio/netty/channel/ChannelPromise;)Lio/netty/channel/ChannelFuture;" line-rate="0.0" branch-rate="1.0" complexity="0">
							<lines>
								<line number="78" hits="0" branch="false"/>
							</lines>
						</method>
						<method name="writePriority" signature="(Lio/netty/channel/ChannelHandlerContext;IISZLio/netty/channel/ChannelPromise;)Lio/netty/channel/ChannelFuture;" line-rate="0.0" branch-rate="1.0" complexity="0">
							<lines>
								<line number="57" hits="0" branch="false"/>
							</lines>
						</method>
						<method name="writePushPromise" signature="(Lio/netty/channel/ChannelHandlerContext;IILio/netty/handler/codec/http2/Http2Headers;ILio/netty/channel/ChannelPromise;)Lio/netty/channel/ChannelFuture;" line-rate="0.0" branch-rate="1.0" complexity="0">
							<lines>
								<line number="84" hits="0" branch="false"/>
							</lines>
						</method>
						<method name="writeRstStream" signature="(Lio/netty/channel/ChannelHandlerContext;IJLio/netty/channel/ChannelPromise;)Lio/netty/channel/ChannelFuture;" line-rate="0.0" branch-rate="1.0" complexity="0">
							<lines>
								<line number="63" hits="0" branch="false"/>
							</lines>
						</method>
						<method name="writeSettings" signature="(Lio/netty/channel/ChannelHandlerContext;Lio/netty/handler/codec/http2/Http2Settings;Lio/netty/channel/ChannelPromise;)Lio/netty/channel/ChannelFuture;" line-rate="1.0" branch-rate="1.0" complexity="0">
							<lines>
								<line number="68" hits="10" branch="false"/>
							</lines>
						</method>
						<method name="writeSettingsAck" signature="(Lio/netty/channel/ChannelHandlerContext;Lio/netty/channel/ChannelPromise;)Lio/netty/channel/ChannelFuture;" line-rate="1.0" branch-rate="1.0" complexity="0">
							<lines>
								<line number="73" hits="10" branch="false"/>
							</lines>
						</method>
						<method name="writeWindowUpdate" signature="(Lio/netty/channel/ChannelHandlerContext;IILio/netty/channel/ChannelPromise;)Lio/netty/channel/ChannelFuture;" line-rate="0.0" branch-rate="1.0" complexity="0">
							<lines>
								<line number="96" hits="0" branch="false"/>
							</lines>
						</method>
					</methods>
					<lines>
						<line number="30" hits="10" branch="false"/>
						<line number="31" hits="10" branch="false"/>
						<line number="32" hits="10" branch="false"/>
						<line number="37" hits="8" branch="false"/>
						<line number="43" hits="5" branch="false"/>
						<line number="50" hits="0" branch="false"/>
						<line number="57" hits="0" branch="false"/>
						<line number="63" hits="0" branch="false"/>
						<line number="68" hits="10" branch="false"/>
						<line number="73" hits="10" branch="false"/>
						<line number="78" hits="0" branch="false"/>
						<line number="84" hits="0" branch="false"/>
						<line number="90" hits="0" branch="false"/>
						<line number="96" hits="0" branch="false"/>
						<line number="102" hits="0" branch="false"/>
						<line number="107" hits="0" branch="false"/>
						<line number="112" hits="10" branch="false"/>
						<line number="113" hits="10" branch="false"/>
					</lines>
				</class>
				<class name="io.netty.handler.codec.http2.DefaultHttp2Connection" filename="io/netty/handler/codec/http2/DefaultHttp2Connection.java" line-rate="0.09195402298850575" branch-rate="0.08333333333333333" complexity="2.25">
					<methods>
						<method name="&lt;clinit&gt;" signature="()V" line-rate="0.0" branch-rate="1.0" complexity="0">
							<lines>
								<line number="59" hits="0" branch="false"/>
								<line number="73" hits="0" branch="false"/>
							</lines>
						</method>
						<method name="&lt;init&gt;" signature="(Z)V" line-rate="0.8" branch-rate="0.0" complexity="0">
							<lines>
								<line number="61" hits="168" branch="false"/>
								<line number="62" hits="168" branch="false"/>
								<line number="63" hits="168" branch="false"/>
								<line number="80" hits="168" branch="false"/>
								<line number="89" hits="168" branch="false"/>
								<line number="90" hits="168" branch="false"/>
								<line number="91" hits="168" branch="false"/>
								<line number="92" hits="168" branch="true" condition-coverage="0% (0/2)">
									<conditions>
										<condition number="0" type="jump" coverage="0%"/>
									</conditions>
								</line>
								<line number="95" hits="0" branch="false"/>
								<line number="96" hits="0" branch="false"/>
							</lines>
						</method>
						<method name="access$400" signature="(Lio/netty/handler/codec/http2/DefaultHttp2Connection;Ljava/util/List;)V" line-rate="1.0" branch-rate="1.0" complexity="0">
							<lines>
							</lines>
						</method>
						<method name="access$500" signature="()I" line-rate="1.0" branch-rate="1.0" complexity="0">
							<lines>
							</lines>
						</method>
						<method name="access$600" signature="()Lio/netty/util/internal/logging/InternalLogger;" line-rate="1.0" branch-rate="1.0" complexity="0">
							<lines>
							</lines>
						</method>
						<method name="access$700" signature="(Lio/netty/handler/codec/http2/DefaultHttp2Connection;Lio/netty/handler/codec/http2/Http2Stream;Lio/netty/handler/codec/http2/Http2Stream;)V" line-rate="0.0" branch-rate="1.0" complexity="0">
							<lines>
								<line number="58" hits="0" branch="false"/>
							</lines>
						</method>
						<method name="activeState" signature="(ILio/netty/handler/codec/http2/Http2Stream$State;ZZ)Lio/netty/handler/codec/http2/Http2Stream$State;" line-rate="0.0" branch-rate="0.25" complexity="0">
							<lines>
								<line number="237" hits="0" branch="true" condition-coverage="0% (0/4)">
									<conditions>
										<condition number="0" type="switch" coverage="0%"/>
									</conditions>
								</line>
								<line number="239" hits="0" branch="true" condition-coverage="50% (2/4)">
									<conditions>
										<condition number="0" type="jump" coverage="100%"/>
										<condition number="1" type="jump" coverage="0%"/>
									</conditions>
								</line>
								<line number="241" hits="0" branch="false"/>
								<line number="243" hits="0" branch="false"/>
								<line number="245" hits="0" branch="false"/>
							</lines>
						</method>
						<method name="addListener" signature="(Lio/netty/handler/codec/http2/Http2Connection$Listener;)V" line-rate="0.0" branch-rate="1.0" complexity="0">
							<lines>
								<line number="100" hits="0" branch="false"/>
								<line number="101" hits="0" branch="false"/>
							</lines>
						</method>
						<method name="connectionStream" signature="()Lio/netty/handler/codec/http2/Http2Stream;" line-rate="0.0" branch-rate="1.0" complexity="0">
							<lines>
								<line number="115" hits="0" branch="false"/>
							</lines>
						</method>
						<method name="forEachActiveStream" signature="(Lio/netty/handler/codec/http2/Http2StreamVisitor;)Lio/netty/handler/codec/http2/Http2Stream;" line-rate="0.0" branch-rate="1.0" complexity="0">
							<lines>
								<line number="135" hits="0" branch="false"/>
							</lines>
						</method>
						<method name="goAwayReceived" signature="()Z" line-rate="0.0" branch-rate="0.0" complexity="0">
							<lines>
								<line number="150" hits="0" branch="true" condition-coverage="0% (0/2)">
									<conditions>
										<condition number="0" type="jump" coverage="0%"/>
									</conditions>
								</line>
							</lines>
						</method>
						<method name="goAwayReceived" signature="(IJLio/netty/buffer/ByteBuf;)V" line-rate="0.0" branch-rate="0.0" complexity="0">
							<lines>
								<line number="155" hits="0" branch="false"/>
								<line number="156" hits="0" branch="true" condition-coverage="0% (0/2)">
									<conditions>
										<condition number="0" type="jump" coverage="0%"/>
									</conditions>
								</line>
								<line number="158" hits="0" branch="false"/>
								<line number="159" hits="0" branch="false"/>
								<line number="160" hits="0" branch="false"/>
								<line number="161" hits="0" branch="false"/>
								<line number="165" hits="0" branch="false"/>
								<line number="174" hits="0" branch="false"/>
								<line number="175" hits="0" branch="false"/>
								<line number="176" hits="0" branch="false"/>
								<line number="177" hits="0" branch="false"/>
							</lines>
						</method>
						<method name="goAwaySent" signature="()Z" line-rate="0.0" branch-rate="0.0" complexity="0">
							<lines>
								<line number="181" hits="0" branch="true" condition-coverage="0% (0/2)">
									<conditions>
										<condition number="0" type="jump" coverage="0%"/>
									</conditions>
								</line>
							</lines>
						</method>
						<method name="goAwaySent" signature="(IJLio/netty/buffer/ByteBuf;)V" line-rate="0.0" branch-rate="0.0" complexity="0">
							<lines>
								<line number="186" hits="0" branch="false"/>
								<line number="187" hits="0" branch="true" condition-coverage="0% (0/2)">
									<conditions>
										<condition number="0" type="jump" coverage="0%"/>
									</conditions>
								</line>
								<line number="189" hits="0" branch="false"/>
								<line number="190" hits="0" branch="false"/>
								<line number="191" hits="0" branch="false"/>
								<line number="192" hits="0" branch="false"/>
								<line number="196" hits="0" branch="false"/>
								<line number="205" hits="0" branch="false"/>
								<line number="206" hits="0" branch="false"/>
								<line number="207" hits="0" branch="false"/>
								<line number="208" hits="0" branch="false"/>
							</lines>
						</method>
						<method name="isServer" signature="()Z" line-rate="0.0" branch-rate="1.0" complexity="0">
							<lines>
								<line number="110" hits="0" branch="false"/>
							</lines>
						</method>
						<method name="local" signature="()Lio/netty/handler/codec/http2/Http2Connection$Endpoint;" line-rate="0.0" branch-rate="1.0" complexity="0">
							<lines>
								<line number="140" hits="0" branch="false"/>
							</lines>
						</method>
						<method name="newKey" signature="()Lio/netty/handler/codec/http2/Http2Connection$PropertyKey;" line-rate="0.0" branch-rate="1.0" complexity="0">
							<lines>
								<line number="272" hits="0" branch="false"/>
							</lines>
						</method>
						<method name="notifyClosed" signature="(Lio/netty/handler/codec/http2/Http2Stream;)V" line-rate="0.0" branch-rate="0.0" complexity="0">
							<lines>
								<line number="261" hits="0" branch="true" condition-coverage="0% (0/2)">
									<conditions>
										<condition number="0" type="jump" coverage="0%"/>
									</conditions>
								</line>
								<line number="263" hits="0" branch="false"/>
								<line number="264" hits="0" branch="false"/>
								<line number="265" hits="0" branch="false"/>
								<line number="266" hits="0" branch="false"/>
								<line number="268" hits="0" branch="false"/>
							</lines>
						</method>
						<method name="notifyHalfClosed" signature="(Lio/netty/handler/codec/http2/Http2Stream;)V" line-rate="0.0" branch-rate="0.0" complexity="0">
							<lines>
								<line number="251" hits="0" branch="true" condition-coverage="0% (0/2)">
									<conditions>
										<condition number="0" type="jump" coverage="0%"/>
									</conditions>
								</line>
								<line number="253" hits="0" branch="false"/>
								<line number="254" hits="0" branch="false"/>
								<line number="255" hits="0" branch="false"/>
								<line number="256" hits="0" branch="false"/>
								<line number="258" hits="0" branch="false"/>
							</lines>
						</method>
						<method name="notifyParentChanged" signature="(Ljava/util/List;)V" line-rate="0.0" branch-rate="0.0" complexity="0">
							<lines>
								<line number="765" hits="0" branch="true" condition-coverage="0% (0/2)">
									<conditions>
										<condition number="0" type="jump" coverage="0%"/>
									</conditions>
								</line>
								<line number="766" hits="0" branch="false"/>
								<line number="767" hits="0" branch="true" condition-coverage="0% (0/2)">
									<conditions>
										<condition number="0" type="jump" coverage="0%"/>
									</conditions>
								</line>
								<line number="768" hits="0" branch="false"/>
								<line number="771" hits="0" branch="false"/>
							</lines>
						</method>
						<method name="notifyParentChanging" signature="(Lio/netty/handler/codec/http2/Http2Stream;Lio/netty/handler/codec/http2/Http2Stream;)V" line-rate="0.0" branch-rate="0.0" complexity="0">
							<lines>
								<line number="774" hits="0" branch="true" condition-coverage="0% (0/2)">
									<conditions>
										<condition number="0" type="jump" coverage="0%"/>
									</conditions>
								</line>
								<line number="776" hits="0" branch="false"/>
								<line number="777" hits="0" branch="false"/>
								<line number="778" hits="0" branch="false"/>
								<line number="779" hits="0" branch="false"/>
								<line number="781" hits="0" branch="false"/>
							</lines>
						</method>
						<method name="numActiveStreams" signature="()I" line-rate="0.0" branch-rate="1.0" complexity="0">
							<lines>
								<line number="130" hits="0" branch="false"/>
							</lines>
						</method>
						<method name="remote" signature="()Lio/netty/handler/codec/http2/Http2Connection$Endpoint;" line-rate="0.0" branch-rate="1.0" complexity="0">
							<lines>
								<line number="145" hits="0" branch="false"/>
							</lines>
						</method>
						<method name="removeListener" signature="(Lio/netty/handler/codec/http2/Http2Connection$Listener;)V" line-rate="0.0" branch-rate="1.0" complexity="0">
							<lines>
								<line number="105" hits="0" branch="false"/>
								<line number="106" hits="0" branch="false"/>
							</lines>
						</method>
						<method name="removeStream" signature="(Lio/netty/handler/codec/http2/DefaultHttp2Connection$DefaultStream;)V" line-rate="0.0" branch-rate="0.0" complexity="0">
							<lines>
								<line number="221" hits="0" branch="true" condition-coverage="0% (0/2)">
									<conditions>
										<condition number="0" type="jump" coverage="0%"/>
									</conditions>
								</line>
								<line number="223" hits="0" branch="false"/>
								<line number="225" hits="0" branch="true" condition-coverage="0% (0/2)">
									<conditions>
										<condition number="0" type="jump" coverage="0%"/>
									</conditions>
								</line>
								<line number="227" hits="0" branch="false"/>
								<line number="228" hits="0" branch="false"/>
								<line number="229" hits="0" branch="false"/>
								<line number="230" hits="0" branch="false"/>
								<line number="233" hits="0" branch="false"/>
							</lines>
						</method>
						<method name="stream" signature="(I)Lio/netty/handler/codec/http2/Http2Stream;" line-rate="0.0" branch-rate="1.0" complexity="0">
							<lines>
								<line number="120" hits="0" branch="false"/>
							</lines>
						</method>
						<method name="streamMayHaveExisted" signature="(I)Z" line-rate="0.0" branch-rate="0.25" complexity="0">
							<lines>
								<line number="125" hits="0" branch="true" condition-coverage="25% (1/4)">
									<conditions>
										<condition number="0" type="jump" coverage="50%"/>
										<condition number="1" type="jump" coverage="0%"/>
									</conditions>
								</line>
							</lines>
						</method>
						<method name="verifyKey" signature="(Lio/netty/handler/codec/http2/Http2Connection$PropertyKey;)Lio/netty/handler/codec/http2/DefaultHttp2Connection$DefaultPropertyKey;" line-rate="0.0" branch-rate="1.0" complexity="0">
							<lines>
								<line number="283" hits="0" branch="false"/>
							</lines>
						</method>
					</methods>
					<lines>
						<line number="58" hits="0" branch="false"/>
						<line number="59" hits="0" branch="false"/>
						<line number="61" hits="168" branch="false"/>
						<line number="62" hits="168" branch="false"/>
						<line number="63" hits="168" branch="false"/>
						<line number="73" hits="0" branch="false"/>
						<line number="80" hits="168" branch="false"/>
						<line number="89" hits="168" branch="false"/>
						<line number="90" hits="168" branch="false"/>
						<line number="91" hits="168" branch="false"/>
						<line number="92" hits="168" branch="true" condition-coverage="0% (0/2)">
							<conditions>
								<condition number="0" type="jump" coverage="0%"/>
							</conditions>
						</line>
						<line number="95" hits="0" branch="false"/>
						<line number="96" hits="0" branch="false"/>
						<line number="100" hits="0" branch="false"/>
						<line number="101" hits="0" branch="false"/>
						<line number="105" hits="0" branch="false"/>
						<line number="106" hits="0" branch="false"/>
						<line number="110" hits="0" branch="false"/>
						<line number="115" hits="0" branch="false"/>
						<line number="120" hits="0" branch="false"/>
						<line number="125" hits="0" branch="true" condition-coverage="25% (1/4)">
							<conditions>
								<condition number="0" type="jump" coverage="50%"/>
								<condition number="1" type="jump" coverage="0%"/>
							</conditions>
						</line>
						<line number="130" hits="0" branch="false"/>
						<line number="135" hits="0" branch="false"/>
						<line number="140" hits="0" branch="false"/>
						<line number="145" hits="0" branch="false"/>
						<line number="150" hits="0" branch="true" condition-coverage="0% (0/2)">
							<conditions>
								<condition number="0" type="jump" coverage="0%"/>
							</conditions>
						</line>
						<line number="155" hits="0" branch="false"/>
						<line number="156" hits="0" branch="true" condition-coverage="0% (0/2)">
							<conditions>
								<condition number="0" type="jump" coverage="0%"/>
							</conditions>
						</line>
						<line number="158" hits="0" branch="false"/>
						<line number="159" hits="0" branch="false"/>
						<line number="160" hits="0" branch="false"/>
						<line number="161" hits="0" branch="false"/>
						<line number="165" hits="0" branch="false"/>
						<line number="174" hits="0" branch="false"/>
						<line number="175" hits="0" branch="false"/>
						<line number="176" hits="0" branch="false"/>
						<line number="177" hits="0" branch="false"/>
						<line number="181" hits="0" branch="true" condition-coverage="0% (0/2)">
							<conditions>
								<condition number="0" type="jump" coverage="0%"/>
							</conditions>
						</line>
						<line number="186" hits="0" branch="false"/>
						<line number="187" hits="0" branch="true" condition-coverage="0% (0/2)">
							<conditions>
								<condition number="0" type="jump" coverage="0%"/>
							</conditions>
						</line>
						<line number="189" hits="0" branch="false"/>
						<line number="190" hits="0" branch="false"/>
						<line number="191" hits="0" branch="false"/>
						<line number="192" hits="0" branch="false"/>
						<line number="196" hits="0" branch="false"/>
						<line number="205" hits="0" branch="false"/>
						<line number="206" hits="0" branch="false"/>
						<line number="207" hits="0" branch="false"/>
						<line number="208" hits="0" branch="false"/>
						<line number="221" hits="0" branch="true" condition-coverage="0% (0/2)">
							<conditions>
								<condition number="0" type="jump" coverage="0%"/>
							</conditions>
						</line>
						<line number="223" hits="0" branch="false"/>
						<line number="225" hits="0" branch="true" condition-coverage="0% (0/2)">
							<conditions>
								<condition number="0" type="jump" coverage="0%"/>
							</conditions>
						</line>
						<line number="227" hits="0" branch="false"/>
						<line number="228" hits="0" branch="false"/>
						<line number="229" hits="0" branch="false"/>
						<line number="230" hits="0" branch="false"/>
						<line number="233" hits="0" branch="false"/>
						<line number="237" hits="0" branch="true" condition-coverage="0% (0/4)">
							<conditions>
								<condition number="0" type="switch" coverage="0%"/>
							</conditions>
						</line>
						<line number="239" hits="0" branch="true" condition-coverage="50% (2/4)">
							<conditions>
								<condition number="0" type="jump" coverage="100%"/>
								<condition number="1" type="jump" coverage="0%"/>
							</conditions>
						</line>
						<line number="241" hits="0" branch="false"/>
						<line number="243" hits="0" branch="false"/>
						<line number="245" hits="0" branch="false"/>
						<line number="251" hits="0" branch="true" condition-coverage="0% (0/2)">
							<conditions>
								<condition number="0" type="jump" coverage="0%"/>
							</conditions>
						</line>
						<line number="253" hits="0" branch="false"/>
						<line number="254" hits="0" branch="false"/>
						<line number="255" hits="0" branch="false"/>
						<line number="256" hits="0" branch="false"/>
						<line number="258" hits="0" branch="false"/>
						<line number="261" hits="0" branch="true" condition-coverage="0% (0/2)">
							<conditions>
								<condition number="0" type="jump" coverage="0%"/>
							</conditions>
						</line>
						<line number="263" hits="0" branch="false"/>
						<line number="264" hits="0" branch="false"/>
						<line number="265" hits="0" branch="false"/>
						<line number="266" hits="0" branch="false"/>
						<line number="268" hits="0" branch="false"/>
						<line number="272" hits="0" branch="false"/>
						<line number="283" hits="0" branch="false"/>
						<line number="765" hits="0" branch="true" condition-coverage="0% (0/2)">
							<conditions>
								<condition number="0" type="jump" coverage="0%"/>
							</conditions>
						</line>
						<line number="766" hits="0" branch="false"/>
						<line number="767" hits="0" branch="true" condition-coverage="0% (0/2)">
							<conditions>
								<condition number="0" type="jump" coverage="0%"/>
							</conditions>
						</line>
						<line number="768" hits="0" branch="false"/>
						<line number="771" hits="0" branch="false"/>
						<line number="774" hits="0" branch="true" condition-coverage="0% (0/2)">
							<conditions>
								<condition number="0" type="jump" coverage="0%"/>
							</conditions>
						</line>
						<line number="776" hits="0" branch="false"/>
						<line number="777" hits="0" branch="false"/>
						<line number="778" hits="0" branch="false"/>
						<line number="779" hits="0" branch="false"/>
						<line number="781" hits="0" branch="false"/>
					</lines>
				</class>
				<class name="io.netty.handler.codec.http2.DefaultHttp2Connection$1" filename="io/netty/handler/codec/http2/DefaultHttp2Connection.java" line-rate="1.0" branch-rate="1.0" complexity="2.25">
					<methods>
						<method name="&lt;init&gt;" signature="(Lio/netty/handler/codec/http2/DefaultHttp2Connection;I)V" line-rate="1.0" branch-rate="1.0" complexity="0">
							<lines>
								<line number="165" hits="6" branch="false"/>
							</lines>
						</method>
						<method name="visit" signature="(Lio/netty/handler/codec/http2/Http2Stream;)Z" line-rate="1.0" branch-rate="1.0" complexity="0">
							<lines>
								<line number="168" hits="6" branch="true" condition-coverage="100% (4/4)">
									<conditions>
										<condition number="0" type="jump" coverage="100%"/>
										<condition number="1" type="jump" coverage="100%"/>
									</conditions>
								</line>
								<line number="169" hits="1" branch="false"/>
								<line number="171" hits="6" branch="false"/>
							</lines>
						</method>
					</methods>
					<lines>
						<line number="165" hits="6" branch="false"/>
						<line number="168" hits="6" branch="true" condition-coverage="100% (4/4)">
							<conditions>
								<condition number="0" type="jump" coverage="100%"/>
								<condition number="1" type="jump" coverage="100%"/>
							</conditions>
						</line>
						<line number="169" hits="1" branch="false"/>
						<line number="171" hits="6" branch="false"/>
					</lines>
				</class>
				<class name="io.netty.handler.codec.http2.DefaultHttp2Connection$2" filename="io/netty/handler/codec/http2/DefaultHttp2Connection.java" line-rate="1.0" branch-rate="1.0" complexity="2.25">
					<methods>
						<method name="&lt;init&gt;" signature="(Lio/netty/handler/codec/http2/DefaultHttp2Connection;I)V" line-rate="1.0" branch-rate="1.0" complexity="0">
							<lines>
								<line number="196" hits="5" branch="false"/>
							</lines>
						</method>
						<method name="visit" signature="(Lio/netty/handler/codec/http2/Http2Stream;)Z" line-rate="1.0" branch-rate="1.0" complexity="0">
							<lines>
								<line number="199" hits="6" branch="true" condition-coverage="100% (4/4)">
									<conditions>
										<condition number="0" type="jump" coverage="100%"/>
										<condition number="1" type="jump" coverage="100%"/>
									</conditions>
								</line>
								<line number="200" hits="1" branch="false"/>
								<line number="202" hits="6" branch="false"/>
							</lines>
						</method>
					</methods>
					<lines>
						<line number="196" hits="5" branch="false"/>
						<line number="199" hits="6" branch="true" condition-coverage="100% (4/4)">
							<conditions>
								<condition number="0" type="jump" coverage="100%"/>
								<condition number="1" type="jump" coverage="100%"/>
							</conditions>
						</line>
						<line number="200" hits="1" branch="false"/>
						<line number="202" hits="6" branch="false"/>
					</lines>
				</class>
				<class name="io.netty.handler.codec.http2.DefaultHttp2Connection$3" filename="io/netty/handler/codec/http2/DefaultHttp2Connection.java" line-rate="1.0" branch-rate="1.0" complexity="2.25">
					<methods>
						<method name="&lt;clinit&gt;" signature="()V" line-rate="1.0" branch-rate="1.0" complexity="0">
							<lines>
								<line number="237" hits="1" branch="false"/>
							</lines>
						</method>
					</methods>
					<lines>
						<line number="237" hits="1" branch="false"/>
					</lines>
				</class>
				<class name="io.netty.handler.codec.http2.DefaultHttp2Connection$ActiveStreams" filename="io/netty/handler/codec/http2/DefaultHttp2Connection.java" line-rate="0.9090909090909091" branch-rate="0.7" complexity="2.25">
					<methods>
						<method name="&lt;init&gt;" signature="(Lio/netty/handler/codec/http2/DefaultHttp2Connection;Ljava/util/List;)V" line-rate="1.0" branch-rate="1.0" complexity="0">
							<lines>
								<line number="1059" hits="168" branch="false"/>
								<line number="1060" hits="168" branch="false"/>
								<line number="1063" hits="168" branch="false"/>
								<line number="1064" hits="168" branch="false"/>
								<line number="1065" hits="168" branch="false"/>
							</lines>
						</method>
						<method name="activate" signature="(Lio/netty/handler/codec/http2/DefaultHttp2Connection$DefaultStream;)V" line-rate="0.75" branch-rate="0.5" complexity="0">
							<lines>
								<line number="1072" hits="4271" branch="true" condition-coverage="50% (1/2)">
									<conditions>
										<condition number="0" type="jump" coverage="50%"/>
									</conditions>
								</line>
								<line number="1073" hits="4271" branch="false"/>
								<line number="1075" hits="0" branch="false"/>
								<line number="1082" hits="4271" branch="false"/>
							</lines>
						</method>
						<method name="addToActiveStreams" signature="(Lio/netty/handler/codec/http2/DefaultHttp2Connection$DefaultStream;)V" line-rate="1.0" branch-rate="0.75" complexity="0">
							<lines>
								<line number="1125" hits="4271" branch="true" condition-coverage="50% (1/2)">
									<conditions>
										<condition number="0" type="jump" coverage="50%"/>
									</conditions>
								</line>
								<line number="1127" hits="4271" branch="false"/>
								<line number="1129" hits="12580" branch="true" condition-coverage="100% (2/2)">
									<conditions>
										<condition number="0" type="jump" coverage="100%"/>
									</conditions>
								</line>
								<line number="1131" hits="8309" branch="false"/>
								<line number="1132" hits="1" branch="false"/>
								<line number="1133" hits="1" branch="false"/>
								<line number="1134" hits="8308" branch="false"/>
								<line number="1137" hits="4271" branch="false"/>
							</lines>
						</method>
						<method name="allowModifications" signature="()Z" line-rate="1.0" branch-rate="1.0" complexity="0">
							<lines>
								<line number="1149" hits="8703" branch="true" condition-coverage="100% (2/2)">
									<conditions>
										<condition number="0" type="jump" coverage="100%"/>
									</conditions>
								</line>
							</lines>
						</method>
						<method name="deactivate" signature="(Lio/netty/handler/codec/http2/DefaultHttp2Connection$DefaultStream;)V" line-rate="1.0" branch-rate="1.0" complexity="0">
							<lines>
								<line number="1085" hits="4054" branch="true" condition-coverage="100% (2/2)">
									<conditions>
										<condition number="0" type="jump" coverage="100%"/>
									</conditions>
								</line>
								<line number="1086" hits="26" branch="false"/>
								<line number="1088" hits="4028" branch="false"/>
								<line number="1095" hits="4052" branch="false"/>
							</lines>
						</method>
						<method name="forEachActiveStream" signature="(Lio/netty/handler/codec/http2/Http2StreamVisitor;)Lio/netty/handler/codec/http2/Http2Stream;" line-rate="0.8125" branch-rate="0.625" complexity="0">
							<lines>
								<line number="1098" hits="378" branch="false"/>
								<line number="1100" hits="378" branch="true" condition-coverage="100% (2/2)">
									<conditions>
										<condition number="0" type="jump" coverage="100%"/>
									</conditions>
								</line>
								<line number="1101" hits="10445" branch="true" condition-coverage="50% (1/2)">
									<conditions>
										<condition number="0" type="jump" coverage="50%"/>
									</conditions>
								</line>
								<line number="1102" hits="0" branch="false"/>
								<line number="1104" hits="10444" branch="false"/>
								<line number="1105" hits="378" branch="false"/>
								<line number="1107" hits="378" branch="false"/>
								<line number="1108" hits="378" branch="true" condition-coverage="50% (1/2)">
									<conditions>
										<condition number="0" type="jump" coverage="50%"/>
									</conditions>
								</line>
								<line number="1110" hits="4406" branch="false"/>
								<line number="1111" hits="4406" branch="true" condition-coverage="50% (1/2)">
									<conditions>
										<condition number="0" type="jump" coverage="50%"/>
									</conditions>
								</line>
								<line number="1112" hits="378" branch="false"/>
								<line number="1115" hits="4028" branch="false"/>
								<line number="1116" hits="0" branch="false"/>
								<line number="1117" hits="0" branch="false"/>
								<line number="1118" hits="4028" branch="false"/>
								<line number="1119" hits="4028" branch="false"/>
							</lines>
						</method>
						<method name="removeFromActiveStreams" signature="(Lio/netty/handler/codec/http2/DefaultHttp2Connection$DefaultStream;)V" line-rate="1.0" branch-rate="0.5" complexity="0">
							<lines>
								<line number="1140" hits="4054" branch="true" condition-coverage="50% (1/2)">
									<conditions>
										<condition number="0" type="jump" coverage="50%"/>
									</conditions>
								</line>
								<line number="1142" hits="4054" branch="false"/>
								<line number="1144" hits="4054" branch="false"/>
								<line number="1145" hits="4054" branch="false"/>
								<line number="1146" hits="4054" branch="false"/>
							</lines>
						</method>
						<method name="size" signature="()I" line-rate="1.0" branch-rate="1.0" complexity="0">
							<lines>
								<line number="1068" hits="50" branch="false"/>
							</lines>
						</method>
					</methods>
					<lines>
						<line number="1059" hits="168" branch="false"/>
						<line number="1060" hits="168" branch="false"/>
						<line number="1063" hits="168" branch="false"/>
						<line number="1064" hits="168" branch="false"/>
						<line number="1065" hits="168" branch="false"/>
						<line number="1068" hits="50" branch="false"/>
						<line number="1072" hits="4271" branch="true" condition-coverage="50% (1/2)">
							<conditions>
								<condition number="0" type="jump" coverage="50%"/>
							</conditions>
						</line>
						<line number="1073" hits="4271" branch="false"/>
						<line number="1075" hits="0" branch="false"/>
						<line number="1082" hits="4271" branch="false"/>
						<line number="1085" hits="4054" branch="true" condition-coverage="100% (2/2)">
							<conditions>
								<condition number="0" type="jump" coverage="100%"/>
							</conditions>
						</line>
						<line number="1086" hits="26" branch="false"/>
						<line number="1088" hits="4028" branch="false"/>
						<line number="1095" hits="4052" branch="false"/>
						<line number="1098" hits="378" branch="false"/>
						<line number="1100" hits="378" branch="true" condition-coverage="100% (2/2)">
							<conditions>
								<condition number="0" type="jump" coverage="100%"/>
							</conditions>
						</line>
						<line number="1101" hits="10445" branch="true" condition-coverage="50% (1/2)">
							<conditions>
								<condition number="0" type="jump" coverage="50%"/>
							</conditions>
						</line>
						<line number="1102" hits="0" branch="false"/>
						<line number="1104" hits="10444" branch="false"/>
						<line number="1105" hits="378" branch="false"/>
						<line number="1107" hits="378" branch="false"/>
						<line number="1108" hits="378" branch="true" condition-coverage="50% (1/2)">
							<conditions>
								<condition number="0" type="jump" coverage="50%"/>
							</conditions>
						</line>
						<line number="1110" hits="4406" branch="false"/>
						<line number="1111" hits="4406" branch="true" condition-coverage="50% (1/2)">
							<conditions>
								<condition number="0" type="jump" coverage="50%"/>
							</conditions>
						</line>
						<line number="1112" hits="378" branch="false"/>
						<line number="1115" hits="4028" branch="false"/>
						<line number="1116" hits="0" branch="false"/>
						<line number="1117" hits="0" branch="false"/>
						<line number="1118" hits="4028" branch="false"/>
						<line number="1119" hits="4028" branch="false"/>
						<line number="1125" hits="4271" branch="true" condition-coverage="50% (1/2)">
							<conditions>
								<condition number="0" type="jump" coverage="50%"/>
							</conditions>
						</line>
						<line number="1127" hits="4271" branch="false"/>
						<line number="1129" hits="12580" branch="true" condition-coverage="100% (2/2)">
							<conditions>
								<condition number="0" type="jump" coverage="100%"/>
							</conditions>
						</line>
						<line number="1131" hits="8309" branch="false"/>
						<line number="1132" hits="1" branch="false"/>
						<line number="1133" hits="1" branch="false"/>
						<line number="1134" hits="8308" branch="false"/>
						<line number="1137" hits="4271" branch="false"/>
						<line number="1140" hits="4054" branch="true" condition-coverage="50% (1/2)">
							<conditions>
								<condition number="0" type="jump" coverage="50%"/>
							</conditions>
						</line>
						<line number="1142" hits="4054" branch="false"/>
						<line number="1144" hits="4054" branch="false"/>
						<line number="1145" hits="4054" branch="false"/>
						<line number="1146" hits="4054" branch="false"/>
						<line number="1149" hits="8703" branch="true" condition-coverage="100% (2/2)">
							<conditions>
								<condition number="0" type="jump" coverage="100%"/>
							</conditions>
						</line>
					</lines>
				</class>
				<class name="io.netty.handler.codec.http2.DefaultHttp2Connection$ActiveStreams$1" filename="io/netty/handler/codec/http2/DefaultHttp2Connection.java" line-rate="0.0" branch-rate="1.0" complexity="2.25">
					<methods>
						<method name="&lt;init&gt;" signature="(Lio/netty/handler/codec/http2/DefaultHttp2Connection$ActiveStreams;Lio/netty/handler/codec/http2/DefaultHttp2Connection$DefaultStream;)V" line-rate="0.0" branch-rate="1.0" complexity="0">
							<lines>
								<line number="1075" hits="0" branch="false"/>
							</lines>
						</method>
						<method name="process" signature="()V" line-rate="0.0" branch-rate="1.0" complexity="0">
							<lines>
								<line number="1078" hits="0" branch="false"/>
								<line number="1079" hits="0" branch="false"/>
							</lines>
						</method>
					</methods>
					<lines>
						<line number="1075" hits="0" branch="false"/>
						<line number="1078" hits="0" branch="false"/>
						<line number="1079" hits="0" branch="false"/>
					</lines>
				</class>
				<class name="io.netty.handler.codec.http2.DefaultHttp2Connection$ActiveStreams$2" filename="io/netty/handler/codec/http2/DefaultHttp2Connection.java" line-rate="1.0" branch-rate="1.0" complexity="2.25">
					<methods>
						<method name="&lt;init&gt;" signature="(Lio/netty/handler/codec/http2/DefaultHttp2Connection$ActiveStreams;Lio/netty/handler/codec/http2/DefaultHttp2Connection$DefaultStream;)V" line-rate="1.0" branch-rate="1.0" complexity="0">
							<lines>
								<line number="1088" hits="4028" branch="false"/>
							</lines>
						</method>
						<method name="process" signature="()V" line-rate="1.0" branch-rate="1.0" complexity="0">
							<lines>
								<line number="1091" hits="4028" branch="false"/>
								<line number="1092" hits="4028" branch="false"/>
							</lines>
						</method>
					</methods>
					<lines>
						<line number="1088" hits="4028" branch="false"/>
						<line number="1091" hits="4028" branch="false"/>
						<line number="1092" hits="4028" branch="false"/>
					</lines>
				</class>
				<class name="io.netty.handler.codec.http2.DefaultHttp2Connection$ConnectionStream" filename="io/netty/handler/codec/http2/DefaultHttp2Connection.java" line-rate="0.3" branch-rate="1.0" complexity="2.25">
					<methods>
						<method name="&lt;init&gt;" signature="(Lio/netty/handler/codec/http2/DefaultHttp2Connection;)V" line-rate="1.0" branch-rate="1.0" complexity="0">
							<lines>
								<line number="787" hits="168" branch="false"/>
								<line number="788" hits="168" branch="false"/>
								<line number="789" hits="168" branch="false"/>
							</lines>
						</method>
						<method name="close" signature="()Lio/netty/handler/codec/http2/Http2Stream;" line-rate="0.0" branch-rate="1.0" complexity="0">
							<lines>
								<line number="813" hits="0" branch="false"/>
							</lines>
						</method>
						<method name="closeLocalSide" signature="()Lio/netty/handler/codec/http2/Http2Stream;" line-rate="0.0" branch-rate="1.0" complexity="0">
							<lines>
								<line number="818" hits="0" branch="false"/>
							</lines>
						</method>
						<method name="closeRemoteSide" signature="()Lio/netty/handler/codec/http2/Http2Stream;" line-rate="0.0" branch-rate="1.0" complexity="0">
							<lines>
								<line number="823" hits="0" branch="false"/>
							</lines>
						</method>
						<method name="isResetSent" signature="()Z" line-rate="0.0" branch-rate="1.0" complexity="0">
							<lines>
								<line number="793" hits="0" branch="false"/>
							</lines>
						</method>
						<method name="open" signature="(Z)Lio/netty/handler/codec/http2/Http2Stream;" line-rate="0.0" branch-rate="1.0" complexity="0">
							<lines>
								<line number="808" hits="0" branch="false"/>
							</lines>
						</method>
						<method name="resetSent" signature="()Lio/netty/handler/codec/http2/Http2Stream;" line-rate="0.0" branch-rate="1.0" complexity="0">
							<lines>
								<line number="798" hits="0" branch="false"/>
							</lines>
						</method>
						<method name="setPriority" signature="(ISZ)Lio/netty/handler/codec/http2/Http2Stream;" line-rate="0.0" branch-rate="1.0" complexity="0">
							<lines>
								<line number="803" hits="0" branch="false"/>
							</lines>
						</method>
					</methods>
					<lines>
						<line number="787" hits="168" branch="false"/>
						<line number="788" hits="168" branch="false"/>
						<line number="789" hits="168" branch="false"/>
						<line number="793" hits="0" branch="false"/>
						<line number="798" hits="0" branch="false"/>
						<line number="803" hits="0" branch="false"/>
						<line number="808" hits="0" branch="false"/>
						<line number="813" hits="0" branch="false"/>
						<line number="818" hits="0" branch="false"/>
						<line number="823" hits="0" branch="false"/>
					</lines>
				</class>
				<class name="io.netty.handler.codec.http2.DefaultHttp2Connection$DefaultEndpoint" filename="io/netty/handler/codec/http2/DefaultHttp2Connection.java" line-rate="0.9342105263157895" branch-rate="0.7857142857142857" complexity="2.25">
					<methods>
						<method name="&lt;init&gt;" signature="(Lio/netty/handler/codec/http2/DefaultHttp2Connection;Z)V" line-rate="1.0" branch-rate="1.0" complexity="0">
							<lines>
								<line number="834" hits="336" branch="false"/>
								<line number="835" hits="336" branch="false"/>
								<line number="841" hits="336" branch="false"/>
								<line number="842" hits="336" branch="false"/>
								<line number="848" hits="336" branch="true" condition-coverage="100% (2/2)">
									<conditions>
										<condition number="0" type="jump" coverage="100%"/>
									</conditions>
								</line>
								<line number="851" hits="336" branch="true" condition-coverage="100% (2/2)">
									<conditions>
										<condition number="0" type="jump" coverage="100%"/>
									</conditions>
								</line>
								<line number="852" hits="336" branch="false"/>
								<line number="853" hits="336" branch="false"/>
							</lines>
						</method>
						<method name="access$100" signature="(Lio/netty/handler/codec/http2/DefaultHttp2Connection$DefaultEndpoint;)I" line-rate="1.0" branch-rate="1.0" complexity="0">
							<lines>
							</lines>
						</method>
						<method name="access$200" signature="(Lio/netty/handler/codec/http2/DefaultHttp2Connection$DefaultEndpoint;I)V" line-rate="1.0" branch-rate="1.0" complexity="0">
							<lines>
								<line number="830" hits="15755" branch="false"/>
							</lines>
						</method>
						<method name="addStream" signature="(Lio/netty/handler/codec/http2/DefaultHttp2Connection$DefaultStream;)V" line-rate="1.0" branch-rate="1.0" complexity="0">
							<lines>
								<line number="935" hits="4275" branch="false"/>
								<line number="937" hits="4275" branch="false"/>
								<line number="938" hits="4275" branch="false"/>
								<line number="941" hits="12586" branch="true" condition-coverage="100% (2/2)">
									<conditions>
										<condition number="0" type="jump" coverage="100%"/>
									</conditions>
								</line>
								<line number="943" hits="8311" branch="false"/>
								<line number="944" hits="1" branch="false"/>
								<line number="945" hits="1" branch="false"/>
								<line number="946" hits="8310" branch="false"/>
								<line number="949" hits="4275" branch="false"/>
								<line number="950" hits="4275" branch="false"/>
							</lines>
						</method>
						<method name="allowPushTo" signature="()Z" line-rate="1.0" branch-rate="1.0" complexity="0">
							<lines>
								<line number="962" hits="17" branch="false"/>
							</lines>
						</method>
						<method name="allowPushTo" signature="(Z)V" line-rate="0.75" branch-rate="0.75" complexity="0">
							<lines>
								<line number="954" hits="29" branch="true" condition-coverage="75% (3/4)">
									<conditions>
										<condition number="0" type="jump" coverage="100%"/>
										<condition number="1" type="jump" coverage="50%"/>
									</conditions>
								</line>
								<line number="955" hits="0" branch="false"/>
								<line number="957" hits="29" branch="false"/>
								<line number="958" hits="29" branch="false"/>
							</lines>
						</method>
						<method name="canCreateStream" signature="()Z" line-rate="1.0" branch-rate="0.75" complexity="0">
							<lines>
								<line number="874" hits="4276" branch="true" condition-coverage="75% (3/4)">
									<conditions>
										<condition number="0" type="jump" coverage="50%"/>
										<condition number="1" type="jump" coverage="100%"/>
									</conditions>
								</line>
							</lines>
						</method>
						<method name="checkNewStreamAllowed" signature="(I)V" line-rate="0.9090909090909091" branch-rate="0.8571428571428571" complexity="0">
							<lines>
								<line number="1010" hits="4283" branch="true" condition-coverage="75% (3/4)">
									<conditions>
										<condition number="0" type="jump" coverage="100%"/>
										<condition number="1" type="jump" coverage="50%"/>
									</conditions>
								</line>
								<line number="1011" hits="1" branch="false"/>
								<line number="1015" hits="4282" branch="true" condition-coverage="100% (2/2)">
									<conditions>
										<condition number="0" type="jump" coverage="100%"/>
									</conditions>
								</line>
								<line number="1016" hits="3" branch="false"/>
								<line number="1018" hits="4279" branch="true" condition-coverage="100% (2/2)">
									<conditions>
										<condition number="0" type="jump" coverage="100%"/>
									</conditions>
[...]
							<lines>
							</lines>
						</method>
						<method name="access$100" signature="(Lio/netty/handler/codec/http2/InboundHttp2ToHttpAdapter$Builder;)I" line-rate="1.0" branch-rate="1.0" complexity="0">
							<lines>
							</lines>
						</method>
						<method name="access$200" signature="(Lio/netty/handler/codec/http2/InboundHttp2ToHttpAdapter$Builder;)Z" line-rate="1.0" branch-rate="1.0" complexity="0">
							<lines>
							</lines>
						</method>
						<method name="access$300" signature="(Lio/netty/handler/codec/http2/InboundHttp2ToHttpAdapter$Builder;)Z" line-rate="1.0" branch-rate="1.0" complexity="0">
							<lines>
								<line number="70" hits="144" branch="false"/>
							</lines>
						</method>
						<method name="build" signature="()Lio/netty/handler/codec/http2/InboundHttp2ToHttpAdapter;" line-rate="0.0" branch-rate="1.0" complexity="0">
							<lines>
								<line number="129" hits="0" branch="false"/>
								<line number="130" hits="0" branch="false"/>
								<line number="131" hits="0" branch="false"/>
							</lines>
						</method>
						<method name="maxContentLength" signature="(I)Lio/netty/handler/codec/http2/InboundHttp2ToHttpAdapter$Builder;" line-rate="1.0" branch-rate="1.0" complexity="0">
							<lines>
								<line number="94" hits="24" branch="false"/>
								<line number="95" hits="24" branch="false"/>
							</lines>
						</method>
						<method name="propagateSettings" signature="(Z)Lio/netty/handler/codec/http2/InboundHttp2ToHttpAdapter$Builder;" line-rate="1.0" branch-rate="1.0" complexity="0">
							<lines>
								<line number="121" hits="12" branch="false"/>
								<line number="122" hits="12" branch="false"/>
							</lines>
						</method>
						<method name="validateHttpHeaders" signature="(Z)Lio/netty/handler/codec/http2/InboundHttp2ToHttpAdapter$Builder;" line-rate="1.0" branch-rate="1.0" complexity="0">
							<lines>
								<line number="109" hits="12" branch="false"/>
								<line number="110" hits="12" branch="false"/>
							</lines>
						</method>
					</methods>
					<lines>
						<line number="70" hits="144" branch="false"/>
						<line number="82" hits="24" branch="false"/>
						<line number="83" hits="24" branch="false"/>
						<line number="84" hits="24" branch="false"/>
						<line number="94" hits="24" branch="false"/>
						<line number="95" hits="24" branch="false"/>
						<line number="109" hits="12" branch="false"/>
						<line number="110" hits="12" branch="false"/>
						<line number="121" hits="12" branch="false"/>
						<line number="122" hits="12" branch="false"/>
						<line number="129" hits="0" branch="false"/>
						<line number="130" hits="0" branch="false"/>
						<line number="131" hits="0" branch="false"/>
					</lines>
				</class>
				<class name="io.netty.handler.codec.http2.InboundHttp2ToHttpAdapter$ImmediateSendDetector" filename="io/netty/handler/codec/http2/InboundHttp2ToHttpAdapter.java" line-rate="1.0" branch-rate="1.0" complexity="2.272727272727273">
					<methods>
					</methods>
					<lines>
					</lines>
				</class>
				<class name="io.netty.handler.codec.http2.InboundHttp2ToHttpPriorityAdapter" filename="io/netty/handler/codec/http2/InboundHttp2ToHttpPriorityAdapter.java" line-rate="0.8591549295774648" branch-rate="0.8076923076923077" complexity="1.9375">
					<methods>
						<method name="&lt;clinit&gt;" signature="()V" line-rate="1.0" branch-rate="1.0" complexity="0">
							<lines>
								<line number="39" hits="1" branch="false"/>
								<line number="41" hits="1" branch="false"/>
								<line number="43" hits="1" branch="false"/>
							</lines>
						</method>
						<method name="&lt;init&gt;" signature="(Lio/netty/handler/codec/http2/InboundHttp2ToHttpPriorityAdapter$Builder;)V" line-rate="1.0" branch-rate="1.0" complexity="0">
							<lines>
								<line number="67" hits="24" branch="false"/>
								<line number="68" hits="24" branch="false"/>
								<line number="69" hits="24" branch="false"/>
							</lines>
						</method>
						<method name="addHttpHeadersToHttp2Headers" signature="(Lio/netty/handler/codec/http/HttpHeaders;Lio/netty/handler/codec/http2/Http2Headers;)V" line-rate="0.6" branch-rate="1.0" complexity="0">
							<lines>
								<line number="140" hits="1" branch="false"/>
								<line number="147" hits="0" branch="false"/>
								<line number="148" hits="0" branch="false"/>
								<line number="149" hits="1" branch="false"/>
								<line number="150" hits="1" branch="false"/>
							</lines>
						</method>
						<method name="exportOutOfMessageFlowHeaders" signature="(ILio/netty/handler/codec/http/HttpHeaders;)V" line-rate="0.75" branch-rate="0.5" complexity="0">
							<lines>
								<line number="106" hits="35" branch="false"/>
								<line number="107" hits="35" branch="true" condition-coverage="50% (1/2)">
									<conditions>
										<condition number="0" type="jump" coverage="50%"/>
									</conditions>
								</line>
								<line number="108" hits="0" branch="false"/>
								<line number="110" hits="35" branch="false"/>
							</lines>
						</method>
						<method name="fireChannelRead" signature="(Lio/netty/channel/ChannelHandlerContext;Lio/netty/handler/codec/http/FullHttpMessage;I)V" line-rate="1.0" branch-rate="1.0" complexity="0">
							<lines>
								<line number="154" hits="18" branch="false"/>
								<line number="155" hits="18" branch="false"/>
								<line number="156" hits="18" branch="false"/>
							</lines>
						</method>
						<method name="getActiveHeaders" signature="(Lio/netty/handler/codec/http/FullHttpMessage;)Lio/netty/handler/codec/http/HttpHeaders;" line-rate="1.0" branch-rate="1.0" complexity="0">
							<lines>
								<line number="83" hits="37" branch="true" condition-coverage="100% (2/2)">
									<conditions>
										<condition number="0" type="jump" coverage="100%"/>
									</conditions>
								</line>
							</lines>
						</method>
						<method name="importOutOfMessageFlowHeaders" signature="(ILio/netty/handler/codec/http/HttpHeaders;)V" line-rate="1.0" branch-rate="1.0" complexity="0">
							<lines>
								<line number="92" hits="2" branch="false"/>
								<line number="93" hits="2" branch="true" condition-coverage="100% (2/2)">
									<conditions>
										<condition number="0" type="jump" coverage="100%"/>
									</conditions>
								</line>
								<line number="94" hits="1" branch="false"/>
								<line number="96" hits="1" branch="false"/>
								<line number="98" hits="2" branch="false"/>
							</lines>
						</method>
						<method name="initializePseudoHeaders" signature="(Lio/netty/handler/codec/http2/Http2Headers;)V" line-rate="0.75" branch-rate="0.5" complexity="0">
							<lines>
								<line number="126" hits="1" branch="true" condition-coverage="50% (1/2)">
									<conditions>
										<condition number="0" type="jump" coverage="50%"/>
									</conditions>
								</line>
								<line number="127" hits="1" branch="false"/>
								<line number="129" hits="0" branch="false"/>
								<line number="131" hits="1" branch="false"/>
							</lines>
						</method>
						<method name="onPriorityRead" signature="(Lio/netty/channel/ChannelHandlerContext;IISZ)V" line-rate="0.9090909090909091" branch-rate="0.75" complexity="0">
							<lines>
								<line number="212" hits="2" branch="false"/>
								<line number="213" hits="2" branch="true" condition-coverage="100% (2/2)">
									<conditions>
										<condition number="0" type="jump" coverage="100%"/>
									</conditions>
								</line>
								<line number="214" hits="1" branch="false"/>
								<line number="215" hits="1" branch="true" condition-coverage="50% (1/2)">
									<conditions>
										<condition number="0" type="jump" coverage="50%"/>
									</conditions>
								</line>
								<line number="216" hits="0" branch="false"/>
								<line number="219" hits="1" branch="false"/>
								<line number="220" hits="1" branch="false"/>
								<line number="221" hits="1" branch="false"/>
								<line number="222" hits="1" branch="false"/>
								<line number="223" hits="1" branch="false"/>
								<line number="225" hits="2" branch="false"/>
							</lines>
						</method>
						<method name="onPriorityTreeParentChanged" signature="(Lio/netty/handler/codec/http2/Http2Stream;Lio/netty/handler/codec/http2/Http2Stream;)V" line-rate="0.8666666666666667" branch-rate="0.8" complexity="0">
							<lines>
								<line number="171" hits="22" branch="false"/>
								<line number="172" hits="22" branch="false"/>
								<line number="173" hits="22" branch="true" condition-coverage="100% (2/2)">
									<conditions>
										<condition number="0" type="jump" coverage="100%"/>
									</conditions>
								</line>
								<line number="177" hits="21" branch="true" condition-coverage="100% (4/4)">
									<conditions>
										<condition number="0" type="jump" coverage="100%"/>
										<condition number="1" type="jump" coverage="100%"/>
									</conditions>
								</line>
								<line number="178" hits="1" branch="false"/>
								<line number="179" hits="1" branch="false"/>
								<line number="180" hits="1" branch="false"/>
								<line number="181" hits="1" branch="false"/>
								<line number="183" hits="1" branch="true" condition-coverage="50% (1/2)">
									<conditions>
										<condition number="0" type="jump" coverage="50%"/>
									</conditions>
								</line>
								<line number="184" hits="0" branch="false"/>
								<line number="185" hits="0" branch="false"/>
								<line number="186" hits="1" branch="true" condition-coverage="50% (1/2)">
									<conditions>
										<condition number="0" type="jump" coverage="50%"/>
									</conditions>
								</line>
								<line number="187" hits="1" branch="false"/>
								<line number="188" hits="1" branch="false"/>
								<line number="191" hits="22" branch="false"/>
							</lines>
						</method>
						<method name="onWeightChanged" signature="(Lio/netty/handler/codec/http2/Http2Stream;S)V" line-rate="1.0" branch-rate="1.0" complexity="0">
							<lines>
								<line number="195" hits="2" branch="false"/>
								<line number="197" hits="2" branch="true" condition-coverage="100% (2/2)">
									<conditions>
										<condition number="0" type="jump" coverage="100%"/>
									</conditions>
								</line>
								<line number="201" hits="1" branch="false"/>
								<line number="202" hits="1" branch="false"/>
								<line number="204" hits="1" branch="false"/>
								<line number="206" hits="2" branch="false"/>
								<line number="207" hits="2" branch="false"/>
							</lines>
						</method>
						<method name="processHeadersBegin" signature="(Lio/netty/channel/ChannelHandlerContext;ILio/netty/handler/codec/http2/Http2Headers;ZZZ)Lio/netty/handler/codec/http/FullHttpMessage;" line-rate="1.0" branch-rate="1.0" complexity="0">
							<lines>
								<line number="161" hits="19" branch="false"/>
								<line number="163" hits="18" branch="true" condition-coverage="100% (2/2)">
									<conditions>
										<condition number="0" type="jump" coverage="100%"/>
									</conditions>
								</line>
								<line number="164" hits="17" branch="false"/>
								<line number="166" hits="18" branch="false"/>
							</lines>
						</method>
						<method name="removeMessage" signature="(I)V" line-rate="1.0" branch-rate="1.0" complexity="0">
							<lines>
								<line number="73" hits="22" branch="false"/>
								<line number="74" hits="22" branch="false"/>
								<line number="75" hits="22" branch="false"/>
							</lines>
						</method>
						<method name="removePriorityRelatedHeaders" signature="(Lio/netty/handler/codec/http/HttpHeaders;)V" line-rate="0.0" branch-rate="1.0" complexity="0">
							<lines>
								<line number="117" hits="0" branch="false"/>
								<line number="118" hits="0" branch="false"/>
								<line number="119" hits="0" branch="false"/>
							</lines>
						</method>
					</methods>
					<lines>
						<line number="39" hits="1" branch="false"/>
						<line number="41" hits="1" branch="false"/>
						<line number="43" hits="1" branch="false"/>
						<line number="67" hits="24" branch="false"/>
						<line number="68" hits="24" branch="false"/>
						<line number="69" hits="24" branch="false"/>
						<line number="73" hits="22" branch="false"/>
						<line number="74" hits="22" branch="false"/>
						<line number="75" hits="22" branch="false"/>
						<line number="83" hits="37" branch="true" condition-coverage="100% (2/2)">
							<conditions>
								<condition number="0" type="jump" coverage="100%"/>
							</conditions>
						</line>
						<line number="92" hits="2" branch="false"/>
						<line number="93" hits="2" branch="true" condition-coverage="100% (2/2)">
							<conditions>
								<condition number="0" type="jump" coverage="100%"/>
							</conditions>
						</line>
						<line number="94" hits="1" branch="false"/>
						<line number="96" hits="1" branch="false"/>
						<line number="98" hits="2" branch="false"/>
						<line number="106" hits="35" branch="false"/>
						<line number="107" hits="35" branch="true" condition-coverage="50% (1/2)">
							<conditions>
								<condition number="0" type="jump" coverage="50%"/>
							</conditions>
						</line>
						<line number="108" hits="0" branch="false"/>
						<line number="110" hits="35" branch="false"/>
						<line number="117" hits="0" branch="false"/>
						<line number="118" hits="0" branch="false"/>
						<line number="119" hits="0" branch="false"/>
						<line number="126" hits="1" branch="true" condition-coverage="50% (1/2)">
							<conditions>
								<condition number="0" type="jump" coverage="50%"/>
							</conditions>
						</line>
						<line number="127" hits="1" branch="false"/>
						<line number="129" hits="0" branch="false"/>
						<line number="131" hits="1" branch="false"/>
						<line number="140" hits="1" branch="false"/>
						<line number="147" hits="0" branch="false"/>
						<line number="148" hits="0" branch="false"/>
						<line number="149" hits="1" branch="false"/>
						<line number="150" hits="1" branch="false"/>
						<line number="154" hits="18" branch="false"/>
						<line number="155" hits="18" branch="false"/>
						<line number="156" hits="18" branch="false"/>
						<line number="161" hits="19" branch="false"/>
						<line number="163" hits="18" branch="true" condition-coverage="100% (2/2)">
							<conditions>
								<condition number="0" type="jump" coverage="100%"/>
							</conditions>
						</line>
						<line number="164" hits="17" branch="false"/>
						<line number="166" hits="18" branch="false"/>
						<line number="171" hits="22" branch="false"/>
						<line number="172" hits="22" branch="false"/>
						<line number="173" hits="22" branch="true" condition-coverage="100% (2/2)">
							<conditions>
								<condition number="0" type="jump" coverage="100%"/>
							</conditions>
						</line>
						<line number="177" hits="21" branch="true" condition-coverage="100% (4/4)">
							<conditions>
								<condition number="0" type="jump" coverage="100%"/>
								<condition number="1" type="jump" coverage="100%"/>
							</conditions>
						</line>
						<line number="178" hits="1" branch="false"/>
						<line number="179" hits="1" branch="false"/>
						<line number="180" hits="1" branch="false"/>
						<line number="181" hits="1" branch="false"/>
						<line number="183" hits="1" branch="true" condition-coverage="50% (1/2)">
							<conditions>
								<condition number="0" type="jump" coverage="50%"/>
							</conditions>
						</line>
						<line number="184" hits="0" branch="false"/>
						<line number="185" hits="0" branch="false"/>
						<line number="186" hits="1" branch="true" condition-coverage="50% (1/2)">
							<conditions>
								<condition number="0" type="jump" coverage="50%"/>
							</conditions>
						</line>
						<line number="187" hits="1" branch="false"/>
						<line number="188" hits="1" branch="false"/>
						<line number="191" hits="22" branch="false"/>
						<line number="195" hits="2" branch="false"/>
						<line number="197" hits="2" branch="true" condition-coverage="100% (2/2)">
							<conditions>
								<condition number="0" type="jump" coverage="100%"/>
							</conditions>
						</line>
						<line number="201" hits="1" branch="false"/>
						<line number="202" hits="1" branch="false"/>
						<line number="204" hits="1" branch="false"/>
						<line number="206" hits="2" branch="false"/>
						<line number="207" hits="2" branch="false"/>
						<line number="212" hits="2" branch="false"/>
						<line number="213" hits="2" branch="true" condition-coverage="100% (2/2)">
							<conditions>
								<condition number="0" type="jump" coverage="100%"/>
							</conditions>
						</line>
						<line number="214" hits="1" branch="false"/>
						<line number="215" hits="1" branch="true" condition-coverage="50% (1/2)">
							<conditions>
								<condition number="0" type="jump" coverage="50%"/>
							</conditions>
						</line>
						<line number="216" hits="0" branch="false"/>
						<line number="219" hits="1" branch="false"/>
						<line number="220" hits="1" branch="false"/>
						<line number="221" hits="1" branch="false"/>
						<line number="222" hits="1" branch="false"/>
						<line number="223" hits="1" branch="false"/>
						<line number="225" hits="2" branch="false"/>
					</lines>
				</class>
				<class name="io.netty.handler.codec.http2.InboundHttp2ToHttpPriorityAdapter$1" filename="io/netty/handler/codec/http2/InboundHttp2ToHttpPriorityAdapter.java" line-rate="1.0" branch-rate="1.0" complexity="1.9375">
					<methods>
						<method name="&lt;init&gt;" signature="(Lio/netty/handler/codec/http2/Http2Headers;)V" line-rate="1.0" branch-rate="1.0" complexity="0">
							<lines>
								<line number="140" hits="1" branch="false"/>
							</lines>
						</method>
						<method name="visit" signature="(Ljava/util/Map$Entry;)Z" line-rate="1.0" branch-rate="1.0" complexity="0">
							<lines>
								<line number="143" hits="2" branch="false"/>
								<line number="144" hits="2" branch="false"/>
							</lines>
						</method>
					</methods>
					<lines>
						<line number="140" hits="1" branch="false"/>
						<line number="143" hits="2" branch="false"/>
						<line number="144" hits="2" branch="false"/>
					</lines>
				</class>
				<class name="io.netty.handler.codec.http2.InboundHttp2ToHttpPriorityAdapter$Builder" filename="io/netty/handler/codec/http2/InboundHttp2ToHttpPriorityAdapter.java" line-rate="1.0" branch-rate="1.0" complexity="1.9375">
					<methods>
						<method name="&lt;init&gt;" signature="(Lio/netty/handler/codec/http2/Http2Connection;)V" line-rate="1.0" branch-rate="1.0" complexity="0">
							<lines>
								<line number="55" hits="24" branch="false"/>
								<line number="56" hits="24" branch="false"/>
							</lines>
						</method>
						<method name="build" signature="()Lio/netty/handler/codec/http2/InboundHttp2ToHttpAdapter;" line-rate="1.0" branch-rate="1.0" complexity="0">
							<lines>
								<line number="47" hits="24" branch="false"/>
							</lines>
						</method>
						<method name="build" signature="()Lio/netty/handler/codec/http2/InboundHttp2ToHttpPriorityAdapter;" line-rate="1.0" branch-rate="1.0" complexity="0">
							<lines>
								<line number="60" hits="24" branch="false"/>
								<line number="61" hits="24" branch="false"/>
								<line number="62" hits="24" branch="false"/>
							</lines>
						</method>
					</methods>
					<lines>
						<line number="47" hits="24" branch="false"/>
						<line number="55" hits="24" branch="false"/>
						<line number="56" hits="24" branch="false"/>
						<line number="60" hits="24" branch="false"/>
						<line number="61" hits="24" branch="false"/>
						<line number="62" hits="24" branch="false"/>
					</lines>
				</class>
			</classes>
		</package>
	</packages>
</coverage>
