<?xml version="1.0"?>
<!DOCTYPE coverage SYSTEM "http://cobertura.sourceforge.net/xml/coverage-04.dtd">

<coverage line-rate="0.5833333333333334" branch-rate="0.1956521739130435" lines-covered="126" lines-valid="216" branches-covered="18" branches-valid="92" complexity="3.096774193548387" version="2.1.1" timestamp="1436190797741">
	<sources>
		<source>--source</source>
		<source>C:/Users/Arturo/git/Alibaba/dubbo/dubbo-monitor/dubbo-monitor-default/src/main/java</source>
	</sources>
	<packages>
		<package name="com.alibaba.dubbo.monitor.dubbo" line-rate="0.5833333333333334" branch-rate="0.1956521739130435" complexity="3.096774193548387">
			<classes>
				<class name="com.alibaba.dubbo.monitor.dubbo.DubboMonitor" filename="com/alibaba/dubbo/monitor/dubbo/DubboMonitor.java" line-rate="0.8076923076923077" branch-rate="0.36363636363636365" complexity="2.625">
					<methods>
						<method name="&lt;clinit&gt;" signature="()V" line-rate="1.0" branch-rate="1.0" complexity="0">
							<lines>
								<line number="45" hits="2" branch="false"/>
							</lines>
						</method>
						<method name="&lt;init&gt;" signature="(Lcom/alibaba/dubbo/rpc/Invoker;Lcom/alibaba/dubbo/monitor/MonitorService;)V" line-rate="1.0" branch-rate="1.0" complexity="0">
							<lines>
								<line number="48" hits="4" branch="false"/>
								<line number="59" hits="4" branch="false"/>
								<line number="61" hits="4" branch="false"/>
								<line number="62" hits="4" branch="false"/>
								<line number="63" hits="4" branch="false"/>
								<line number="64" hits="4" branch="false"/>
								<line number="66" hits="8" branch="false"/>
								<line number="75" hits="4" branch="false"/>
								<line number="76" hits="4" branch="false"/>
							</lines>
						</method>
						<method name="access$0" signature="()Lcom/alibaba/dubbo/common/logger/Logger;" line-rate="1.0" branch-rate="1.0" complexity="0">
							<lines>
								<line number="43" hits="2" branch="false"/>
							</lines>
						</method>
						<method name="collect" signature="(Lcom/alibaba/dubbo/common/URL;)V" line-rate="0.7297297297297297" branch-rate="0.21428571428571427" complexity="0">
							<lines>
								<line number="141" hits="4" branch="false"/>
								<line number="142" hits="4" branch="false"/>
								<line number="143" hits="4" branch="false"/>
								<line number="144" hits="4" branch="false"/>
								<line number="145" hits="4" branch="false"/>
								<line number="146" hits="4" branch="false"/>
								<line number="148" hits="4" branch="false"/>
								<line number="149" hits="4" branch="false"/>
								<line number="150" hits="4" branch="true" condition-coverage="50% (1/2)">
									<conditions>
										<condition number="0" type="jump" coverage="50%"/>
									</conditions>
								</line>
								<line number="151" hits="4" branch="false"/>
								<line number="152" hits="4" branch="false"/>
								<line number="156" hits="4" branch="false"/>
								<line number="158" hits="4" branch="false"/>
								<line number="159" hits="4" branch="true" condition-coverage="50% (1/2)">
									<conditions>
										<condition number="0" type="jump" coverage="50%"/>
									</conditions>
								</line>
								<line number="160" hits="4" branch="false"/>
								<line number="161" hits="4" branch="false"/>
								<line number="162" hits="4" branch="false"/>
								<line number="163" hits="4" branch="false"/>
								<line number="164" hits="4" branch="false"/>
								<line number="165" hits="4" branch="false"/>
								<line number="166" hits="4" branch="false"/>
								<line number="167" hits="4" branch="false"/>
								<line number="168" hits="4" branch="false"/>
								<line number="169" hits="4" branch="false"/>
								<line number="170" hits="4" branch="false"/>
								<line number="171" hits="0" branch="false"/>
								<line number="172" hits="0" branch="false"/>
								<line number="173" hits="0" branch="false"/>
								<line number="174" hits="0" branch="false"/>
								<line number="175" hits="0" branch="false"/>
								<line number="176" hits="0" branch="false"/>
								<line number="177" hits="0" branch="true" condition-coverage="0% (0/2)">
									<conditions>
										<condition number="0" type="jump" coverage="0%"/>
									</conditions>
								</line>
								<line number="178" hits="0" branch="true" condition-coverage="0% (0/2)">
									<conditions>
										<condition number="0" type="jump" coverage="0%"/>
									</conditions>
								</line>
								<line number="179" hits="0" branch="true" condition-coverage="0% (0/2)">
									<conditions>
										<condition number="0" type="jump" coverage="0%"/>
									</conditions>
								</line>
								<line number="180" hits="0" branch="true" condition-coverage="0% (0/2)">
									<conditions>
										<condition number="0" type="jump" coverage="0%"/>
									</conditions>
								</line>
								<line number="182" hits="4" branch="true" condition-coverage="50% (1/2)">
									<conditions>
										<condition number="0" type="jump" coverage="50%"/>
									</conditions>
								</line>
								<line number="183" hits="4" branch="false"/>
							</lines>
						</method>
						<method name="destroy" signature="()V" line-rate="0.8" branch-rate="1.0" complexity="0">
							<lines>
								<line number="199" hits="4" branch="false"/>
								<line number="200" hits="4" branch="false"/>
								<line number="201" hits="0" branch="false"/>
								<line number="203" hits="4" branch="false"/>
								<line number="204" hits="4" branch="false"/>
							</lines>
						</method>
						<method name="getUrl" signature="()Lcom/alibaba/dubbo/common/URL;" line-rate="1.0" branch-rate="1.0" complexity="0">
							<lines>
								<line number="190" hits="4" branch="false"/>
							</lines>
						</method>
						<method name="isAvailable" signature="()Z" line-rate="0.0" branch-rate="1.0" complexity="0">
							<lines>
								<line number="194" hits="0" branch="false"/>
							</lines>
						</method>
						<method name="lookup" signature="(Lcom/alibaba/dubbo/common/URL;)Ljava/util/List;" line-rate="0.0" branch-rate="1.0" complexity="0">
							<lines>
								<line number="186" hits="0" branch="false"/>
							</lines>
						</method>
						<method name="send" signature="()V" line-rate="0.8541666666666666" branch-rate="0.625" complexity="0">
							<lines>
								<line number="79" hits="4" branch="true" condition-coverage="50% (1/2)">
									<conditions>
										<condition number="0" type="jump" coverage="50%"/>
									</conditions>
								</line>
								<line number="80" hits="4" branch="false"/>
								<line number="82" hits="4" branch="false"/>
								<line number="83" hits="12" branch="true" condition-coverage="100% (2/2)">
									<conditions>
										<condition number="0" type="jump" coverage="100%"/>
									</conditions>
								</line>
								<line number="85" hits="4" branch="false"/>
								<line number="86" hits="4" branch="false"/>
								<line number="87" hits="4" branch="false"/>
								<line number="88" hits="4" branch="false"/>
								<line number="89" hits="4" branch="false"/>
								<line number="90" hits="4" branch="false"/>
								<line number="91" hits="4" branch="false"/>
								<line number="92" hits="4" branch="false"/>
								<line number="93" hits="4" branch="false"/>
								<line number="94" hits="4" branch="false"/>
								<line number="95" hits="4" branch="false"/>
								<line number="96" hits="4" branch="false"/>
								<line number="97" hits="4" branch="false"/>
								<line number="100" hits="8" branch="false"/>
								<line number="101" hits="8" branch="false"/>
								<line number="102" hits="4" branch="false"/>
								<line number="103" hits="4" branch="false"/>
								<line number="104" hits="4" branch="false"/>
								<line number="105" hits="4" branch="false"/>
								<line number="106" hits="4" branch="false"/>
								<line number="107" hits="4" branch="false"/>
								<line number="108" hits="4" branch="false"/>
								<line number="109" hits="4" branch="false"/>
								<line number="110" hits="4" branch="false"/>
								<line number="111" hits="4" branch="false"/>
								<line number="113" hits="4" branch="false"/>
								<line number="117" hits="4" branch="false"/>
								<line number="119" hits="4" branch="false"/>
								<line number="120" hits="4" branch="true" condition-coverage="50% (1/2)">
									<conditions>
										<condition number="0" type="jump" coverage="50%"/>
									</conditions>
								</line>
								<line number="121" hits="0" branch="false"/>
								<line number="122" hits="0" branch="false"/>
								<line number="123" hits="0" branch="false"/>
								<line number="124" hits="0" branch="false"/>
								<line number="125" hits="0" branch="false"/>
								<line number="126" hits="0" branch="false"/>
								<line number="127" hits="0" branch="false"/>
								<line number="128" hits="4" branch="false"/>
								<line number="129" hits="4" branch="false"/>
								<line number="130" hits="4" branch="false"/>
								<line number="131" hits="4" branch="false"/>
								<line number="132" hits="4" branch="false"/>
								<line number="133" hits="4" branch="false"/>
								<line number="135" hits="4" branch="true" condition-coverage="50% (1/2)">
									<conditions>
										<condition number="0" type="jump" coverage="50%"/>
									</conditions>
								</line>
								<line number="137" hits="4" branch="false"/>
							</lines>
						</method>
					</methods>
					<lines>
						<line number="43" hits="2" branch="false"/>
						<line number="45" hits="2" branch="false"/>
						<line number="48" hits="4" branch="false"/>
						<line number="59" hits="4" branch="false"/>
						<line number="61" hits="4" branch="false"/>
						<line number="62" hits="4" branch="false"/>
						<line number="63" hits="4" branch="false"/>
						<line number="64" hits="4" branch="false"/>
						<line number="66" hits="8" branch="false"/>
						<line number="75" hits="4" branch="false"/>
						<line number="76" hits="4" branch="false"/>
						<line number="79" hits="4" branch="true" condition-coverage="50% (1/2)">
							<conditions>
								<condition number="0" type="jump" coverage="50%"/>
							</conditions>
						</line>
						<line number="80" hits="4" branch="false"/>
						<line number="82" hits="4" branch="false"/>
						<line number="83" hits="12" branch="true" condition-coverage="100% (2/2)">
							<conditions>
								<condition number="0" type="jump" coverage="100%"/>
							</conditions>
						</line>
						<line number="85" hits="4" branch="false"/>
						<line number="86" hits="4" branch="false"/>
						<line number="87" hits="4" branch="false"/>
						<line number="88" hits="4" branch="false"/>
						<line number="89" hits="4" branch="false"/>
						<line number="90" hits="4" branch="false"/>
						<line number="91" hits="4" branch="false"/>
						<line number="92" hits="4" branch="false"/>
						<line number="93" hits="4" branch="false"/>
						<line number="94" hits="4" branch="false"/>
						<line number="95" hits="4" branch="false"/>
						<line number="96" hits="4" branch="false"/>
						<line number="97" hits="4" branch="false"/>
						<line number="100" hits="8" branch="false"/>
						<line number="101" hits="8" branch="false"/>
						<line number="102" hits="4" branch="false"/>
						<line number="103" hits="4" branch="false"/>
						<line number="104" hits="4" branch="false"/>
						<line number="105" hits="4" branch="false"/>
						<line number="106" hits="4" branch="false"/>
						<line number="107" hits="4" branch="false"/>
						<line number="108" hits="4" branch="false"/>
						<line number="109" hits="4" branch="false"/>
						<line number="110" hits="4" branch="false"/>
						<line number="111" hits="4" branch="false"/>
						<line number="113" hits="4" branch="false"/>
						<line number="117" hits="4" branch="false"/>
						<line number="119" hits="4" branch="false"/>
						<line number="120" hits="4" branch="true" condition-coverage="50% (1/2)">
							<conditions>
								<condition number="0" type="jump" coverage="50%"/>
							</conditions>
						</line>
						<line number="121" hits="0" branch="false"/>
						<line number="122" hits="0" branch="false"/>
						<line number="123" hits="0" branch="false"/>
						<line number="124" hits="0" branch="false"/>
						<line number="125" hits="0" branch="false"/>
						<line number="126" hits="0" branch="false"/>
						<line number="127" hits="0" branch="false"/>
						<line number="128" hits="4" branch="false"/>
						<line number="129" hits="4" branch="false"/>
						<line number="130" hits="4" branch="false"/>
						<line number="131" hits="4" branch="false"/>
						<line number="132" hits="4" branch="false"/>
						<line number="133" hits="4" branch="false"/>
						<line number="135" hits="4" branch="true" condition-coverage="50% (1/2)">
							<conditions>
								<condition number="0" type="jump" coverage="50%"/>
							</conditions>
						</line>
						<line number="137" hits="4" branch="false"/>
						<line number="141" hits="4" branch="false"/>
						<line number="142" hits="4" branch="false"/>
						<line number="143" hits="4" branch="false"/>
						<line number="144" hits="4" branch="false"/>
						<line number="145" hits="4" branch="false"/>
						<line number="146" hits="4" branch="false"/>
						<line number="148" hits="4" branch="false"/>
						<line number="149" hits="4" branch="false"/>
						<line number="150" hits="4" branch="true" condition-coverage="50% (1/2)">
							<conditions>
								<condition number="0" type="jump" coverage="50%"/>
							</conditions>
						</line>
						<line number="151" hits="4" branch="false"/>
						<line number="152" hits="4" branch="false"/>
						<line number="156" hits="4" branch="false"/>
						<line number="158" hits="4" branch="false"/>
						<line number="159" hits="4" branch="true" condition-coverage="50% (1/2)">
							<conditions>
								<condition number="0" type="jump" coverage="50%"/>
							</conditions>
						</line>
						<line number="160" hits="4" branch="false"/>
						<line number="161" hits="4" branch="false"/>
						<line number="162" hits="4" branch="false"/>
						<line number="163" hits="4" branch="false"/>
						<line number="164" hits="4" branch="false"/>
						<line number="165" hits="4" branch="false"/>
						<line number="166" hits="4" branch="false"/>
						<line number="167" hits="4" branch="false"/>
						<line number="168" hits="4" branch="false"/>
						<line number="169" hits="4" branch="false"/>
						<line number="170" hits="4" branch="false"/>
						<line number="171" hits="0" branch="false"/>
						<line number="172" hits="0" branch="false"/>
						<line number="173" hits="0" branch="false"/>
						<line number="174" hits="0" branch="false"/>
						<line number="175" hits="0" branch="false"/>
						<line number="176" hits="0" branch="false"/>
						<line number="177" hits="0" branch="true" condition-coverage="0% (0/2)">
							<conditions>
								<condition number="0" type="jump" coverage="0%"/>
							</conditions>
						</line>
						<line number="178" hits="0" branch="true" condition-coverage="0% (0/2)">
							<conditions>
								<condition number="0" type="jump" coverage="0%"/>
							</conditions>
						</line>
						<line number="179" hits="0" branch="true" condition-coverage="0% (0/2)">
							<conditions>
								<condition number="0" type="jump" coverage="0%"/>
							</conditions>
						</line>
						<line number="180" hits="0" branch="true" condition-coverage="0% (0/2)">
							<conditions>
								<condition number="0" type="jump" coverage="0%"/>
							</conditions>
						</line>
						<line number="182" hits="4" branch="true" condition-coverage="50% (1/2)">
							<conditions>
								<condition number="0" type="jump" coverage="50%"/>
							</conditions>
						</line>
						<line number="183" hits="4" branch="false"/>
						<line number="186" hits="0" branch="false"/>
						<line number="190" hits="4" branch="false"/>
						<line number="194" hits="0" branch="false"/>
						<line number="199" hits="4" branch="false"/>
						<line number="200" hits="4" branch="false"/>
						<line number="201" hits="0" branch="false"/>
						<line number="203" hits="4" branch="false"/>
						<line number="204" hits="4" branch="false"/>
					</lines>
				</class>
				<class name="com.alibaba.dubbo.monitor.dubbo.DubboMonitor$1" filename="com/alibaba/dubbo/monitor/dubbo/DubboMonitor.java" line-rate="0.8333333333333334" branch-rate="1.0" complexity="2.625">
					<methods>
						<method name="&lt;init&gt;" signature="(Lcom/alibaba/dubbo/monitor/dubbo/DubboMonitor;)V" line-rate="1.0" branch-rate="1.0" complexity="0">
							<lines>
								<line number="1" hits="4" branch="false"/>
								<line number="66" hits="4" branch="false"/>
							</lines>
						</method>
						<method name="run" signature="()V" line-rate="0.75" branch-rate="1.0" complexity="0">
							<lines>
								<line number="70" hits="4" branch="false"/>
								<line number="71" hits="4" branch="false"/>
								<line number="72" hits="0" branch="false"/>
								<line number="74" hits="4" branch="false"/>
							</lines>
						</method>
					</methods>
					<lines>
						<line number="1" hits="4" branch="false"/>
						<line number="66" hits="4" branch="false"/>
						<line number="70" hits="4" branch="false"/>
						<line number="71" hits="4" branch="false"/>
						<line number="72" hits="0" branch="false"/>
						<line number="74" hits="4" branch="false"/>
					</lines>
				</class>
				<class name="com.alibaba.dubbo.monitor.dubbo.DubboMonitorFactroy" filename="com/alibaba/dubbo/monitor/dubbo/DubboMonitorFactroy.java" line-rate="0.8888888888888888" branch-rate="0.375" complexity="2.3333333333333335">
					<methods>
						<method name="&lt;init&gt;" signature="()V" line-rate="1.0" branch-rate="1.0" complexity="0">
							<lines>
								<line number="32" hits="2" branch="false"/>
							</lines>
						</method>
						<method name="createMonitor" signature="(Lcom/alibaba/dubbo/common/URL;)Lcom/alibaba/dubbo/monitor/Monitor;" line-rate="0.8461538461538461" branch-rate="0.375" complexity="0">
							<lines>
								<line number="48" hits="2" branch="false"/>
								<line number="49" hits="2" branch="true" condition-coverage="50% (2/4)">
									<conditions>
										<condition number="0" type="jump" coverage="50%"/>
										<condition number="1" type="jump" coverage="50%"/>
									</conditions>
								</line>
								<line number="50" hits="0" branch="false"/>
								<line number="52" hits="2" branch="false"/>
								<line number="53" hits="2" branch="true" condition-coverage="25% (1/4)">
									<conditions>
										<condition number="0" type="jump" coverage="50%"/>
										<condition number="1" type="jump" coverage="0%"/>
									</conditions>
								</line>
								<line number="54" hits="2" branch="false"/>
								<line number="55" hits="2" branch="false"/>
								<line number="56" hits="0" branch="false"/>
								<line number="58" hits="4" branch="false"/>
								<line number="59" hits="2" branch="false"/>
								<line number="60" hits="2" branch="false"/>
								<line number="61" hits="2" branch="false"/>
								<line number="62" hits="2" branch="false"/>
							</lines>
						</method>
						<method name="setProtocol" signature="(Lcom/alibaba/dubbo/rpc/Protocol;)V" line-rate="1.0" branch-rate="1.0" complexity="0">
							<lines>
								<line number="39" hits="2" branch="false"/>
								<line number="40" hits="2" branch="false"/>
							</lines>
						</method>
						<method name="setProxyFactory" signature="(Lcom/alibaba/dubbo/rpc/ProxyFactory;)V" line-rate="1.0" branch-rate="1.0" complexity="0">
							<lines>
								<line number="43" hits="2" branch="false"/>
								<line number="44" hits="2" branch="false"/>
							</lines>
						</method>
					</methods>
					<lines>
						<line number="32" hits="2" branch="false"/>
						<line number="39" hits="2" branch="false"/>
						<line number="40" hits="2" branch="false"/>
						<line number="43" hits="2" branch="false"/>
						<line number="44" hits="2" branch="false"/>
						<line number="48" hits="2" branch="false"/>
						<line number="49" hits="2" branch="true" condition-coverage="50% (2/4)">
							<conditions>
								<condition number="0" type="jump" coverage="50%"/>
								<condition number="1" type="jump" coverage="50%"/>
							</conditions>
						</line>
						<line number="50" hits="0" branch="false"/>
						<line number="52" hits="2" branch="false"/>
						<line number="53" hits="2" branch="true" condition-coverage="25% (1/4)">
							<conditions>
								<condition number="0" type="jump" coverage="50%"/>
								<condition number="1" type="jump" coverage="0%"/>
							</conditions>
						</line>
						<line number="54" hits="2" branch="false"/>
						<line number="55" hits="2" branch="false"/>
						<line number="56" hits="0" branch="false"/>
						<line number="58" hits="4" branch="false"/>
						<line number="59" hits="2" branch="false"/>
						<line number="60" hits="2" branch="false"/>
						<line number="61" hits="2" branch="false"/>
						<line number="62" hits="2" branch="false"/>
					</lines>
				</class>
				<class name="com.alibaba.dubbo.monitor.dubbo.Statistics" filename="com/alibaba/dubbo/monitor/dubbo/Statistics.java" line-rate="0.23863636363636365" branch-rate="0.11290322580645161" complexity="3.4">
					<methods>
						<method name="&lt;init&gt;" signature="(Lcom/alibaba/dubbo/common/URL;)V" line-rate="1.0" branch-rate="1.0" complexity="0">
							<lines>
								<line number="48" hits="4" branch="false"/>
								<line number="49" hits="4" branch="false"/>
								<line number="50" hits="4" branch="false"/>
								<line number="51" hits="4" branch="false"/>
								<line number="52" hits="4" branch="false"/>
								<line number="53" hits="4" branch="false"/>
								<line number="54" hits="4" branch="false"/>
								<line number="55" hits="4" branch="false"/>
								<line number="56" hits="4" branch="false"/>
								<line number="57" hits="4" branch="false"/>
							</lines>
						</method>
						<method name="equals" signature="(Ljava/lang/Object;)Z" line-rate="0.0" branch-rate="0.0" complexity="0">
							<lines>
								<line number="144" hits="0" branch="true" condition-coverage="0% (0/2)">
									<conditions>
										<condition number="0" type="jump" coverage="0%"/>
									</conditions>
								</line>
								<line number="145" hits="0" branch="false"/>
								<line number="146" hits="0" branch="true" condition-coverage="0% (0/2)">
									<conditions>
										<condition number="0" type="jump" coverage="0%"/>
									</conditions>
								</line>
								<line number="147" hits="0" branch="false"/>
								<line number="148" hits="0" branch="true" condition-coverage="0% (0/2)">
									<conditions>
										<condition number="0" type="jump" coverage="0%"/>
									</conditions>
								</line>
								<line number="149" hits="0" branch="false"/>
								<line number="150" hits="0" branch="false"/>
								<line number="151" hits="0" branch="true" condition-coverage="0% (0/2)">
									<conditions>
										<condition number="0" type="jump" coverage="0%"/>
									</conditions>
								</line>
								<line number="152" hits="0" branch="true" condition-coverage="0% (0/2)">
									<conditions>
										<condition number="0" type="jump" coverage="0%"/>
									</conditions>
								</line>
								<line number="153" hits="0" branch="false"/>
								<line number="154" hits="0" branch="true" condition-coverage="0% (0/2)">
									<conditions>
										<condition number="0" type="jump" coverage="0%"/>
									</conditions>
								</line>
								<line number="155" hits="0" branch="false"/>
								<line number="156" hits="0" branch="true" condition-coverage="0% (0/2)">
									<conditions>
										<condition number="0" type="jump" coverage="0%"/>
									</conditions>
								</line>
								<line number="157" hits="0" branch="true" condition-coverage="0% (0/2)">
									<conditions>
										<condition number="0" type="jump" coverage="0%"/>
									</conditions>
								</line>
								<line number="158" hits="0" branch="false"/>
								<line number="159" hits="0" branch="true" condition-coverage="0% (0/2)">
									<conditions>
										<condition number="0" type="jump" coverage="0%"/>
									</conditions>
								</line>
								<line number="160" hits="0" branch="false"/>
								<line number="161" hits="0" branch="true" condition-coverage="0% (0/2)">
									<conditions>
										<condition number="0" type="jump" coverage="0%"/>
									</conditions>
								</line>
								<line number="162" hits="0" branch="true" condition-coverage="0% (0/2)">
									<conditions>
										<condition number="0" type="jump" coverage="0%"/>
									</conditions>
								</line>
								<line number="163" hits="0" branch="false"/>
								<line number="164" hits="0" branch="true" condition-coverage="0% (0/2)">
									<conditions>
										<condition number="0" type="jump" coverage="0%"/>
									</conditions>
								</line>
								<line number="165" hits="0" branch="false"/>
								<line number="166" hits="0" branch="true" condition-coverage="0% (0/2)">
									<conditions>
										<condition number="0" type="jump" coverage="0%"/>
									</conditions>
								</line>
								<line number="167" hits="0" branch="true" condition-coverage="0% (0/2)">
									<conditions>
										<condition number="0" type="jump" coverage="0%"/>
									</conditions>
								</line>
								<line number="168" hits="0" branch="false"/>
								<line number="169" hits="0" branch="true" condition-coverage="0% (0/2)">
									<conditions>
										<condition number="0" type="jump" coverage="0%"/>
									</conditions>
								</line>
								<line number="170" hits="0" branch="false"/>
								<line number="171" hits="0" branch="true" condition-coverage="0% (0/2)">
									<conditions>
										<condition number="0" type="jump" coverage="0%"/>
									</conditions>
								</line>
								<line number="172" hits="0" branch="true" condition-coverage="0% (0/2)">
									<conditions>
										<condition number="0" type="jump" coverage="0%"/>
									</conditions>
								</line>
								<line number="173" hits="0" branch="false"/>
								<line number="174" hits="0" branch="true" condition-coverage="0% (0/2)">
									<conditions>
										<condition number="0" type="jump" coverage="0%"/>
									</conditions>
								</line>
								<line number="175" hits="0" branch="false"/>
								<line number="176" hits="0" branch="true" condition-coverage="0% (0/2)">
									<conditions>
										<condition number="0" type="jump" coverage="0%"/>
									</conditions>
								</line>
								<line number="177" hits="0" branch="true" condition-coverage="0% (0/2)">
									<conditions>
										<condition number="0" type="jump" coverage="0%"/>
									</conditions>
								</line>
								<line number="178" hits="0" branch="false"/>
								<line number="179" hits="0" branch="true" condition-coverage="0% (0/2)">
									<conditions>
										<condition number="0" type="jump" coverage="0%"/>
									</conditions>
								</line>
								<line number="180" hits="0" branch="false"/>
								<line number="181" hits="0" branch="true" condition-coverage="0% (0/2)">
									<conditions>
										<condition number="0" type="jump" coverage="0%"/>
									</conditions>
								</line>
								<line number="182" hits="0" branch="true" condition-coverage="0% (0/2)">
									<conditions>
										<condition number="0" type="jump" coverage="0%"/>
									</conditions>
								</line>
								<line number="183" hits="0" branch="false"/>
								<line number="184" hits="0" branch="true" condition-coverage="0% (0/2)">
									<conditions>
										<condition number="0" type="jump" coverage="0%"/>
									</conditions>
								</line>
								<line number="185" hits="0" branch="false"/>
								<line number="186" hits="0" branch="false"/>
							</lines>
						</method>
						<method name="getApplication" signature="()Ljava/lang/String;" line-rate="0.0" branch-rate="1.0" complexity="0">
							<lines>
								<line number="68" hits="0" branch="false"/>
							</lines>
						</method>
						<method name="getClient" signature="()Ljava/lang/String;" line-rate="0.0" branch-rate="1.0" complexity="0">
							<lines>
								<line number="111" hits="0" branch="false"/>
							</lines>
						</method>
						<method name="getGroup" signature="()Ljava/lang/String;" line-rate="0.0" branch-rate="1.0" complexity="0">
							<lines>
								<line number="86" hits="0" branch="false"/>
							</lines>
						</method>
						<method name="getMethod" signature="()Ljava/lang/String;" line-rate="0.0" branch-rate="1.0" complexity="0">
							<lines>
								<line number="102" hits="0" branch="false"/>
							</lines>
						</method>
						<method name="getServer" signature="()Ljava/lang/String;" line-rate="0.0" branch-rate="1.0" complexity="0">
							<lines>
								<line number="120" hits="0" branch="false"/>
							</lines>
						</method>
						<method name="getService" signature="()Ljava/lang/String;" line-rate="0.0" branch-rate="1.0" complexity="0">
							<lines>
								<line number="77" hits="0" branch="false"/>
							</lines>
						</method>
						<method name="getUrl" signature="()Lcom/alibaba/dubbo/common/URL;" line-rate="1.0" branch-rate="1.0" complexity="0">
							<lines>
								<line number="60" hits="4" branch="false"/>
							</lines>
						</method>
						<method name="getVersion" signature="()Ljava/lang/String;" line-rate="0.0" branch-rate="1.0" complexity="0">
							<lines>
								<line number="94" hits="0" branch="false"/>
							</lines>
						</method>
						<method name="hashCode" signature="()I" line-rate="1.0" branch-rate="0.5" complexity="0">
							<lines>
								<line number="130" hits="12" branch="false"/>
								<line number="131" hits="12" branch="false"/>
								<line number="132" hits="12" branch="true" condition-coverage="50% (1/2)">
									<conditions>
										<condition number="0" type="jump" coverage="50%"/>
									</conditions>
								</line>
								<line number="133" hits="12" branch="true" condition-coverage="50% (1/2)">
									<conditions>
										<condition number="0" type="jump" coverage="50%"/>
									</conditions>
								</line>
								<line number="134" hits="12" branch="true" condition-coverage="50% (1/2)">
									<conditions>
										<condition number="0" type="jump" coverage="50%"/>
									</conditions>
								</line>
								<line number="135" hits="12" branch="true" condition-coverage="50% (1/2)">
									<conditions>
										<condition number="0" type="jump" coverage="50%"/>
									</conditions>
								</line>
								<line number="136" hits="12" branch="true" condition-coverage="50% (1/2)">
									<conditions>
										<condition number="0" type="jump" coverage="50%"/>
									</conditions>
								</line>
								<line number="137" hits="12" branch="true" condition-coverage="50% (1/2)">
									<conditions>
										<condition number="0" type="jump" coverage="50%"/>
									</conditions>
								</line>
								<line number="138" hits="12" branch="true" condition-coverage="50% (1/2)">
									<conditions>
										<condition number="0" type="jump" coverage="50%"/>
									</conditions>
								</line>
								<line number="139" hits="12" branch="false"/>
							</lines>
						</method>
						<method name="setApplication" signature="(Ljava/lang/String;)Lcom/alibaba/dubbo/monitor/dubbo/Statistics;" line-rate="0.0" branch-rate="1.0" complexity="0">
							<lines>
								<line number="72" hits="0" branch="false"/>
								<line number="73" hits="0" branch="false"/>
							</lines>
						</method>
						<method name="setClient" signature="(Ljava/lang/String;)Lcom/alibaba/dubbo/monitor/dubbo/Statistics;" line-rate="0.0" branch-rate="1.0" complexity="0">
							<lines>
								<line number="115" hits="0" branch="false"/>
								<line number="116" hits="0" branch="false"/>
							</lines>
						</method>
						<method name="setGroup" signature="(Ljava/lang/String;)V" line-rate="0.0" branch-rate="1.0" complexity="0">
							<lines>
								<line number="90" hits="0" branch="false"/>
								<line number="91" hits="0" branch="false"/>
							</lines>
						</method>
						<method name="setMethod" signature="(Ljava/lang/String;)Lcom/alibaba/dubbo/monitor/dubbo/Statistics;" line-rate="0.0" branch-rate="1.0" complexity="0">
							<lines>
								<line number="106" hits="0" branch="false"/>
								<line number="107" hits="0" branch="false"/>
							</lines>
						</method>
						<method name="setServer" signature="(Ljava/lang/String;)Lcom/alibaba/dubbo/monitor/dubbo/Statistics;" line-rate="0.0" branch-rate="1.0" complexity="0">
							<lines>
								<line number="124" hits="0" branch="false"/>
								<line number="125" hits="0" branch="false"/>
							</lines>
						</method>
						<method name="setService" signature="(Ljava/lang/String;)Lcom/alibaba/dubbo/monitor/dubbo/Statistics;" line-rate="0.0" branch-rate="1.0" complexity="0">
							<lines>
								<line number="81" hits="0" branch="false"/>
								<line number="82" hits="0" branch="false"/>
							</lines>
						</method>
						<method name="setUrl" signature="(Lcom/alibaba/dubbo/common/URL;)V" line-rate="0.0" branch-rate="1.0" complexity="0">
							<lines>
								<line number="64" hits="0" branch="false"/>
								<line number="65" hits="0" branch="false"/>
							</lines>
						</method>
						<method name="setVersion" signature="(Ljava/lang/String;)V" line-rate="0.0" branch-rate="1.0" complexity="0">
							<lines>
								<line number="98" hits="0" branch="false"/>
								<line number="99" hits="0" branch="false"/>
							</lines>
						</method>
						<method name="toString" signature="()Ljava/lang/String;" line-rate="0.0" branch-rate="1.0" complexity="0">
							<lines>
								<line number="191" hits="0" branch="false"/>
							</lines>
						</method>
					</methods>
					<lines>
						<line number="48" hits="4" branch="false"/>
						<line number="49" hits="4" branch="false"/>
						<line number="50" hits="4" branch="false"/>
						<line number="51" hits="4" branch="false"/>
						<line number="52" hits="4" branch="false"/>
						<line number="53" hits="4" branch="false"/>
						<line number="54" hits="4" branch="false"/>
						<line number="55" hits="4" branch="false"/>
						<line number="56" hits="4" branch="false"/>
						<line number="57" hits="4" branch="false"/>
						<line number="60" hits="4" branch="false"/>
						<line number="64" hits="0" branch="false"/>
						<line number="65" hits="0" branch="false"/>
						<line number="68" hits="0" branch="false"/>
						<line number="72" hits="0" branch="false"/>
						<line number="73" hits="0" branch="false"/>
						<line number="77" hits="0" branch="false"/>
						<line number="81" hits="0" branch="false"/>
						<line number="82" hits="0" branch="false"/>
						<line number="86" hits="0" branch="false"/>
						<line number="90" hits="0" branch="false"/>
						<line number="91" hits="0" branch="false"/>
						<line number="94" hits="0" branch="false"/>
						<line number="98" hits="0" branch="false"/>
						<line number="99" hits="0" branch="false"/>
						<line number="102" hits="0" branch="false"/>
						<line number="106" hits="0" branch="false"/>
						<line number="107" hits="0" branch="false"/>
						<line number="111" hits="0" branch="false"/>
						<line number="115" hits="0" branch="false"/>
						<line number="116" hits="0" branch="false"/>
						<line number="120" hits="0" branch="false"/>
						<line number="124" hits="0" branch="false"/>
						<line number="125" hits="0" branch="false"/>
						<line number="130" hits="12" branch="false"/>
						<line number="131" hits="12" branch="false"/>
						<line number="132" hits="12" branch="true" condition-coverage="50% (1/2)">
							<conditions>
								<condition number="0" type="jump" coverage="50%"/>
							</conditions>
						</line>
						<line number="133" hits="12" branch="true" condition-coverage="50% (1/2)">
							<conditions>
								<condition number="0" type="jump" coverage="50%"/>
							</conditions>
						</line>
						<line number="134" hits="12" branch="true" condition-coverage="50% (1/2)">
							<conditions>
								<condition number="0" type="jump" coverage="50%"/>
							</conditions>
						</line>
						<line number="135" hits="12" branch="true" condition-coverage="50% (1/2)">
							<conditions>
								<condition number="0" type="jump" coverage="50%"/>
							</conditions>
						</line>
						<line number="136" hits="12" branch="true" condition-coverage="50% (1/2)">
							<conditions>
								<condition number="0" type="jump" coverage="50%"/>
							</conditions>
						</line>
						<line number="137" hits="12" branch="true" condition-coverage="50% (1/2)">
							<conditions>
								<condition number="0" type="jump" coverage="50%"/>
							</conditions>
						</line>
						<line number="138" hits="12" branch="true" condition-coverage="50% (1/2)">
							<conditions>
								<condition number="0" type="jump" coverage="50%"/>
							</conditions>
						</line>
						<line number="139" hits="12" branch="false"/>
						<line number="144" hits="0" branch="true" condition-coverage="0% (0/2)">
							<conditions>
								<condition number="0" type="jump" coverage="0%"/>
							</conditions>
						</line>
						<line number="145" hits="0" branch="false"/>
						<line number="146" hits="0" branch="true" condition-coverage="0% (0/2)">
							<conditions>
								<condition number="0" type="jump" coverage="0%"/>
							</conditions>
						</line>
						<line number="147" hits="0" branch="false"/>
						<line number="148" hits="0" branch="true" condition-coverage="0% (0/2)">
							<conditions>
								<condition number="0" type="jump" coverage="0%"/>
							</conditions>
						</line>
						<line number="149" hits="0" branch="false"/>
						<line number="150" hits="0" branch="false"/>
						<line number="151" hits="0" branch="true" condition-coverage="0% (0/2)">
							<conditions>
								<condition number="0" type="jump" coverage="0%"/>
							</conditions>
						</line>
						<line number="152" hits="0" branch="true" condition-coverage="0% (0/2)">
							<conditions>
								<condition number="0" type="jump" coverage="0%"/>
							</conditions>
						</line>
						<line number="153" hits="0" branch="false"/>
						<line number="154" hits="0" branch="true" condition-coverage="0% (0/2)">
							<conditions>
								<condition number="0" type="jump" coverage="0%"/>
							</conditions>
						</line>
						<line number="155" hits="0" branch="false"/>
						<line number="156" hits="0" branch="true" condition-coverage="0% (0/2)">
							<conditions>
								<condition number="0" type="jump" coverage="0%"/>
							</conditions>
						</line>
						<line number="157" hits="0" branch="true" condition-coverage="0% (0/2)">
							<conditions>
								<condition number="0" type="jump" coverage="0%"/>
							</conditions>
						</line>
						<line number="158" hits="0" branch="false"/>
						<line number="159" hits="0" branch="true" condition-coverage="0% (0/2)">
							<conditions>
								<condition number="0" type="jump" coverage="0%"/>
							</conditions>
						</line>
						<line number="160" hits="0" branch="false"/>
						<line number="161" hits="0" branch="true" condition-coverage="0% (0/2)">
							<conditions>
								<condition number="0" type="jump" coverage="0%"/>
							</conditions>
						</line>
						<line number="162" hits="0" branch="true" condition-coverage="0% (0/2)">
							<conditions>
								<condition number="0" type="jump" coverage="0%"/>
							</conditions>
						</line>
						<line number="163" hits="0" branch="false"/>
						<line number="164" hits="0" branch="true" condition-coverage="0% (0/2)">
							<conditions>
								<condition number="0" type="jump" coverage="0%"/>
							</conditions>
						</line>
						<line number="165" hits="0" branch="false"/>
						<line number="166" hits="0" branch="true" condition-coverage="0% (0/2)">
							<conditions>
								<condition number="0" type="jump" coverage="0%"/>
							</conditions>
						</line>
						<line number="167" hits="0" branch="true" condition-coverage="0% (0/2)">
							<conditions>
								<condition number="0" type="jump" coverage="0%"/>
							</conditions>
						</line>
						<line number="168" hits="0" branch="false"/>
						<line number="169" hits="0" branch="true" condition-coverage="0% (0/2)">
							<conditions>
								<condition number="0" type="jump" coverage="0%"/>
							</conditions>
						</line>
						<line number="170" hits="0" branch="false"/>
						<line number="171" hits="0" branch="true" condition-coverage="0% (0/2)">
							<conditions>
								<condition number="0" type="jump" coverage="0%"/>
							</conditions>
						</line>
						<line number="172" hits="0" branch="true" condition-coverage="0% (0/2)">
							<conditions>
								<condition number="0" type="jump" coverage="0%"/>
							</conditions>
						</line>
						<line number="173" hits="0" branch="false"/>
						<line number="174" hits="0" branch="true" condition-coverage="0% (0/2)">
							<conditions>
								<condition number="0" type="jump" coverage="0%"/>
							</conditions>
						</line>
						<line number="175" hits="0" branch="false"/>
						<line number="176" hits="0" branch="true" condition-coverage="0% (0/2)">
							<conditions>
								<condition number="0" type="jump" coverage="0%"/>
							</conditions>
						</line>
						<line number="177" hits="0" branch="true" condition-coverage="0% (0/2)">
							<conditions>
								<condition number="0" type="jump" coverage="0%"/>
							</conditions>
						</line>
						<line number="178" hits="0" branch="false"/>
						<line number="179" hits="0" branch="true" condition-coverage="0% (0/2)">
							<conditions>
								<condition number="0" type="jump" coverage="0%"/>
							</conditions>
						</line>
						<line number="180" hits="0" branch="false"/>
						<line number="181" hits="0" branch="true" condition-coverage="0% (0/2)">
							<conditions>
								<condition number="0" type="jump" coverage="0%"/>
							</conditions>
						</line>
						<line number="182" hits="0" branch="true" condition-coverage="0% (0/2)">
							<conditions>
								<condition number="0" type="jump" coverage="0%"/>
							</conditions>
						</line>
						<line number="183" hits="0" branch="false"/>
						<line number="184" hits="0" branch="true" condition-coverage="0% (0/2)">
							<conditions>
								<condition number="0" type="jump" coverage="0%"/>
							</conditions>
						</line>
						<line number="185" hits="0" branch="false"/>
						<line number="186" hits="0" branch="false"/>
						<line number="191" hits="0" branch="false"/>
					</lines>
				</class>
			</classes>
		</package>
	</packages>
</coverage>
