<?xml version="1.0"?>
<!DOCTYPE coverage SYSTEM "http://cobertura.sourceforge.net/xml/coverage-04.dtd">

<coverage line-rate="0.6705882352941176" branch-rate="0.325" lines-covered="57" lines-valid="85" branches-covered="13" branches-valid="40" complexity="2.35" version="2.1.1" timestamp="1436190740798">
	<sources>
		<source>C:/Users/Arturo/git/Alibaba/dubbo/dubbo-rpc/dubbo-rpc-hessian/src/main/java</source>
		<source>--source</source>
	</sources>
	<packages>
		<package name="com.alibaba.dubbo.rpc.protocol.hessian" line-rate="0.6705882352941176" branch-rate="0.325" complexity="2.35">
			<classes>
				<class name="com.alibaba.dubbo.rpc.protocol.hessian.HessianProtocol" filename="com/alibaba/dubbo/rpc/protocol/hessian/HessianProtocol.java" line-rate="0.6444444444444445" branch-rate="0.4166666666666667" complexity="3.2222222222222223">
					<methods>
						<method name="&lt;init&gt;" signature="()V" line-rate="1.0" branch-rate="1.0" complexity="0">
							<lines>
								<line number="49" hits="2" branch="false"/>
								<line number="56" hits="2" branch="false"/>
								<line number="57" hits="2" branch="false"/>
							</lines>
						</method>
						<method name="access$0" signature="(Lcom/alibaba/dubbo/rpc/protocol/hessian/HessianProtocol;)Ljava/util/Map;" line-rate="1.0" branch-rate="1.0" complexity="0">
							<lines>
								<line number="51" hits="18" branch="false"/>
							</lines>
						</method>
						<method name="destroy" signature="()V" line-rate="0.0" branch-rate="0.0" complexity="0">
							<lines>
								<line number="135" hits="0" branch="false"/>
								<line number="136" hits="0" branch="true" condition-coverage="0% (0/2)">
									<conditions>
										<condition number="0" type="jump" coverage="0%"/>
									</conditions>
								</line>
								<line number="137" hits="0" branch="false"/>
								<line number="138" hits="0" branch="true" condition-coverage="0% (0/2)">
									<conditions>
										<condition number="0" type="jump" coverage="0%"/>
									</conditions>
								</line>
								<line number="140" hits="0" branch="true" condition-coverage="0% (0/2)">
									<conditions>
										<condition number="0" type="jump" coverage="0%"/>
									</conditions>
								</line>
								<line number="141" hits="0" branch="false"/>
								<line number="143" hits="0" branch="false"/>
								<line number="144" hits="0" branch="false"/>
								<line number="145" hits="0" branch="false"/>
								<line number="149" hits="0" branch="false"/>
							</lines>
						</method>
						<method name="doExport" signature="(Ljava/lang/Object;Ljava/lang/Class;Lcom/alibaba/dubbo/common/URL;)Ljava/lang/Runnable;" line-rate="1.0" branch-rate="1.0" complexity="0">
							<lines>
								<line number="88" hits="8" branch="false"/>
								<line number="89" hits="8" branch="false"/>
								<line number="90" hits="8" branch="true" condition-coverage="100% (2/2)">
									<conditions>
										<condition number="0" type="jump" coverage="100%"/>
									</conditions>
								</line>
								<line number="91" hits="2" branch="false"/>
								<line number="92" hits="2" branch="false"/>
								<line number="94" hits="8" branch="false"/>
								<line number="95" hits="8" branch="false"/>
								<line number="96" hits="8" branch="false"/>
								<line number="97" hits="8" branch="false"/>
							</lines>
						</method>
						<method name="doRefer" signature="(Ljava/lang/Class;Lcom/alibaba/dubbo/common/URL;)Ljava/lang/Object;" line-rate="0.9" branch-rate="0.625" complexity="0">
							<lines>
								<line number="106" hits="8" branch="false"/>
								<line number="107" hits="8" branch="false"/>
								<line number="108" hits="8" branch="true" condition-coverage="100% (2/2)">
									<conditions>
										<condition number="0" type="jump" coverage="100%"/>
									</conditions>
								</line>
								<line number="109" hits="2" branch="false"/>
								<line number="110" hits="2" branch="true" condition-coverage="50% (3/6)">
									<conditions>
										<condition number="0" type="jump" coverage="50%"/>
										<condition number="1" type="jump" coverage="50%"/>
										<condition number="2" type="jump" coverage="50%"/>
									</conditions>
								</line>
								<line number="111" hits="0" branch="false"/>
								<line number="113" hits="8" branch="false"/>
								<line number="114" hits="8" branch="false"/>
								<line number="115" hits="8" branch="false"/>
								<line number="116" hits="8" branch="false"/>
							</lines>
						</method>
						<method name="getDefaultPort" signature="()I" line-rate="0.0" branch-rate="1.0" complexity="0">
							<lines>
								<line number="64" hits="0" branch="false"/>
							</lines>
						</method>
						<method name="getErrorCode" signature="(Ljava/lang/Throwable;)I" line-rate="0.5555555555555556" branch-rate="0.375" complexity="0">
							<lines>
								<line number="120" hits="2" branch="true" condition-coverage="50% (1/2)">
									<conditions>
										<condition number="0" type="jump" coverage="50%"/>
									</conditions>
								</line>
								<line number="121" hits="2" branch="true" condition-coverage="50% (1/2)">
									<conditions>
										<condition number="0" type="jump" coverage="50%"/>
									</conditions>
								</line>
								<line number="122" hits="2" branch="false"/>
								<line number="123" hits="2" branch="true" condition-coverage="50% (1/2)">
									<conditions>
										<condition number="0" type="jump" coverage="50%"/>
									</conditions>
								</line>
								<line number="124" hits="2" branch="false"/>
								<line number="127" hits="0" branch="false"/>
								<line number="128" hits="0" branch="true" condition-coverage="0% (0/2)">
									<conditions>
										<condition number="0" type="jump" coverage="0%"/>
									</conditions>
								</line>
								<line number="129" hits="0" branch="false"/>
								<line number="131" hits="0" branch="false"/>
							</lines>
						</method>
						<method name="setHttpBinder" signature="(Lcom/alibaba/dubbo/remoting/http/HttpBinder;)V" line-rate="1.0" branch-rate="1.0" complexity="0">
							<lines>
								<line number="60" hits="2" branch="false"/>
								<line number="61" hits="2" branch="false"/>
							</lines>
						</method>
					</methods>
					<lines>
						<line number="49" hits="2" branch="false"/>
						<line number="51" hits="18" branch="false"/>
						<line number="56" hits="2" branch="false"/>
						<line number="57" hits="2" branch="false"/>
						<line number="60" hits="2" branch="false"/>
						<line number="61" hits="2" branch="false"/>
						<line number="64" hits="0" branch="false"/>
						<line number="88" hits="8" branch="false"/>
						<line number="89" hits="8" branch="false"/>
						<line number="90" hits="8" branch="true" condition-coverage="100% (2/2)">
							<conditions>
								<condition number="0" type="jump" coverage="100%"/>
							</conditions>
						</line>
						<line number="91" hits="2" branch="false"/>
						<line number="92" hits="2" branch="false"/>
						<line number="94" hits="8" branch="false"/>
						<line number="95" hits="8" branch="false"/>
						<line number="96" hits="8" branch="false"/>
						<line number="97" hits="8" branch="false"/>
						<line number="106" hits="8" branch="false"/>
						<line number="107" hits="8" branch="false"/>
						<line number="108" hits="8" branch="true" condition-coverage="100% (2/2)">
							<conditions>
								<condition number="0" type="jump" coverage="100%"/>
							</conditions>
						</line>
						<line number="109" hits="2" branch="false"/>
						<line number="110" hits="2" branch="true" condition-coverage="50% (3/6)">
							<conditions>
								<condition number="0" type="jump" coverage="50%"/>
								<condition number="1" type="jump" coverage="50%"/>
								<condition number="2" type="jump" coverage="50%"/>
							</conditions>
						</line>
						<line number="111" hits="0" branch="false"/>
						<line number="113" hits="8" branch="false"/>
						<line number="114" hits="8" branch="false"/>
						<line number="115" hits="8" branch="false"/>
						<line number="116" hits="8" branch="false"/>
						<line number="120" hits="2" branch="true" condition-coverage="50% (1/2)">
							<conditions>
								<condition number="0" type="jump" coverage="50%"/>
							</conditions>
						</line>
						<line number="121" hits="2" branch="true" condition-coverage="50% (1/2)">
							<conditions>
								<condition number="0" type="jump" coverage="50%"/>
							</conditions>
						</line>
						<line number="122" hits="2" branch="false"/>
						<line number="123" hits="2" branch="true" condition-coverage="50% (1/2)">
							<conditions>
								<condition number="0" type="jump" coverage="50%"/>
							</conditions>
						</line>
						<line number="124" hits="2" branch="false"/>
						<line number="127" hits="0" branch="false"/>
						<line number="128" hits="0" branch="true" condition-coverage="0% (0/2)">
							<conditions>
								<condition number="0" type="jump" coverage="0%"/>
							</conditions>
						</line>
						<line number="129" hits="0" branch="false"/>
						<line number="131" hits="0" branch="false"/>
						<line number="135" hits="0" branch="false"/>
						<line number="136" hits="0" branch="true" condition-coverage="0% (0/2)">
							<conditions>
								<condition number="0" type="jump" coverage="0%"/>
							</conditions>
						</line>
						<line number="137" hits="0" branch="false"/>
						<line number="138" hits="0" branch="true" condition-coverage="0% (0/2)">
							<conditions>
								<condition number="0" type="jump" coverage="0%"/>
							</conditions>
						</line>
						<line number="140" hits="0" branch="true" condition-coverage="0% (0/2)">
							<conditions>
								<condition number="0" type="jump" coverage="0%"/>
							</conditions>
						</line>
						<line number="141" hits="0" branch="false"/>
						<line number="143" hits="0" branch="false"/>
						<line number="144" hits="0" branch="false"/>
						<line number="145" hits="0" branch="false"/>
						<line number="149" hits="0" branch="false"/>
					</lines>
				</class>
				<class name="com.alibaba.dubbo.rpc.protocol.hessian.HessianProtocol$1" filename="com/alibaba/dubbo/rpc/protocol/hessian/HessianProtocol.java" line-rate="1.0" branch-rate="1.0" complexity="3.2222222222222223">
					<methods>
						<method name="&lt;init&gt;" signature="(Lcom/alibaba/dubbo/rpc/protocol/hessian/HessianProtocol;Ljava/lang/String;)V" line-rate="1.0" branch-rate="1.0" complexity="0">
							<lines>
								<line number="1" hits="8" branch="false"/>
								<line number="97" hits="8" branch="false"/>
							</lines>
						</method>
						<method name="run" signature="()V" line-rate="1.0" branch-rate="1.0" complexity="0">
							<lines>
								<line number="99" hits="8" branch="false"/>
								<line number="100" hits="8" branch="false"/>
							</lines>
						</method>
					</methods>
					<lines>
						<line number="1" hits="8" branch="false"/>
						<line number="97" hits="8" branch="false"/>
						<line number="99" hits="8" branch="false"/>
						<line number="100" hits="8" branch="false"/>
					</lines>
				</class>
				<class name="com.alibaba.dubbo.rpc.protocol.hessian.HessianProtocol$HessianHandler" filename="com/alibaba/dubbo/rpc/protocol/hessian/HessianProtocol.java" line-rate="0.7272727272727273" branch-rate="0.5" complexity="3.2222222222222223">
					<methods>
						<method name="&lt;init&gt;" signature="(Lcom/alibaba/dubbo/rpc/protocol/hessian/HessianProtocol;)V" line-rate="1.0" branch-rate="1.0" complexity="0">
							<lines>
							</lines>
						</method>
						<method name="&lt;init&gt;" signature="(Lcom/alibaba/dubbo/rpc/protocol/hessian/HessianProtocol;Lcom/alibaba/dubbo/rpc/protocol/hessian/HessianProtocol$HessianHandler;)V" line-rate="1.0" branch-rate="1.0" complexity="0">
							<lines>
								<line number="67" hits="4" branch="false"/>
							</lines>
						</method>
						<method name="handle" signature="(Ljavax/servlet/http/HttpServletRequest;Ljavax/servlet/http/HttpServletResponse;)V" line-rate="0.7" branch-rate="0.5" complexity="0">
							<lines>
								<line number="71" hits="8" branch="false"/>
								<line number="72" hits="8" branch="false"/>
								<line number="73" hits="8" branch="true" condition-coverage="50% (1/2)">
									<conditions>
										<condition number="0" type="jump" coverage="50%"/>
									</conditions>
								</line>
								<line number="74" hits="0" branch="false"/>
								<line number="75" hits="0" branch="false"/>
								<line number="76" hits="8" branch="false"/>
								<line number="78" hits="8" branch="false"/>
								<line number="79" hits="6" branch="false"/>
								<line number="80" hits="0" branch="false"/>
								<line number="83" hits="6" branch="false"/>
							</lines>
						</method>
					</methods>
					<lines>
						<line number="67" hits="4" branch="false"/>
						<line number="71" hits="8" branch="false"/>
						<line number="72" hits="8" branch="false"/>
						<line number="73" hits="8" branch="true" condition-coverage="50% (1/2)">
							<conditions>
								<condition number="0" type="jump" coverage="50%"/>
							</conditions>
						</line>
						<line number="74" hits="0" branch="false"/>
						<line number="75" hits="0" branch="false"/>
						<line number="76" hits="8" branch="false"/>
						<line number="78" hits="8" branch="false"/>
						<line number="79" hits="6" branch="false"/>
						<line number="80" hits="0" branch="false"/>
						<line number="83" hits="6" branch="false"/>
					</lines>
				</class>
				<class name="com.alibaba.dubbo.rpc.protocol.hessian.HttpClientConnection" filename="com/alibaba/dubbo/rpc/protocol/hessian/HttpClientConnection.java" line-rate="0.6842105263157895" branch-rate="0.14285714285714285" complexity="1.7777777777777777">
					<methods>
						<method name="&lt;init&gt;" signature="(Lorg/apache/http/client/HttpClient;Ljava/net/URL;)V" line-rate="1.0" branch-rate="1.0" complexity="0">
							<lines>
								<line number="47" hits="2" branch="false"/>
								<line number="48" hits="2" branch="false"/>
								<line number="49" hits="2" branch="false"/>
								<line number="50" hits="2" branch="false"/>
								<line number="51" hits="2" branch="false"/>
							</lines>
						</method>
						<method name="addHeader" signature="(Ljava/lang/String;Ljava/lang/String;)V" line-rate="1.0" branch-rate="1.0" complexity="0">
							<lines>
								<line number="54" hits="2" branch="false"/>
								<line number="55" hits="2" branch="false"/>
							</lines>
						</method>
						<method name="close" signature="()V" line-rate="0.0" branch-rate="0.0" complexity="0">
							<lines>
								<line number="79" hits="0" branch="false"/>
								<line number="80" hits="0" branch="true" condition-coverage="0% (0/2)">
									<conditions>
										<condition number="0" type="jump" coverage="0%"/>
									</conditions>
								</line>
								<line number="81" hits="0" branch="false"/>
								<line number="83" hits="0" branch="false"/>
							</lines>
						</method>
						<method name="destroy" signature="()V" line-rate="1.0" branch-rate="1.0" complexity="0">
							<lines>
								<line number="86" hits="2" branch="false"/>
							</lines>
						</method>
						<method name="getInputStream" signature="()Ljava/io/InputStream;" line-rate="1.0" branch-rate="0.5" complexity="0">
							<lines>
								<line number="75" hits="2" branch="true" condition-coverage="50% (2/4)">
									<conditions>
										<condition number="0" type="jump" coverage="50%"/>
										<condition number="1" type="jump" coverage="50%"/>
									</conditions>
								</line>
							</lines>
						</method>
						<method name="getOutputStream" signature="()Ljava/io/OutputStream;" line-rate="1.0" branch-rate="1.0" complexity="0">
							<lines>
								<line number="58" hits="2" branch="false"/>
							</lines>
						</method>
						<method name="getStatusCode" signature="()I" line-rate="0.0" branch-rate="0.0" complexity="0">
							<lines>
								<line number="67" hits="0" branch="true" condition-coverage="0% (0/4)">
									<conditions>
										<condition number="0" type="jump" coverage="0%"/>
										<condition number="1" type="jump" coverage="0%"/>
									</conditions>
								</line>
							</lines>
						</method>
						<method name="getStatusMessage" signature="()Ljava/lang/String;" line-rate="0.0" branch-rate="0.0" complexity="0">
							<lines>
								<line number="71" hits="0" branch="true" condition-coverage="0% (0/4)">
									<conditions>
										<condition number="0" type="jump" coverage="0%"/>
										<condition number="1" type="jump" coverage="0%"/>
									</conditions>
								</line>
							</lines>
						</method>
						<method name="sendRequest" signature="()V" line-rate="1.0" branch-rate="1.0" complexity="0">
							<lines>
								<line number="62" hits="2" branch="false"/>
								<line number="63" hits="2" branch="false"/>
								<line number="64" hits="2" branch="false"/>
							</lines>
						</method>
					</methods>
					<lines>
						<line number="47" hits="2" branch="false"/>
						<line number="48" hits="2" branch="false"/>
						<line number="49" hits="2" branch="false"/>
						<line number="50" hits="2" branch="false"/>
						<line number="51" hits="2" branch="false"/>
						<line number="54" hits="2" branch="false"/>
						<line number="55" hits="2" branch="false"/>
						<line number="58" hits="2" branch="false"/>
						<line number="62" hits="2" branch="false"/>
						<line number="63" hits="2" branch="false"/>
						<line number="64" hits="2" branch="false"/>
						<line number="67" hits="0" branch="true" condition-coverage="0% (0/4)">
							<conditions>
								<condition number="0" type="jump" coverage="0%"/>
								<condition number="1" type="jump" coverage="0%"/>
							</conditions>
						</line>
						<line number="71" hits="0" branch="true" condition-coverage="0% (0/4)">
							<conditions>
								<condition number="0" type="jump" coverage="0%"/>
								<condition number="1" type="jump" coverage="0%"/>
							</conditions>
						</line>
						<line number="75" hits="2" branch="true" condition-coverage="50% (2/4)">
							<conditions>
								<condition number="0" type="jump" coverage="50%"/>
								<condition number="1" type="jump" coverage="50%"/>
							</conditions>
						</line>
						<line number="79" hits="0" branch="false"/>
						<line number="80" hits="0" branch="true" condition-coverage="0% (0/2)">
							<conditions>
								<condition number="0" type="jump" coverage="0%"/>
							</conditions>
						</line>
						<line number="81" hits="0" branch="false"/>
						<line number="83" hits="0" branch="false"/>
						<line number="86" hits="2" branch="false"/>
					</lines>
				</class>
				<class name="com.alibaba.dubbo.rpc.protocol.hessian.HttpClientConnectionFactory" filename="com/alibaba/dubbo/rpc/protocol/hessian/HttpClientConnectionFactory.java" line-rate="0.5" branch-rate="1.0" complexity="1.0">
					<methods>
						<method name="&lt;init&gt;" signature="()V" line-rate="1.0" branch-rate="1.0" complexity="0">
							<lines>
								<line number="34" hits="4" branch="false"/>
								<line number="36" hits="2" branch="false"/>
							</lines>
						</method>
						<method name="open" signature="(Ljava/net/URL;)Lcom/caucho/hessian/client/HessianConnection;" line-rate="1.0" branch-rate="1.0" complexity="0">
							<lines>
								<line number="44" hits="2" branch="false"/>
							</lines>
						</method>
						<method name="setHessianProxyFactory" signature="(Lcom/caucho/hessian/client/HessianProxyFactory;)V" line-rate="0.0" branch-rate="1.0" complexity="0">
							<lines>
								<line number="39" hits="0" branch="false"/>
								<line number="40" hits="0" branch="false"/>
								<line number="41" hits="0" branch="false"/>
							</lines>
						</method>
					</methods>
					<lines>
						<line number="34" hits="4" branch="false"/>
						<line number="36" hits="2" branch="false"/>
						<line number="39" hits="0" branch="false"/>
						<line number="40" hits="0" branch="false"/>
						<line number="41" hits="0" branch="false"/>
						<line number="44" hits="2" branch="false"/>
					</lines>
				</class>
			</classes>
		</package>
	</packages>
</coverage>
