<?xml version="1.0"?>
<!DOCTYPE coverage SYSTEM "http://cobertura.sourceforge.net/xml/coverage-04.dtd">

<coverage line-rate="0.045871559633027525" branch-rate="0.0" lines-covered="5" lines-valid="109" branches-covered="0" branches-valid="72" complexity="4.166666666666667" version="2.1.1" timestamp="1436190866394">
	<sources>
		<source>C:/Users/Arturo/git/Alibaba/dubbo/dubbo-simple/dubbo-registry-simple/src/main/java</source>
		<source>--source</source>
	</sources>
	<packages>
		<package name="com.alibaba.dubbo.registry.simple" line-rate="0.045871559633027525" branch-rate="0.0" complexity="4.166666666666667">
			<classes>
				<class name="com.alibaba.dubbo.registry.simple.SimpleRegistryService" filename="com/alibaba/dubbo/registry/simple/SimpleRegistryService.java" line-rate="0.053763440860215055" branch-rate="0.0" complexity="4.166666666666667">
					<methods>
						<method name="&lt;clinit&gt;" signature="()V" line-rate="1.0" branch-rate="1.0" complexity="0">
							<lines>
							</lines>
						</method>
						<method name="&lt;init&gt;" signature="()V" line-rate="1.0" branch-rate="1.0" complexity="0">
							<lines>
								<line number="45" hits="2" branch="false"/>
								<line number="47" hits="2" branch="false"/>
								<line number="52" hits="2" branch="false"/>
								<line number="53" hits="2" branch="false"/>
							</lines>
						</method>
						<method name="access$0" signature="()Lcom/alibaba/dubbo/common/logger/Logger;" line-rate="1.0" branch-rate="1.0" complexity="0">
							<lines>
								<line number="49" hits="2" branch="false"/>
							</lines>
						</method>
						<method name="disconnect" signature="()V" line-rate="0.0" branch-rate="0.0" complexity="0">
							<lines>
								<line number="191" hits="0" branch="false"/>
								<line number="192" hits="0" branch="true" condition-coverage="0% (0/2)">
									<conditions>
										<condition number="0" type="jump" coverage="0%"/>
									</conditions>
								</line>
								<line number="193" hits="0" branch="false"/>
								<line number="195" hits="0" branch="false"/>
								<line number="196" hits="0" branch="true" condition-coverage="0% (0/4)">
									<conditions>
										<condition number="0" type="jump" coverage="0%"/>
										<condition number="1" type="jump" coverage="0%"/>
									</conditions>
								</line>
								<line number="197" hits="0" branch="true" condition-coverage="0% (0/2)">
									<conditions>
										<condition number="0" type="jump" coverage="0%"/>
									</conditions>
								</line>
								<line number="198" hits="0" branch="false"/>
								<line number="201" hits="0" branch="false"/>
								<line number="202" hits="0" branch="true" condition-coverage="0% (0/4)">
									<conditions>
										<condition number="0" type="jump" coverage="0%"/>
										<condition number="1" type="jump" coverage="0%"/>
									</conditions>
								</line>
								<line number="203" hits="0" branch="true" condition-coverage="0% (0/2)">
									<conditions>
										<condition number="0" type="jump" coverage="0%"/>
									</conditions>
								</line>
								<line number="204" hits="0" branch="false"/>
								<line number="205" hits="0" branch="true" condition-coverage="0% (0/2)">
									<conditions>
										<condition number="0" type="jump" coverage="0%"/>
									</conditions>
								</line>
								<line number="206" hits="0" branch="false"/>
								<line number="210" hits="0" branch="false"/>
							</lines>
						</method>
						<method name="isAvailable" signature="()Z" line-rate="0.0" branch-rate="1.0" complexity="0">
							<lines>
								<line number="56" hits="0" branch="false"/>
							</lines>
						</method>
						<method name="lookup" signature="(Lcom/alibaba/dubbo/common/URL;)Ljava/util/List;" line-rate="0.0" branch-rate="0.0" complexity="0">
							<lines>
								<line number="60" hits="0" branch="false"/>
								<line number="61" hits="0" branch="true" condition-coverage="0% (0/2)">
									<conditions>
										<condition number="0" type="jump" coverage="0%"/>
									</conditions>
								</line>
								<line number="62" hits="0" branch="true" condition-coverage="0% (0/2)">
									<conditions>
										<condition number="0" type="jump" coverage="0%"/>
									</conditions>
								</line>
								<line number="63" hits="0" branch="false"/>
								<line number="66" hits="0" branch="false"/>
							</lines>
						</method>
						<method name="register" signature="(Lcom/alibaba/dubbo/common/URL;)V" line-rate="0.0" branch-rate="0.0" complexity="0">
							<lines>
								<line number="70" hits="0" branch="false"/>
								<line number="71" hits="0" branch="false"/>
								<line number="72" hits="0" branch="true" condition-coverage="0% (0/2)">
									<conditions>
										<condition number="0" type="jump" coverage="0%"/>
									</conditions>
								</line>
								<line number="73" hits="0" branch="false"/>
								<line number="74" hits="0" branch="false"/>
								<line number="76" hits="0" branch="false"/>
								<line number="77" hits="0" branch="false"/>
								<line number="78" hits="0" branch="false"/>
								<line number="79" hits="0" branch="false"/>
							</lines>
						</method>
						<method name="registered" signature="(Lcom/alibaba/dubbo/common/URL;)V" line-rate="0.0" branch-rate="0.0" complexity="0">
							<lines>
								<line number="132" hits="0" branch="true" condition-coverage="0% (0/2)">
									<conditions>
										<condition number="0" type="jump" coverage="0%"/>
									</conditions>
								</line>
								<line number="133" hits="0" branch="false"/>
								<line number="134" hits="0" branch="true" condition-coverage="0% (0/2)">
									<conditions>
										<condition number="0" type="jump" coverage="0%"/>
									</conditions>
								</line>
								<line number="135" hits="0" branch="false"/>
								<line number="136" hits="0" branch="true" condition-coverage="0% (0/2)">
									<conditions>
										<condition number="0" type="jump" coverage="0%"/>
									</conditions>
								</line>
								<line number="137" hits="0" branch="false"/>
								<line number="141" hits="0" branch="false"/>
							</lines>
						</method>
						<method name="subscribe" signature="(Lcom/alibaba/dubbo/common/URL;Lcom/alibaba/dubbo/registry/NotifyListener;)V" line-rate="0.0" branch-rate="0.0" complexity="0">
							<lines>
								<line number="92" hits="0" branch="true" condition-coverage="0% (0/2)">
									<conditions>
										<condition number="0" type="jump" coverage="0%"/>
									</conditions>
								</line>
								<line number="93" hits="0" branch="false"/>
								<line number="94" hits="0" branch="true" condition-coverage="0% (0/4)">
									<conditions>
										<condition number="0" type="jump" coverage="0%"/>
										<condition number="1" type="jump" coverage="0%"/>
									</conditions>
								</line>
								<line number="95" hits="0" branch="true" condition-coverage="0% (0/2)">
									<conditions>
										<condition number="0" type="jump" coverage="0%"/>
									</conditions>
								</line>
								<line number="96" hits="0" branch="false"/>
								<line number="97" hits="0" branch="false"/>
								<line number="100" hits="0" branch="false"/>
								<line number="101" hits="0" branch="false"/>
								<line number="102" hits="0" branch="true" condition-coverage="0% (0/2)">
									<conditions>
										<condition number="0" type="jump" coverage="0%"/>
									</conditions>
								</line>
								<line number="103" hits="0" branch="false"/>
								<line number="104" hits="0" branch="false"/>
								<line number="106" hits="0" branch="false"/>
								<line number="107" hits="0" branch="true" condition-coverage="0% (0/2)">
									<conditions>
										<condition number="0" type="jump" coverage="0%"/>
									</conditions>
								</line>
								<line number="108" hits="0" branch="false"/>
								<line number="109" hits="0" branch="false"/>
								<line number="111" hits="0" branch="false"/>
								<line number="112" hits="0" branch="false"/>
								<line number="113" hits="0" branch="false"/>
								<line number="114" hits="0" branch="false"/>
							</lines>
						</method>
						<method name="subscribed" signature="(Lcom/alibaba/dubbo/common/URL;Lcom/alibaba/dubbo/registry/NotifyListener;)V" line-rate="0.0" branch-rate="0.0" complexity="0">
							<lines>
								<line number="156" hits="0" branch="true" condition-coverage="0% (0/2)">
									<conditions>
										<condition number="0" type="jump" coverage="0%"/>
									</conditions>
								</line>
								<line number="157" hits="0" branch="false"/>
								<line number="179" hits="0" branch="false"/>
								<line number="180" hits="0" branch="false"/>
								<line number="181" hits="0" branch="false"/>
								<line number="183" hits="0" branch="false"/>
								<line number="184" hits="0" branch="false"/>
								<line number="185" hits="0" branch="false"/>
								<line number="188" hits="0" branch="false"/>
							</lines>
						</method>
						<method name="unregister" signature="(Lcom/alibaba/dubbo/common/URL;)V" line-rate="0.0" branch-rate="0.0" complexity="0">
							<lines>
								<line number="82" hits="0" branch="false"/>
								<line number="83" hits="0" branch="false"/>
								<line number="84" hits="0" branch="true" condition-coverage="0% (0/4)">
									<conditions>
										<condition number="0" type="jump" coverage="0%"/>
										<condition number="1" type="jump" coverage="0%"/>
									</conditions>
								</line>
								<line number="85" hits="0" branch="false"/>
								<line number="87" hits="0" branch="false"/>
								<line number="88" hits="0" branch="false"/>
								<line number="89" hits="0" branch="false"/>
							</lines>
						</method>
						<method name="unregistered" signature="(Lcom/alibaba/dubbo/common/URL;)V" line-rate="0.0" branch-rate="0.0" complexity="0">
							<lines>
								<line number="144" hits="0" branch="true" condition-coverage="0% (0/2)">
									<conditions>
										<condition number="0" type="jump" coverage="0%"/>
									</conditions>
								</line>
								<line number="145" hits="0" branch="false"/>
								<line number="146" hits="0" branch="true" condition-coverage="0% (0/2)">
									<conditions>
										<condition number="0" type="jump" coverage="0%"/>
									</conditions>
								</line>
								<line number="147" hits="0" branch="false"/>
								<line number="148" hits="0" branch="true" condition-coverage="0% (0/2)">
									<conditions>
										<condition number="0" type="jump" coverage="0%"/>
									</conditions>
								</line>
								<line number="149" hits="0" branch="false"/>
								<line number="153" hits="0" branch="false"/>
							</lines>
						</method>
						<method name="unsubscribe" signature="(Lcom/alibaba/dubbo/common/URL;Lcom/alibaba/dubbo/registry/NotifyListener;)V" line-rate="0.0" branch-rate="0.0" complexity="0">
							<lines>
								<line number="117" hits="0" branch="true" condition-coverage="0% (0/2)">
									<conditions>
										<condition number="0" type="jump" coverage="0%"/>
									</conditions>
								</line>
								<line number="118" hits="0" branch="true" condition-coverage="0% (0/2)">
									<conditions>
										<condition number="0" type="jump" coverage="0%"/>
									</conditions>
								</line>
								<line number="119" hits="0" branch="false"/>
								<line number="121" hits="0" branch="false"/>
								<line number="122" hits="0" branch="false"/>
								<line number="123" hits="0" branch="true" condition-coverage="0% (0/4)">
									<conditions>
										<condition number="0" type="jump" coverage="0%"/>
										<condition number="1" type="jump" coverage="0%"/>
									</conditions>
								</line>
								<line number="124" hits="0" branch="false"/>
								<line number="125" hits="0" branch="true" condition-coverage="0% (0/4)">
									<conditions>
										<condition number="0" type="jump" coverage="0%"/>
										<condition number="1" type="jump" coverage="0%"/>
									</conditions>
								</line>
								<line number="126" hits="0" branch="false"/>
								<line number="129" hits="0" branch="false"/>
							</lines>
						</method>
					</methods>
					<lines>
						<line number="45" hits="2" branch="false"/>
						<line number="47" hits="2" branch="false"/>
						<line number="49" hits="2" branch="false"/>
						<line number="52" hits="2" branch="false"/>
						<line number="53" hits="2" branch="false"/>
						<line number="56" hits="0" branch="false"/>
						<line number="60" hits="0" branch="false"/>
						<line number="61" hits="0" branch="true" condition-coverage="0% (0/2)">
							<conditions>
								<condition number="0" type="jump" coverage="0%"/>
							</conditions>
						</line>
						<line number="62" hits="0" branch="true" condition-coverage="0% (0/2)">
							<conditions>
								<condition number="0" type="jump" coverage="0%"/>
							</conditions>
						</line>
						<line number="63" hits="0" branch="false"/>
						<line number="66" hits="0" branch="false"/>
						<line number="70" hits="0" branch="false"/>
						<line number="71" hits="0" branch="false"/>
						<line number="72" hits="0" branch="true" condition-coverage="0% (0/2)">
							<conditions>
								<condition number="0" type="jump" coverage="0%"/>
							</conditions>
						</line>
						<line number="73" hits="0" branch="false"/>
						<line number="74" hits="0" branch="false"/>
						<line number="76" hits="0" branch="false"/>
						<line number="77" hits="0" branch="false"/>
						<line number="78" hits="0" branch="false"/>
						<line number="79" hits="0" branch="false"/>
						<line number="82" hits="0" branch="false"/>
						<line number="83" hits="0" branch="false"/>
						<line number="84" hits="0" branch="true" condition-coverage="0% (0/4)">
							<conditions>
								<condition number="0" type="jump" coverage="0%"/>
								<condition number="1" type="jump" coverage="0%"/>
							</conditions>
						</line>
						<line number="85" hits="0" branch="false"/>
						<line number="87" hits="0" branch="false"/>
						<line number="88" hits="0" branch="false"/>
						<line number="89" hits="0" branch="false"/>
						<line number="92" hits="0" branch="true" condition-coverage="0% (0/2)">
							<conditions>
								<condition number="0" type="jump" coverage="0%"/>
							</conditions>
						</line>
						<line number="93" hits="0" branch="false"/>
						<line number="94" hits="0" branch="true" condition-coverage="0% (0/4)">
							<conditions>
								<condition number="0" type="jump" coverage="0%"/>
								<condition number="1" type="jump" coverage="0%"/>
							</conditions>
						</line>
						<line number="95" hits="0" branch="true" condition-coverage="0% (0/2)">
							<conditions>
								<condition number="0" type="jump" coverage="0%"/>
							</conditions>
						</line>
						<line number="96" hits="0" branch="false"/>
						<line number="97" hits="0" branch="false"/>
						<line number="100" hits="0" branch="false"/>
						<line number="101" hits="0" branch="false"/>
						<line number="102" hits="0" branch="true" condition-coverage="0% (0/2)">
							<conditions>
								<condition number="0" type="jump" coverage="0%"/>
							</conditions>
						</line>
						<line number="103" hits="0" branch="false"/>
						<line number="104" hits="0" branch="false"/>
						<line number="106" hits="0" branch="false"/>
						<line number="107" hits="0" branch="true" condition-coverage="0% (0/2)">
							<conditions>
								<condition number="0" type="jump" coverage="0%"/>
							</conditions>
						</line>
						<line number="108" hits="0" branch="false"/>
						<line number="109" hits="0" branch="false"/>
						<line number="111" hits="0" branch="false"/>
						<line number="112" hits="0" branch="false"/>
						<line number="113" hits="0" branch="false"/>
						<line number="114" hits="0" branch="false"/>
						<line number="117" hits="0" branch="true" condition-coverage="0% (0/2)">
							<conditions>
								<condition number="0" type="jump" coverage="0%"/>
							</conditions>
						</line>
						<line number="118" hits="0" branch="true" condition-coverage="0% (0/2)">
							<conditions>
								<condition number="0" type="jump" coverage="0%"/>
							</conditions>
						</line>
						<line number="119" hits="0" branch="false"/>
						<line number="121" hits="0" branch="false"/>
						<line number="122" hits="0" branch="false"/>
						<line number="123" hits="0" branch="true" condition-coverage="0% (0/4)">
							<conditions>
								<condition number="0" type="jump" coverage="0%"/>
								<condition number="1" type="jump" coverage="0%"/>
							</conditions>
						</line>
						<line number="124" hits="0" branch="false"/>
						<line number="125" hits="0" branch="true" condition-coverage="0% (0/4)">
							<conditions>
								<condition number="0" type="jump" coverage="0%"/>
								<condition number="1" type="jump" coverage="0%"/>
							</conditions>
						</line>
						<line number="126" hits="0" branch="false"/>
						<line number="129" hits="0" branch="false"/>
						<line number="132" hits="0" branch="true" condition-coverage="0% (0/2)">
							<conditions>
								<condition number="0" type="jump" coverage="0%"/>
							</conditions>
						</line>
						<line number="133" hits="0" branch="false"/>
						<line number="134" hits="0" branch="true" condition-coverage="0% (0/2)">
							<conditions>
								<condition number="0" type="jump" coverage="0%"/>
							</conditions>
						</line>
						<line number="135" hits="0" branch="false"/>
						<line number="136" hits="0" branch="true" condition-coverage="0% (0/2)">
							<conditions>
								<condition number="0" type="jump" coverage="0%"/>
							</conditions>
						</line>
						<line number="137" hits="0" branch="false"/>
						<line number="141" hits="0" branch="false"/>
						<line number="144" hits="0" branch="true" condition-coverage="0% (0/2)">
							<conditions>
								<condition number="0" type="jump" coverage="0%"/>
							</conditions>
						</line>
						<line number="145" hits="0" branch="false"/>
						<line number="146" hits="0" branch="true" condition-coverage="0% (0/2)">
							<conditions>
								<condition number="0" type="jump" coverage="0%"/>
							</conditions>
						</line>
						<line number="147" hits="0" branch="false"/>
						<line number="148" hits="0" branch="true" condition-coverage="0% (0/2)">
							<conditions>
								<condition number="0" type="jump" coverage="0%"/>
							</conditions>
						</line>
						<line number="149" hits="0" branch="false"/>
						<line number="153" hits="0" branch="false"/>
						<line number="156" hits="0" branch="true" condition-coverage="0% (0/2)">
							<conditions>
								<condition number="0" type="jump" coverage="0%"/>
							</conditions>
						</line>
						<line number="157" hits="0" branch="false"/>
						<line number="179" hits="0" branch="false"/>
						<line number="180" hits="0" branch="false"/>
						<line number="181" hits="0" branch="false"/>
						<line number="183" hits="0" branch="false"/>
						<line number="184" hits="0" branch="false"/>
						<line number="185" hits="0" branch="false"/>
						<line number="188" hits="0" branch="false"/>
						<line number="191" hits="0" branch="false"/>
						<line number="192" hits="0" branch="true" condition-coverage="0% (0/2)">
							<conditions>
								<condition number="0" type="jump" coverage="0%"/>
							</conditions>
						</line>
						<line number="193" hits="0" branch="false"/>
						<line number="195" hits="0" branch="false"/>
						<line number="196" hits="0" branch="true" condition-coverage="0% (0/4)">
							<conditions>
								<condition number="0" type="jump" coverage="0%"/>
								<condition number="1" type="jump" coverage="0%"/>
							</conditions>
						</line>
						<line number="197" hits="0" branch="true" condition-coverage="0% (0/2)">
							<conditions>
								<condition number="0" type="jump" coverage="0%"/>
							</conditions>
						</line>
						<line number="198" hits="0" branch="false"/>
						<line number="201" hits="0" branch="false"/>
						<line number="202" hits="0" branch="true" condition-coverage="0% (0/4)">
							<conditions>
								<condition number="0" type="jump" coverage="0%"/>
								<condition number="1" type="jump" coverage="0%"/>
							</conditions>
						</line>
						<line number="203" hits="0" branch="true" condition-coverage="0% (0/2)">
							<conditions>
								<condition number="0" type="jump" coverage="0%"/>
							</conditions>
						</line>
						<line number="204" hits="0" branch="false"/>
						<line number="205" hits="0" branch="true" condition-coverage="0% (0/2)">
							<conditions>
								<condition number="0" type="jump" coverage="0%"/>
							</conditions>
						</line>
						<line number="206" hits="0" branch="false"/>
						<line number="210" hits="0" branch="false"/>
					</lines>
				</class>
				<class name="com.alibaba.dubbo.registry.simple.SimpleRegistryService$1" filename="com/alibaba/dubbo/registry/simple/SimpleRegistryService.java" line-rate="0.0" branch-rate="0.0" complexity="4.166666666666667">
					<methods>
						<method name="&lt;init&gt;" signature="(Lcom/alibaba/dubbo/registry/simple/SimpleRegistryService;Lcom/alibaba/dubbo/common/URL;Lcom/alibaba/dubbo/registry/NotifyListener;)V" line-rate="0.0" branch-rate="1.0" complexity="0">
							<lines>
								<line number="1" hits="0" branch="false"/>
								<line number="157" hits="0" branch="false"/>
							</lines>
						</method>
						<method name="run" signature="()V" line-rate="0.0" branch-rate="0.0" complexity="0">
							<lines>
								<line number="159" hits="0" branch="false"/>
								<line number="160" hits="0" branch="true" condition-coverage="0% (0/2)">
									<conditions>
										<condition number="0" type="jump" coverage="0%"/>
									</conditions>
								</line>
								<line number="161" hits="0" branch="true" condition-coverage="0% (0/2)">
									<conditions>
										<condition number="0" type="jump" coverage="0%"/>
									</conditions>
								</line>
								<line number="162" hits="0" branch="false"/>
								<line number="163" hits="0" branch="false"/>
								<line number="164" hits="0" branch="true" condition-coverage="0% (0/2)">
									<conditions>
										<condition number="0" type="jump" coverage="0%"/>
									</conditions>
								</line>
								<line number="165" hits="0" branch="false"/>
								<line number="166" hits="0" branch="false"/>
								<line number="168" hits="0" branch="false"/>
								<line number="171" hits="0" branch="true" condition-coverage="0% (0/2)">
									<conditions>
										<condition number="0" type="jump" coverage="0%"/>
									</conditions>
								</line>
								<line number="173" hits="0" branch="false"/>
								<line number="174" hits="0" branch="false"/>
								<line number="175" hits="0" branch="false"/>
								<line number="178" hits="0" branch="false"/>
							</lines>
						</method>
					</methods>
					<lines>
						<line number="1" hits="0" branch="false"/>
						<line number="157" hits="0" branch="false"/>
						<line number="159" hits="0" branch="false"/>
						<line number="160" hits="0" branch="true" condition-coverage="0% (0/2)">
							<conditions>
								<condition number="0" type="jump" coverage="0%"/>
							</conditions>
						</line>
						<line number="161" hits="0" branch="true" condition-coverage="0% (0/2)">
							<conditions>
								<condition number="0" type="jump" coverage="0%"/>
							</conditions>
						</line>
						<line number="162" hits="0" branch="false"/>
						<line number="163" hits="0" branch="false"/>
						<line number="164" hits="0" branch="true" condition-coverage="0% (0/2)">
							<conditions>
								<condition number="0" type="jump" coverage="0%"/>
							</conditions>
						</line>
						<line number="165" hits="0" branch="false"/>
						<line number="166" hits="0" branch="false"/>
						<line number="168" hits="0" branch="false"/>
						<line number="171" hits="0" branch="true" condition-coverage="0% (0/2)">
							<conditions>
								<condition number="0" type="jump" coverage="0%"/>
							</conditions>
						</line>
						<line number="173" hits="0" branch="false"/>
						<line number="174" hits="0" branch="false"/>
						<line number="175" hits="0" branch="false"/>
						<line number="178" hits="0" branch="false"/>
					</lines>
				</class>
			</classes>
		</package>
	</packages>
</coverage>
