<?xml version="1.0"?>
<!DOCTYPE coverage SYSTEM "http://cobertura.sourceforge.net/xml/coverage-04.dtd">

<coverage line-rate="0.5638766519823789" branch-rate="0.3805970149253731" lines-covered="128" lines-valid="227" branches-covered="51" branches-valid="134" complexity="4.2592592592592595" version="2.1.1" timestamp="1436190804407">
	<sources>
		<source>--source</source>
		<source>C:/Users/Arturo/git/Alibaba/dubbo/dubbo-registry/dubbo-registry-multicast/src/main/java</source>
	</sources>
	<packages>
		<package name="com.alibaba.dubbo.registry.multicast" line-rate="0.5638766519823789" branch-rate="0.3805970149253731" complexity="4.2592592592592595">
			<classes>
				<class name="com.alibaba.dubbo.registry.multicast.MulticastRegistry" filename="com/alibaba/dubbo/registry/multicast/MulticastRegistry.java" line-rate="0.5517241379310345" branch-rate="0.3671875" complexity="4.384615384615385">
					<methods>
						<method name="&lt;clinit&gt;" signature="()V" line-rate="1.0" branch-rate="1.0" complexity="0">
							<lines>
								<line number="59" hits="2" branch="false"/>
							</lines>
						</method>
						<method name="&lt;init&gt;" signature="(Lcom/alibaba/dubbo/common/URL;)V" line-rate="0.8846153846153846" branch-rate="0.625" complexity="0">
							<lines>
								<line number="67" hits="12" branch="false"/>
								<line number="69" hits="12" branch="false"/>
								<line number="75" hits="12" branch="false"/>
								<line number="78" hits="12" branch="false"/>
								<line number="79" hits="12" branch="true" condition-coverage="50% (1/2)">
									<conditions>
										<condition number="0" type="jump" coverage="50%"/>
									</conditions>
								</line>
								<line number="80" hits="0" branch="false"/>
								<line number="82" hits="12" branch="true" condition-coverage="100% (2/2)">
									<conditions>
										<condition number="0" type="jump" coverage="100%"/>
									</conditions>
								</line>
								<line number="83" hits="2" branch="false"/>
								<line number="86" hits="10" branch="false"/>
								<line number="87" hits="10" branch="true" condition-coverage="50% (1/2)">
									<conditions>
										<condition number="0" type="jump" coverage="50%"/>
									</conditions>
								</line>
								<line number="88" hits="10" branch="false"/>
								<line number="89" hits="10" branch="false"/>
								<line number="90" hits="10" branch="false"/>
								<line number="91" hits="20" branch="false"/>
								<line number="112" hits="10" branch="false"/>
								<line number="113" hits="10" branch="false"/>
								<line number="114" hits="10" branch="false"/>
								<line number="115" hits="10" branch="false"/>
								<line number="116" hits="0" branch="false"/>
								<line number="118" hits="10" branch="false"/>
								<line number="119" hits="10" branch="true" condition-coverage="50% (1/2)">
									<conditions>
										<condition number="0" type="jump" coverage="50%"/>
									</conditions>
								</line>
								<line number="120" hits="20" branch="false"/>
								<line number="128" hits="10" branch="false"/>
								<line number="129" hits="10" branch="false"/>
								<line number="130" hits="0" branch="false"/>
								<line number="132" hits="10" branch="false"/>
							</lines>
						</method>
						<method name="access$0" signature="(Lcom/alibaba/dubbo/registry/multicast/MulticastRegistry;)Ljava/net/MulticastSocket;" line-rate="1.0" branch-rate="1.0" complexity="0">
							<lines>
								<line number="63" hits="137" branch="false"/>
							</lines>
						</method>
						<method name="access$1" signature="(Lcom/alibaba/dubbo/registry/multicast/MulticastRegistry;Ljava/lang/String;Ljava/net/InetSocketAddress;)V" line-rate="1.0" branch-rate="1.0" complexity="0">
							<lines>
								<line number="201" hits="58" branch="false"/>
							</lines>
						</method>
						<method name="access$2" signature="()Lcom/alibaba/dubbo/common/logger/Logger;" line-rate="1.0" branch-rate="1.0" complexity="0">
							<lines>
								<line number="57" hits="2" branch="false"/>
							</lines>
						</method>
						<method name="access$3" signature="(Lcom/alibaba/dubbo/registry/multicast/MulticastRegistry;)V" line-rate="0.0" branch-rate="1.0" complexity="0">
							<lines>
								<line number="146" hits="0" branch="false"/>
							</lines>
						</method>
						<method name="broadcast" signature="(Ljava/lang/String;)V" line-rate="0.875" branch-rate="0.5" complexity="0">
							<lines>
								<line number="233" hits="21" branch="true" condition-coverage="50% (1/2)">
									<conditions>
										<condition number="0" type="jump" coverage="50%"/>
									</conditions>
								</line>
								<line number="234" hits="21" branch="false"/>
								<line number="237" hits="21" branch="false"/>
								<line number="238" hits="21" branch="false"/>
								<line number="239" hits="21" branch="false"/>
								<line number="240" hits="21" branch="false"/>
								<line number="241" hits="0" branch="false"/>
								<line number="243" hits="21" branch="false"/>
							</lines>
						</method>
						<method name="clean" signature="()V" line-rate="0.0" branch-rate="0.0" complexity="0">
							<lines>
								<line number="147" hits="0" branch="true" condition-coverage="0% (0/2)">
									<conditions>
										<condition number="0" type="jump" coverage="0%"/>
									</conditions>
								</line>
								<line number="148" hits="0" branch="true" condition-coverage="0% (0/2)">
									<conditions>
										<condition number="0" type="jump" coverage="0%"/>
									</conditions>
								</line>
								<line number="149" hits="0" branch="true" condition-coverage="0% (0/2)">
									<conditions>
										<condition number="0" type="jump" coverage="0%"/>
									</conditions>
								</line>
								<line number="150" hits="0" branch="true" condition-coverage="0% (0/2)">
									<conditions>
										<condition number="0" type="jump" coverage="0%"/>
									</conditions>
								</line>
								<line number="151" hits="0" branch="true" condition-coverage="0% (0/2)">
									<conditions>
										<condition number="0" type="jump" coverage="0%"/>
									</conditions>
								</line>
								<line number="152" hits="0" branch="false"/>
								<line number="154" hits="0" branch="false"/>
								<line number="159" hits="0" branch="false"/>
							</lines>
						</method>
						<method name="destroy" signature="()V" line-rate="0.8" branch-rate="0.5" complexity="0">
							<lines>
								<line number="296" hits="2" branch="false"/>
								<line number="298" hits="2" branch="true" condition-coverage="50% (1/2)">
									<conditions>
										<condition number="0" type="jump" coverage="50%"/>
									</conditions>
								</line>
								<line number="299" hits="2" branch="false"/>
								<line number="301" hits="2" branch="false"/>
								<line number="302" hits="0" branch="false"/>
								<line number="305" hits="2" branch="false"/>
								<line number="306" hits="2" branch="false"/>
								<line number="307" hits="2" branch="false"/>
								<line number="308" hits="0" branch="false"/>
								<line number="310" hits="2" branch="false"/>
							</lines>
						</method>
						<method name="doRegister" signature="(Lcom/alibaba/dubbo/common/URL;)V" line-rate="1.0" branch-rate="1.0" complexity="0">
							<lines>
								<line number="259" hits="12" branch="false"/>
								<line number="260" hits="12" branch="false"/>
							</lines>
						</method>
						<method name="doSubscribe" signature="(Lcom/alibaba/dubbo/common/URL;Lcom/alibaba/dubbo/registry/NotifyListener;)V" line-rate="0.8571428571428571" branch-rate="0.5" complexity="0">
							<lines>
								<line number="267" hits="2" branch="true" condition-coverage="50% (1/2)">
									<conditions>
										<condition number="0" type="jump" coverage="50%"/>
									</conditions>
								</line>
								<line number="268" hits="0" branch="false"/>
								<line number="270" hits="2" branch="false"/>
								<line number="271" hits="4" branch="false"/>
								<line number="273" hits="2" branch="false"/>
								<line number="274" hits="2" branch="false"/>
								<line number="277" hits="2" branch="false"/>
							</lines>
						</method>
						<method name="doUnregister" signature="(Lcom/alibaba/dubbo/common/URL;)V" line-rate="0.0" branch-rate="1.0" complexity="0">
							<lines>
								<line number="263" hits="0" branch="false"/>
								<line number="264" hits="0" branch="false"/>
							</lines>
						</method>
						<method name="doUnsubscribe" signature="(Lcom/alibaba/dubbo/common/URL;Lcom/alibaba/dubbo/registry/NotifyListener;)V" line-rate="0.0" branch-rate="0.0" complexity="0">
							<lines>
								<line number="280" hits="0" branch="true" condition-coverage="0% (0/2)">
									<conditions>
										<condition number="0" type="jump" coverage="0%"/>
									</conditions>
								</line>
								<line number="281" hits="0" branch="true" condition-coverage="0% (0/2)">
									<conditions>
										<condition number="0" type="jump" coverage="0%"/>
									</conditions>
								</line>
								<line number="282" hits="0" branch="false"/>
								<line number="284" hits="0" branch="false"/>
								<line number="285" hits="0" branch="false"/>
							</lines>
						</method>
						<method name="getMutilcastSocket" signature="()Ljava/net/MulticastSocket;" line-rate="1.0" branch-rate="1.0" complexity="0">
							<lines>
								<line number="416" hits="2" branch="false"/>
							</lines>
						</method>
						<method name="getReceived" signature="()Ljava/util/Map;" line-rate="0.0" branch-rate="1.0" complexity="0">
							<lines>
								<line number="420" hits="0" branch="false"/>
							</lines>
						</method>
						<method name="isAvailable" signature="()Z" line-rate="0.0" branch-rate="0.0" complexity="0">
							<lines>
								<line number="289" hits="0" branch="true" condition-coverage="0% (0/2)">
									<conditions>
										<condition number="0" type="jump" coverage="0%"/>
									</conditions>
								</line>
								<line number="290" hits="0" branch="false"/>
								<line number="291" hits="0" branch="false"/>
							</lines>
						</method>
						<method name="isExpired" signature="(Lcom/alibaba/dubbo/common/URL;)Z" line-rate="0.0" branch-rate="0.0" complexity="0">
							<lines>
								<line number="162" hits="0" branch="true" condition-coverage="0% (0/2)">
									<conditions>
										<condition number="0" type="jump" coverage="0%"/>
									</conditions>
								</line>
								<line number="163" hits="0" branch="true" condition-coverage="0% (0/2)">
									<conditions>
										<condition number="0" type="jump" coverage="0%"/>
									</conditions>
								</line>
								<line number="164" hits="0" branch="true" condition-coverage="0% (0/2)">
									<conditions>
										<condition number="0" type="jump" coverage="0%"/>
									</conditions>
								</line>
								<line number="165" hits="0" branch="true" condition-coverage="0% (0/2)">
									<conditions>
										<condition number="0" type="jump" coverage="0%"/>
									</conditions>
								</line>
								<line number="166" hits="0" branch="true" condition-coverage="0% (0/2)">
									<conditions>
										<condition number="0" type="jump" coverage="0%"/>
									</conditions>
								</line>
								<line number="167" hits="0" branch="false"/>
								<line number="169" hits="0" branch="false"/>
								<line number="171" hits="0" branch="false"/>
								<line number="172" hits="0" branch="false"/>
								<line number="174" hits="0" branch="false"/>
								<line number="175" hits="0" branch="false"/>
								<line number="177" hits="0" branch="false"/>
								<line number="179" hits="0" branch="false"/>
								<line number="180" hits="0" branch="false"/>
								<line number="181" hits="0" branch="false"/>
								<line number="182" hits="0" branch="false"/>
								<line number="183" hits="0" branch="true" condition-coverage="0% (0/2)">
									<conditions>
										<condition number="0" type="jump" coverage="0%"/>
									</conditions>
								</line>
								<line number="185" hits="0" branch="false"/>
								<line number="186" hits="0" branch="false"/>
								<line number="189" hits="0" branch="false"/>
								<line number="190" hits="0" branch="false"/>
								<line number="191" hits="0" branch="true" condition-coverage="0% (0/2)">
									<conditions>
										<condition number="0" type="jump" coverage="0%"/>
									</conditions>
								</line>
								<line number="193" hits="0" branch="false"/>
								<line number="194" hits="0" branch="false"/>
								<line number="197" hits="0" branch="false"/>
								<line number="198" hits="0" branch="false"/>
							</lines>
						</method>
						<method name="isMulticastAddress" signature="(Ljava/lang/String;)Z" line-rate="1.0" branch-rate="0.625" complexity="0">
							<lines>
								<line number="135" hits="12" branch="false"/>
								<line number="136" hits="12" branch="true" condition-coverage="100% (2/2)">
									<conditions>
										<condition number="0" type="jump" coverage="100%"/>
									</conditions>
								</line>
								<line number="137" hits="10" branch="false"/>
								<line number="138" hits="10" branch="true" condition-coverage="50% (1/2)">
									<conditions>
										<condition number="0" type="jump" coverage="50%"/>
									</conditions>
								</line>
								<line number="139" hits="10" branch="false"/>
								<line number="140" hits="10" branch="true" condition-coverage="50% (2/4)">
									<conditions>
										<condition number="0" type="jump" coverage="50%"/>
										<condition number="1" type="jump" coverage="50%"/>
									</conditions>
								</line>
								<line number="143" hits="2" branch="false"/>
							</lines>
						</method>
						<method name="lookup" signature="(Lcom/alibaba/dubbo/common/URL;)Ljava/util/List;" line-rate="0.5" branch-rate="0.32142857142857145" complexity="0">
							<lines>
								<line number="385" hits="2" branch="false"/>
								<line number="386" hits="2" branch="false"/>
								<line number="387" hits="2" branch="true" condition-coverage="50% (2/4)">
									<conditions>
										<condition number="0" type="jump" coverage="50%"/>
										<condition number="1" type="jump" coverage="50%"/>
									</conditions>
								</line>
								<line number="388" hits="6" branch="true" condition-coverage="100% (2/2)">
									<conditions>
										<condition number="0" type="jump" coverage="100%"/>
									</conditions>
								</line>
								<line number="389" hits="2" branch="false"/>
								<line number="392" hits="2" branch="true" condition-coverage="50% (2/4)">
									<conditions>
										<condition number="0" type="jump" coverage="50%"/>
										<condition number="1" type="jump" coverage="50%"/>
									</conditions>
								</line>
								<line number="393" hits="0" branch="false"/>
								<line number="394" hits="0" branch="true" condition-coverage="0% (0/4)">
									<conditions>
										<condition number="0" type="jump" coverage="0%"/>
										<condition number="1" type="jump" coverage="0%"/>
									</conditions>
								</line>
								<line number="395" hits="0" branch="false"/>
								<line number="398" hits="2" branch="true" condition-coverage="50% (2/4)">
									<conditions>
										<condition number="0" type="jump" coverage="50%"/>
										<condition number="1" type="jump" coverage="50%"/>
									</conditions>
								</line>
								<line number="399" hits="0" branch="true" condition-coverage="0% (0/2)">
									<conditions>
										<condition number="0" type="jump" coverage="0%"/>
									</conditions>
								</line>
								<line number="400" hits="0" branch="true" condition-coverage="0% (0/2)">
									<conditions>
										<condition number="0" type="jump" coverage="0%"/>
									</conditions>
								</line>
								<line number="401" hits="0" branch="false"/>
								<line number="405" hits="2" branch="true" condition-coverage="50% (1/2)">
									<conditions>
										<condition number="0" type="jump" coverage="50%"/>
									</conditions>
								</line>
								<line number="406" hits="0" branch="true" condition-coverage="0% (0/2)">
									<conditions>
										<condition number="0" type="jump" coverage="0%"/>
									</conditions>
								</line>
								<line number="407" hits="0" branch="true" condition-coverage="0% (0/2)">
									<conditions>
										<condition number="0" type="jump" coverage="0%"/>
									</conditions>
								</line>
								<line number="408" hits="0" branch="false"/>
								<line number="412" hits="2" branch="false"/>
							</lines>
						</method>
						<method name="receive" signature="(Ljava/lang/String;Ljava/net/InetSocketAddress;)V" line-rate="0.7727272727272727" branch-rate="0.5833333333333334" complexity="0">
							<lines>
								<line number="202" hits="58" branch="true" condition-coverage="50% (1/2)">
									<conditions>
										<condition number="0" type="jump" coverage="50%"/>
									</conditions>
								</line>
								<line number="203" hits="58" branch="false"/>
								<line number="205" hits="58" branch="true" condition-coverage="100% (2/2)">
									<conditions>
										<condition number="0" type="jump" coverage="100%"/>
									</conditions>
								</line>
								<line number="206" hits="51" branch="false"/>
								<line number="207" hits="51" branch="false"/>
								<line number="208" hits="51" branch="true" condition-coverage="50% (1/2)">
									<conditions>
										<condition number="0" type="jump" coverage="50%"/>
									</conditions>
								</line>
								<line number="209" hits="0" branch="false"/>
								<line number="210" hits="0" branch="false"/>
								<line number="211" hits="0" branch="true" condition-coverage="50% (1/2)">
									<conditions>
										<condition number="0" type="jump" coverage="50%"/>
									</conditions>
								</line>
								<line number="212" hits="7" branch="false"/>
								<line number="213" hits="7" branch="false"/>
								<line number="214" hits="7" branch="true" condition-coverage="50% (2/4)">
									<conditions>
										<condition number="0" type="jump" coverage="50%"/>
										<condition number="1" type="jump" coverage="50%"/>
									</conditions>
								</line>
								<line number="215" hits="21" branch="true" condition-coverage="100% (2/2)">
									<conditions>
										<condition number="0" type="jump" coverage="100%"/>
									</conditions>
								</line>
								<line number="216" hits="7" branch="true" condition-coverage="50% (1/2)">
									<conditions>
										<condition number="0" type="jump" coverage="50%"/>
									</conditions>
								</line>
								<line number="217" hits="14" branch="true" condition-coverage="50% (2/4)">
									<conditions>
										<condition number="0" type="jump" coverage="50%"/>
										<condition number="1" type="jump" coverage="50%"/>
									</conditions>
								</line>
								<line number="218" hits="7" branch="false"/>
								<line number="219" hits="7" branch="true" condition-coverage="50% (1/2)">
									<conditions>
										<condition number="0" type="jump" coverage="50%"/>
									</conditions>
								</line>
								<line number="220" hits="7" branch="true" condition-coverage="50% (1/2)">
									<conditions>
										<condition number="0" type="jump" coverage="50%"/>
									</conditions>
								</line>
								<line number="221" hits="0" branch="false"/>
								<line number="222" hits="0" branch="false"/>
								<line number="223" hits="7" branch="false"/>
								<line number="230" hits="58" branch="false"/>
							</lines>
						</method>
						<method name="register" signature="(Lcom/alibaba/dubbo/common/URL;)V" line-rate="1.0" branch-rate="1.0" complexity="0">
							<lines>
								<line number="365" hits="12" branch="false"/>
								<line number="366" hits="12" branch="false"/>
								<line number="367" hits="12" branch="false"/>
							</lines>
						</method>
						<method name="registered" signature="(Lcom/alibaba/dubbo/common/URL;)V" line-rate="1.0" branch-rate="0.875" complexity="0">
							<lines>
								<line number="313" hits="134" branch="true" condition-coverage="100% (2/2)">
									<conditions>
										<condition number="0" type="jump" coverage="100%"/>
									</conditions>
								</line>
								<line number="314" hits="8" branch="false"/>
								<line number="315" hits="8" branch="true" condition-coverage="50% (1/2)">
									<conditions>
										<condition number="0" type="jump" coverage="50%"/>
									</conditions>
								</line>
								<line number="316" hits="8" branch="false"/>
								<line number="317" hits="8" branch="true" condition-coverage="100% (2/2)">
									<conditions>
										<condition number="0" type="jump" coverage="100%"/>
									</conditions>
								</line>
								<line number="318" hits="2" branch="false"/>
								<line number="319" hits="2" branch="false"/>
								<line number="321" hits="8" branch="false"/>
								<line number="322" hits="8" branch="false"/>
								<line number="323" hits="24" branch="true" condition-coverage="100% (2/2)">
									<conditions>
										<condition number="0" type="jump" coverage="100%"/>
									</conditions>
								</line>
								<line number="324" hits="8" branch="false"/>
								<line number="325" hits="16" branch="false"/>
								<line number="326" hits="8" branch="false"/>
								<line number="331" hits="63" branch="false"/>
							</lines>
						</method>
						<method name="subscribe" signature="(Lcom/alibaba/dubbo/common/URL;Lcom/alibaba/dubbo/registry/NotifyListener;)V" line-rate="1.0" branch-rate="1.0" complexity="0">
							<lines>
								<line number="375" hits="2" branch="false"/>
								<line number="376" hits="2" branch="false"/>
								<line number="377" hits="2" branch="false"/>
							</lines>
						</method>
						<method name="subscribed" signature="(Lcom/alibaba/dubbo/common/URL;Lcom/alibaba/dubbo/registry/NotifyListener;)V" line-rate="1.0" branch-rate="1.0" complexity="0">
							<lines>
								<line number="350" hits="2" branch="false"/>
								<line number="351" hits="2" branch="false"/>
								<line number="352" hits="2" branch="false"/>
							</lines>
						</method>
						<method name="toList" signature="(Ljava/util/Set;)Ljava/util/List;" line-rate="1.0" branch-rate="0.6666666666666666" complexity="0">
							<lines>
								<line number="355" hits="8" branch="false"/>
								<line number="356" hits="8" branch="true" condition-coverage="50% (2/4)">
									<conditions>
										<condition number="0" type="jump" coverage="50%"/>
										<condition number="1" type="jump" coverage="50%"/>
									</conditions>
								</line>
								<line number="357" hits="24" branch="true" condition-coverage="100% (2/2)">
									<conditions>
										<condition number="0" type="jump" coverage="100%"/>
									</conditions>
								</line>
								<line number="358" hits="8" branch="false"/>
								<line number="361" hits="8" branch="false"/>
							</lines>
						</method>
						<method name="unicast" signature="(Ljava/lang/String;Ljava/lang/String;)V" line-rate="0.0" branch-rate="0.0" complexity="0">
							<lines>
								<line number="246" hits="0" branch="true" condition-coverage="0% (0/2)">
									<conditions>
										<condition number="0" type="jump" coverage="0%"/>
									</conditions>
								</line>
								<line number="247" hits="0" branch="false"/>
								<line number="250" hits="0" branch="false"/>
								<line number="251" hits="0" branch="false"/>
								<line number="252" hits="0" branch="false"/>
								<line number="253" hits="0" branch="false"/>
								<line number="254" hits="0" branch="false"/>
								<line number="256" hits="0" branch="false"/>
							</lines>
						</method>
						<method name="unregister" signature="(Lcom/alibaba/dubbo/common/URL;)V" line-rate="0.0" branch-rate="1.0" complexity="0">
							<lines>
								<line number="370" hits="0" branch="false"/>
								<line number="371" hits="0" branch="false"/>
								<line number="372" hits="0" branch="false"/>
							</lines>
						</method>
						<method name="unregistered" signature="(Lcom/alibaba/dubbo/common/URL;)V" line-rate="0.0" branch-rate="0.0" complexity="0">
							<lines>
								<line number="334" hits="0" branch="true" condition-coverage="0% (0/2)">
									<conditions>
										<condition number="0" type="jump" coverage="0%"/>
									</conditions>
								</line>
								<line number="335" hits="0" branch="false"/>
								<line number="336" hits="0" branch="true" condition-coverage="0% (0/2)">
									<conditions>
										<condition number="0" type="jump" coverage="0%"/>
									</conditions>
								</line>
								<line number="337" hits="0" branch="false"/>
								<line number="338" hits="0" branch="true" condition-coverage="0% (0/2)">
									<conditions>
										<condition number="0" type="jump" coverage="0%"/>
									</conditions>
								</line>
								<line number="339" hits="0" branch="false"/>
								<line number="341" hits="0" branch="false"/>
								<line number="342" hits="0" branch="true" condition-coverage="0% (0/2)">
									<conditions>
										<condition number="0" type="jump" coverage="0%"/>
									</conditions>
								</line>
								<line number="343" hits="0" branch="false"/>
								<line number="347" hits="0" branch="false"/>
							</lines>
						</method>
						<method name="unsubscribe" signature="(Lcom/alibaba/dubbo/common/URL;Lcom/alibaba/dubbo/registry/NotifyListener;)V" line-rate="0.0" branch-rate="1.0" complexity="0">
							<lines>
								<line number="380" hits="0" branch="false"/>
								<line number="381" hits="0" branch="false"/>
								<line number="382" hits="0" branch="false"/>
							</lines>
						</method>
					</methods>
					<lines>
						<line number="57" hits="2" branch="false"/>
						<line number="59" hits="2" branch="false"/>
						<line number="63" hits="137" branch="false"/>
						<line number="67" hits="12" branch="false"/>
						<line number="69" hits="12" branch="false"/>
						<line number="75" hits="12" branch="false"/>
						<line number="78" hits="12" branch="false"/>
						<line number="79" hits="12" branch="true" condition-coverage="50% (1/2)">
							<conditions>
								<condition number="0" type="jump" coverage="50%"/>
							</conditions>
						</line>
						<line number="80" hits="0" branch="false"/>
						<line number="82" hits="12" branch="true" condition-coverage="100% (2/2)">
							<conditions>
								<condition number="0" type="jump" coverage="100%"/>
							</conditions>
						</line>
						<line number="83" hits="2" branch="false"/>
						<line number="86" hits="10" branch="false"/>
						<line number="87" hits="10" branch="true" condition-coverage="50% (1/2)">
							<conditions>
								<condition number="0" type="jump" coverage="50%"/>
							</conditions>
						</line>
						<line number="88" hits="10" branch="false"/>
						<line number="89" hits="10" branch="false"/>
						<line number="90" hits="10" branch="false"/>
						<line number="91" hits="20" branch="false"/>
						<line number="112" hits="10" branch="false"/>
						<line number="113" hits="10" branch="false"/>
						<line number="114" hits="10" branch="false"/>
						<line number="115" hits="10" branch="false"/>
						<line number="116" hits="0" branch="false"/>
						<line number="118" hits="10" branch="false"/>
						<line number="119" hits="10" branch="true" condition-coverage="50% (1/2)">
							<conditions>
								<condition number="0" type="jump" coverage="50%"/>
							</conditions>
						</line>
						<line number="120" hits="20" branch="false"/>
						<line number="128" hits="10" branch="false"/>
						<line number="129" hits="10" branch="false"/>
						<line number="130" hits="0" branch="false"/>
						<line number="132" hits="10" branch="false"/>
						<line number="135" hits="12" branch="false"/>
						<line number="136" hits="12" branch="true" condition-coverage="100% (2/2)">
							<conditions>
								<condition number="0" type="jump" coverage="100%"/>
							</conditions>
						</line>
						<line number="137" hits="10" branch="false"/>
						<line number="138" hits="10" branch="true" condition-coverage="50% (1/2)">
							<conditions>
								<condition number="0" type="jump" coverage="50%"/>
							</conditions>
						</line>
						<line number="139" hits="10" branch="false"/>
						<line number="140" hits="10" branch="true" condition-coverage="50% (2/4)">
							<conditions>
								<condition number="0" type="jump" coverage="50%"/>
								<condition number="1" type="jump" coverage="50%"/>
							</conditions>
						</line>
						<line number="143" hits="2" branch="false"/>
						<line number="146" hits="0" branch="false"/>
						<line number="147" hits="0" branch="true" condition-coverage="0% (0/2)">
							<conditions>
								<condition number="0" type="jump" coverage="0%"/>
							</conditions>
						</line>
						<line number="148" hits="0" branch="true" condition-coverage="0% (0/2)">
							<conditions>
								<condition number="0" type="jump" coverage="0%"/>
							</conditions>
						</line>
						<line number="149" hits="0" branch="true" condition-coverage="0% (0/2)">
							<conditions>
								<condition number="0" type="jump" coverage="0%"/>
							</conditions>
						</line>
						<line number="150" hits="0" branch="true" condition-coverage="0% (0/2)">
							<conditions>
								<condition number="0" type="jump" coverage="0%"/>
							</conditions>
						</line>
						<line number="151" hits="0" branch="true" condition-coverage="0% (0/2)">
							<conditions>
								<condition number="0" type="jump" coverage="0%"/>
							</conditions>
						</line>
						<line number="152" hits="0" branch="false"/>
						<line number="154" hits="0" branch="false"/>
						<line number="159" hits="0" branch="false"/>
						<line number="162" hits="0" branch="true" condition-coverage="0% (0/2)">
							<conditions>
								<condition number="0" type="jump" coverage="0%"/>
							</conditions>
						</line>
						<line number="163" hits="0" branch="true" condition-coverage="0% (0/2)">
							<conditions>
								<condition number="0" type="jump" coverage="0%"/>
							</conditions>
						</line>
						<line number="164" hits="0" branch="true" condition-coverage="0% (0/2)">
							<conditions>
								<condition number="0" type="jump" coverage="0%"/>
							</conditions>
						</line>
						<line number="165" hits="0" branch="true" condition-coverage="0% (0/2)">
							<conditions>
								<condition number="0" type="jump" coverage="0%"/>
							</conditions>
						</line>
						<line number="166" hits="0" branch="true" condition-coverage="0% (0/2)">
							<conditions>
								<condition number="0" type="jump" coverage="0%"/>
							</conditions>
						</line>
						<line number="167" hits="0" branch="false"/>
						<line number="169" hits="0" branch="false"/>
						<line number="171" hits="0" branch="false"/>
						<line number="172" hits="0" branch="false"/>
						<line number="174" hits="0" branch="false"/>
						<line number="175" hits="0" branch="false"/>
						<line number="177" hits="0" branch="false"/>
						<line number="179" hits="0" branch="false"/>
						<line number="180" hits="0" branch="false"/>
						<line number="181" hits="0" branch="false"/>
						<line number="182" hits="0" branch="false"/>
						<line number="183" hits="0" branch="true" condition-coverage="0% (0/2)">
							<conditions>
								<condition number="0" type="jump" coverage="0%"/>
							</conditions>
						</line>
						<line number="185" hits="0" branch="false"/>
						<line number="186" hits="0" branch="false"/>
						<line number="189" hits="0" branch="false"/>
						<line number="190" hits="0" branch="false"/>
						<line number="191" hits="0" branch="true" condition-coverage="0% (0/2)">
							<conditions>
								<condition number="0" type="jump" coverage="0%"/>
							</conditions>
						</line>
						<line number="193" hits="0" branch="false"/>
						<line number="194" hits="0" branch="false"/>
						<line number="197" hits="0" branch="false"/>
						<line number="198" hits="0" branch="false"/>
						<line number="201" hits="58" branch="false"/>
						<line number="202" hits="58" branch="true" condition-coverage="50% (1/2)">
							<conditions>
								<condition number="0" type="jump" coverage="50%"/>
							</conditions>
						</line>
						<line number="203" hits="58" branch="false"/>
						<line number="205" hits="58" branch="true" condition-coverage="100% (2/2)">
							<conditions>
								<condition number="0" type="jump" coverage="100%"/>
							</conditions>
						</line>
						<line number="206" hits="51" branch="false"/>
						<line number="207" hits="51" branch="false"/>
						<line number="208" hits="51" branch="true" condition-coverage="50% (1/2)">
							<conditions>
								<condition number="0" type="jump" coverage="50%"/>
							</conditions>
						</line>
						<line number="209" hits="0" branch="false"/>
						<line number="210" hits="0" branch="false"/>
						<line number="211" hits="0" branch="true" condition-coverage="50% (1/2)">
							<conditions>
								<condition number="0" type="jump" coverage="50%"/>
							</conditions>
						</line>
						<line number="212" hits="7" branch="false"/>
						<line number="213" hits="7" branch="false"/>
						<line number="214" hits="7" branch="true" condition-coverage="50% (2/4)">
							<conditions>
								<condition number="0" type="jump" coverage="50%"/>
								<condition number="1" type="jump" coverage="50%"/>
							</conditions>
						</line>
						<line number="215" hits="21" branch="true" condition-coverage="100% (2/2)">
							<conditions>
								<condition number="0" type="jump" coverage="100%"/>
							</conditions>
						</line>
						<line number="216" hits="7" branch="true" condition-coverage="50% (1/2)">
							<conditions>
								<condition number="0" type="jump" coverage="50%"/>
							</conditions>
						</line>
						<line number="217" hits="14" branch="true" condition-coverage="50% (2/4)">
							<conditions>
								<condition number="0" type="jump" coverage="50%"/>
								<condition number="1" type="jump" coverage="50%"/>
							</conditions>
						</line>
						<line number="218" hits="7" branch="false"/>
						<line number="219" hits="7" branch="true" condition-coverage="50% (1/2)">
							<conditions>
								<condition number="0" type="jump" coverage="50%"/>
							</conditions>
						</line>
						<line number="220" hits="7" branch="true" condition-coverage="50% (1/2)">
							<conditions>
								<condition number="0" type="jump" coverage="50%"/>
							</conditions>
						</line>
						<line number="221" hits="0" branch="false"/>
						<line number="222" hits="0" branch="false"/>
						<line number="223" hits="7" branch="false"/>
						<line number="230" hits="58" branch="false"/>
						<line number="233" hits="21" branch="true" condition-coverage="50% (1/2)">
							<conditions>
								<condition number="0" type="jump" coverage="50%"/>
							</conditions>
						</line>
						<line number="234" hits="21" branch="false"/>
						<line number="237" hits="21" branch="false"/>
						<line number="238" hits="21" branch="false"/>
						<line number="239" hits="21" branch="false"/>
						<line number="240" hits="21" branch="false"/>
						<line number="241" hits="0" branch="false"/>
						<line number="243" hits="21" branch="false"/>
						<line number="246" hits="0" branch="true" condition-coverage="0% (0/2)">
							<conditions>
								<condition number="0" type="jump" coverage="0%"/>
							</conditions>
						</line>
						<line number="247" hits="0" branch="false"/>
						<line number="250" hits="0" branch="false"/>
						<line number="251" hits="0" branch="false"/>
						<line number="252" hits="0" branch="false"/>
						<line number="253" hits="0" branch="false"/>
						<line number="254" hits="0" branch="false"/>
						<line number="256" hits="0" branch="false"/>
						<line number="259" hits="12" branch="false"/>
						<line number="260" hits="12" branch="false"/>
						<line number="263" hits="0" branch="false"/>
						<line number="264" hits="0" branch="false"/>
						<line number="267" hits="2" branch="true" condition-coverage="50% (1/2)">
							<conditions>
								<condition number="0" type="jump" coverage="50%"/>
							</conditions>
						</line>
						<line number="268" hits="0" branch="false"/>
						<line number="270" hits="2" branch="false"/>
						<line number="271" hits="4" branch="false"/>
						<line number="273" hits="2" branch="false"/>
						<line number="274" hits="2" branch="false"/>
						<line number="277" hits="2" branch="false"/>
						<line number="280" hits="0" branch="true" condition-coverage="0% (0/2)">
							<conditions>
								<condition number="0" type="jump" coverage="0%"/>
							</conditions>
						</line>
						<line number="281" hits="0" branch="true" condition-coverage="0% (0/2)">
							<conditions>
								<condition number="0" type="jump" coverage="0%"/>
							</conditions>
						</line>
						<line number="282" hits="0" branch="false"/>
						<line number="284" hits="0" branch="false"/>
						<line number="285" hits="0" branch="false"/>
						<line number="289" hits="0" branch="true" condition-coverage="0% (0/2)">
							<conditions>
								<condition number="0" type="jump" coverage="0%"/>
							</conditions>
						</line>
						<line number="290" hits="0" branch="false"/>
						<line number="291" hits="0" branch="false"/>
						<line number="296" hits="2" branch="false"/>
						<line number="298" hits="2" branch="true" condition-coverage="50% (1/2)">
							<conditions>
								<condition number="0" type="jump" coverage="50%"/>
							</conditions>
						</line>
						<line number="299" hits="2" branch="false"/>
						<line number="301" hits="2" branch="false"/>
						<line number="302" hits="0" branch="false"/>
						<line number="305" hits="2" branch="false"/>
						<line number="306" hits="2" branch="false"/>
						<line number="307" hits="2" branch="false"/>
						<line number="308" hits="0" branch="false"/>
						<line number="310" hits="2" branch="false"/>
						<line number="313" hits="134" branch="true" condition-coverage="100% (2/2)">
							<conditions>
								<condition number="0" type="jump" coverage="100%"/>
							</conditions>
						</line>
						<line number="314" hits="8" branch="false"/>
						<line number="315" hits="8" branch="true" condition-coverage="50% (1/2)">
							<conditions>
								<condition number="0" type="jump" coverage="50%"/>
							</conditions>
						</line>
						<line number="316" hits="8" branch="false"/>
						<line number="317" hits="8" branch="true" condition-coverage="100% (2/2)">
							<conditions>
								<condition number="0" type="jump" coverage="100%"/>
							</conditions>
						</line>
						<line number="318" hits="2" branch="false"/>
						<line number="319" hits="2" branch="false"/>
						<line number="321" hits="8" branch="false"/>
						<line number="322" hits="8" branch="false"/>
						<line number="323" hits="24" branch="true" condition-coverage="100% (2/2)">
							<conditions>
								<condition number="0" type="jump" coverage="100%"/>
							</conditions>
						</line>
						<line number="324" hits="8" branch="false"/>
						<line number="325" hits="16" branch="false"/>
						<line number="326" hits="8" branch="false"/>
						<line number="331" hits="63" branch="false"/>
						<line number="334" hits="0" branch="true" condition-coverage="0% (0/2)">
							<conditions>
								<condition number="0" type="jump" coverage="0%"/>
							</conditions>
						</line>
						<line number="335" hits="0" branch="false"/>
						<line number="336" hits="0" branch="true" condition-coverage="0% (0/2)">
							<conditions>
								<condition number="0" type="jump" coverage="0%"/>
							</conditions>
						</line>
						<line number="337" hits="0" branch="false"/>
						<line number="338" hits="0" branch="true" condition-coverage="0% (0/2)">
							<conditions>
								<condition number="0" type="jump" coverage="0%"/>
							</conditions>
						</line>
						<line number="339" hits="0" branch="false"/>
						<line number="341" hits="0" branch="false"/>
						<line number="342" hits="0" branch="true" condition-coverage="0% (0/2)">
							<conditions>
								<condition number="0" type="jump" coverage="0%"/>
							</conditions>
						</line>
						<line number="343" hits="0" branch="false"/>
						<line number="347" hits="0" branch="false"/>
						<line number="350" hits="2" branch="false"/>
						<line number="351" hits="2" branch="false"/>
						<line number="352" hits="2" branch="false"/>
						<line number="355" hits="8" branch="false"/>
						<line number="356" hits="8" branch="true" condition-coverage="50% (2/4)">
							<conditions>
								<condition number="0" type="jump" coverage="50%"/>
								<condition number="1" type="jump" coverage="50%"/>
							</conditions>
						</line>
						<line number="357" hits="24" branch="true" condition-coverage="100% (2/2)">
							<conditions>
								<condition number="0" type="jump" coverage="100%"/>
							</conditions>
						</line>
						<line number="358" hits="8" branch="false"/>
						<line number="361" hits="8" branch="false"/>
						<line number="365" hits="12" branch="false"/>
						<line number="366" hits="12" branch="false"/>
						<line number="367" hits="12" branch="false"/>
						<line number="370" hits="0" branch="false"/>
						<line number="371" hits="0" branch="false"/>
						<line number="372" hits="0" branch="false"/>
						<line number="375" hits="2" branch="false"/>
						<line number="376" hits="2" branch="false"/>
						<line number="377" hits="2" branch="false"/>
						<line number="380" hits="0" branch="false"/>
						<line number="381" hits="0" branch="false"/>
						<line number="382" hits="0" branch="false"/>
						<line number="385" hits="2" branch="false"/>
						<line number="386" hits="2" branch="false"/>
						<line number="387" hits="2" branch="true" condition-coverage="50% (2/4)">
							<conditions>
								<condition number="0" type="jump" coverage="50%"/>
								<condition number="1" type="jump" coverage="50%"/>
							</conditions>
						</line>
						<line number="388" hits="6" branch="true" condition-coverage="100% (2/2)">
							<conditions>
								<condition number="0" type="jump" coverage="100%"/>
							</conditions>
						</line>
						<line number="389" hits="2" branch="false"/>
						<line number="392" hits="2" branch="true" condition-coverage="50% (2/4)">
							<conditions>
								<condition number="0" type="jump" coverage="50%"/>
								<condition number="1" type="jump" coverage="50%"/>
							</conditions>
						</line>
						<line number="393" hits="0" branch="false"/>
						<line number="394" hits="0" branch="true" condition-coverage="0% (0/4)">
							<conditions>
								<condition number="0" type="jump" coverage="0%"/>
								<condition number="1" type="jump" coverage="0%"/>
							</conditions>
						</line>
						<line number="395" hits="0" branch="false"/>
						<line number="398" hits="2" branch="true" condition-coverage="50% (2/4)">
							<conditions>
								<condition number="0" type="jump" coverage="50%"/>
								<condition number="1" type="jump" coverage="50%"/>
							</conditions>
						</line>
						<line number="399" hits="0" branch="true" condition-coverage="0% (0/2)">
							<conditions>
								<condition number="0" type="jump" coverage="0%"/>
							</conditions>
						</line>
						<line number="400" hits="0" branch="true" condition-coverage="0% (0/2)">
							<conditions>
								<condition number="0" type="jump" coverage="0%"/>
							</conditions>
						</line>
						<line number="401" hits="0" branch="false"/>
						<line number="405" hits="2" branch="true" condition-coverage="50% (1/2)">
							<conditions>
								<condition number="0" type="jump" coverage="50%"/>
							</conditions>
						</line>
						<line number="406" hits="0" branch="true" condition-coverage="0% (0/2)">
							<conditions>
								<condition number="0" type="jump" coverage="0%"/>
							</conditions>
						</line>
						<line number="407" hits="0" branch="true" condition-coverage="0% (0/2)">
							<conditions>
								<condition number="0" type="jump" coverage="0%"/>
							</conditions>
						</line>
						<line number="408" hits="0" branch="false"/>
						<line number="412" hits="2" branch="false"/>
						<line number="416" hits="2" branch="false"/>
						<line number="420" hits="0" branch="false"/>
					</lines>
				</class>
				<class name="com.alibaba.dubbo.registry.multicast.MulticastRegistry$1" filename="com/alibaba/dubbo/registry/multicast/MulticastRegistry.java" line-rate="0.875" branch-rate="0.6666666666666666" complexity="4.384615384615385">
					<methods>
						<method name="&lt;init&gt;" signature="(Lcom/alibaba/dubbo/registry/multicast/MulticastRegistry;)V" line-rate="1.0" branch-rate="1.0" complexity="0">
							<lines>
								<line number="1" hits="10" branch="false"/>
								<line number="91" hits="10" branch="false"/>
							</lines>
						</method>
						<method name="run" signature="()V" line-rate="0.8571428571428571" branch-rate="0.6666666666666666" complexity="0">
							<lines>
								<line number="93" hits="10" branch="false"/>
								<line number="94" hits="10" branch="false"/>
								<line number="95" hits="79" branch="true" condition-coverage="100% (2/2)">
									<conditions>
										<condition number="0" type="jump" coverage="100%"/>
									</conditions>
								</line>
								<line number="97" hits="67" branch="false"/>
								<line number="98" hits="58" branch="false"/>
								<line number="99" hits="58" branch="false"/>
								<line number="100" hits="58" branch="true" condition-coverage="50% (1/2)">
									<conditions>
										<condition number="0" type="jump" coverage="50%"/>
									</conditions>
								</line>
								<line number="101" hits="0" branch="false"/>
								<line number="103" hits="58" branch="false"/>
								<line number="104" hits="58" branch="false"/>
								<line number="105" hits="58" branch="false"/>
								<line number="106" hits="1" branch="true" condition-coverage="50% (1/2)">
									<conditions>
										<condition number="0" type="jump" coverage="50%"/>
									</conditions>
								</line>
								<line number="107" hits="0" branch="false"/>
								<line number="111" hits="2" branch="false"/>
							</lines>
						</method>
					</methods>
					<lines>
						<line number="1" hits="10" branch="false"/>
						<line number="91" hits="10" branch="false"/>
						<line number="93" hits="10" branch="false"/>
						<line number="94" hits="10" branch="false"/>
						<line number="95" hits="79" branch="true" condition-coverage="100% (2/2)">
							<conditions>
								<condition number="0" type="jump" coverage="100%"/>
							</conditions>
						</line>
						<line number="97" hits="67" branch="false"/>
						<line number="98" hits="58" branch="false"/>
						<line number="99" hits="58" branch="false"/>
						<line number="100" hits="58" branch="true" condition-coverage="50% (1/2)">
							<conditions>
								<condition number="0" type="jump" coverage="50%"/>
							</conditions>
						</line>
						<line number="101" hits="0" branch="false"/>
						<line number="103" hits="58" branch="false"/>
						<line number="104" hits="58" branch="false"/>
						<line number="105" hits="58" branch="false"/>
						<line number="106" hits="1" branch="true" condition-coverage="50% (1/2)">
							<conditions>
								<condition number="0" type="jump" coverage="50%"/>
							</conditions>
						</line>
						<line number="107" hits="0" branch="false"/>
						<line number="111" hits="2" branch="false"/>
					</lines>
				</class>
				<class name="com.alibaba.dubbo.registry.multicast.MulticastRegistry$2" filename="com/alibaba/dubbo/registry/multicast/MulticastRegistry.java" line-rate="0.3333333333333333" branch-rate="1.0" complexity="4.384615384615385">
					<methods>
						<method name="&lt;init&gt;" signature="(Lcom/alibaba/dubbo/registry/multicast/MulticastRegistry;)V" line-rate="1.0" branch-rate="1.0" complexity="0">
							<lines>
								<line number="1" hits="10" branch="false"/>
								<line number="120" hits="10" branch="false"/>
							</lines>
						</method>
						<method name="run" signature="()V" line-rate="0.0" branch-rate="1.0" complexity="0">
							<lines>
								<line number="123" hits="0" branch="false"/>
								<line number="124" hits="0" branch="false"/>
								<line number="125" hits="0" branch="false"/>
								<line number="127" hits="0" branch="false"/>
							</lines>
						</method>
					</methods>
					<lines>
						<line number="1" hits="10" branch="false"/>
						<line number="120" hits="10" branch="false"/>
						<line number="123" hits="0" branch="false"/>
						<line number="124" hits="0" branch="false"/>
						<line number="125" hits="0" branch="false"/>
						<line number="127" hits="0" branch="false"/>
					</lines>
				</class>
				<class name="com.alibaba.dubbo.registry.multicast.MulticastRegistryFactory" filename="com/alibaba/dubbo/registry/multicast/MulticastRegistryFactory.java" line-rate="0.0" branch-rate="1.0" complexity="1.0">
					<methods>
						<method name="&lt;init&gt;" signature="()V" line-rate="0.0" branch-rate="1.0" complexity="0">
							<lines>
								<line number="27" hits="0" branch="false"/>
							</lines>
						</method>
						<method name="createRegistry" signature="(Lcom/alibaba/dubbo/common/URL;)Lcom/alibaba/dubbo/registry/Registry;" line-rate="0.0" branch-rate="1.0" complexity="0">
							<lines>
								<line number="30" hits="0" branch="false"/>
							</lines>
						</method>
					</methods>
					<lines>
						<line number="27" hits="0" branch="false"/>
						<line number="30" hits="0" branch="false"/>
					</lines>
				</class>
			</classes>
		</package>
	</packages>
</coverage>
